[ 2016-12-23T19:55:03+08:00 ] ::1 /meal/
INFO: [ app_init ] --START--
INFO: Run Behavior\BuildLiteBehavior [ RunTime:0.000000s ]
INFO: [ app_init ] --END-- [ RunTime:0.001001s ]
INFO: [ app_begin ] --START--
INFO: Run Behavior\ReadHtmlCacheBehavior [ RunTime:0.001000s ]
INFO: [ app_begin ] --END-- [ RunTime:0.001000s ]

[ 2016-12-23T19:55:03+08:00 ] ::1 /meal/Home/Login/login.html
INFO: [ app_init ] --START--
INFO: Run Behavior\BuildLiteBehavior [ RunTime:0.000000s ]
INFO: [ app_init ] --END-- [ RunTime:0.001000s ]
INFO: [ app_begin ] --START--
INFO: Run Behavior\ReadHtmlCacheBehavior [ RunTime:0.001000s ]
INFO: [ app_begin ] --END-- [ RunTime:0.001000s ]
INFO: [ view_parse ] --START--
INFO: [ template_filter ] --START--
INFO: Run Behavior\ContentReplaceBehavior [ RunTime:0.000000s ]
INFO: [ template_filter ] --END-- [ RunTime:0.000000s ]
INFO: Run Behavior\ParseTemplateBehavior [ RunTime:0.011000s ]
INFO: [ view_parse ] --END-- [ RunTime:0.011000s ]
INFO: [ view_filter ] --START--
INFO: Run Behavior\WriteHtmlCacheBehavior [ RunTime:0.000000s ]
INFO: [ view_filter ] --END-- [ RunTime:0.001000s ]

[ 2016-12-23T19:55:34+08:00 ] ::1 /meal/Home/Login/login.html
INFO: [ app_init ] --START--
INFO: Run Behavior\BuildLiteBehavior [ RunTime:0.000000s ]
INFO: [ app_init ] --END-- [ RunTime:0.001000s ]
INFO: [ app_begin ] --START--
INFO: Run Behavior\ReadHtmlCacheBehavior [ RunTime:0.001000s ]
INFO: [ app_begin ] --END-- [ RunTime:0.001000s ]
SQL: SHOW COLUMNS FROM `meal_system` [ RunTime:0.0020s ]
SQL: SHOW COLUMNS FROM `meal_user` [ RunTime:0.0020s ]
SQL: SELECT * FROM `meal_user` WHERE `username` = 'cb' LIMIT 1   [ RunTime:0.0020s ]
SQL: SELECT id, status, merchantmumber FROM meal_system WHERE id = (SELECT MAX(id) FROM meal_system) [ RunTime:0.0010s ]

[ 2016-12-23T19:55:34+08:00 ] ::1 /meal/Home/Index/merchantMumber.html
INFO: [ app_init ] --START--
INFO: Run Behavior\BuildLiteBehavior [ RunTime:0.000000s ]
INFO: [ app_init ] --END-- [ RunTime:0.000000s ]
INFO: [ app_begin ] --START--
INFO: Run Behavior\ReadHtmlCacheBehavior [ RunTime:0.000000s ]
INFO: [ app_begin ] --END-- [ RunTime:0.000000s ]
SQL: SHOW COLUMNS FROM `meal_system` [ RunTime:0.0020s ]
SQL: SELECT status, merchantmumber FROM meal_system WHERE id = (SELECT MAX(id) FROM meal_system) [ RunTime:0.0010s ]
INFO: [ view_parse ] --START--
INFO: [ template_filter ] --START--
INFO: Run Behavior\ContentReplaceBehavior [ RunTime:0.000000s ]
INFO: [ template_filter ] --END-- [ RunTime:0.000000s ]
INFO: Run Behavior\ParseTemplateBehavior [ RunTime:0.008001s ]
INFO: [ view_parse ] --END-- [ RunTime:0.009001s ]
INFO: [ view_filter ] --START--
INFO: Run Behavior\WriteHtmlCacheBehavior [ RunTime:0.000000s ]
INFO: [ view_filter ] --END-- [ RunTime:0.000000s ]
INFO: [ app_end ] --START--
INFO: Run Behavior\ShowPageTraceBehavior [ RunTime:0.001000s ]
INFO: [ app_end ] --END-- [ RunTime:0.001000s ]

[ 2016-12-23T19:55:46+08:00 ] ::1 /meal/Home/Index/system.html
INFO: [ app_init ] --START--
INFO: Run Behavior\BuildLiteBehavior [ RunTime:0.000000s ]
INFO: [ app_init ] --END-- [ RunTime:0.001000s ]
INFO: [ app_begin ] --START--
INFO: Run Behavior\ReadHtmlCacheBehavior [ RunTime:0.001000s ]
INFO: [ app_begin ] --END-- [ RunTime:0.002000s ]
SQL: SHOW COLUMNS FROM `meal_system` [ RunTime:0.0020s ]
SQL: SELECT status, merchantmumber FROM meal_system WHERE id = (SELECT MAX(id) FROM meal_system) [ RunTime:0.0010s ]
SQL: SELECT MAX(id) AS tp_max FROM `meal_system` LIMIT 1   [ RunTime:0.0010s ]
SQL: SELECT `status` FROM `meal_system` WHERE ( id=54 ) LIMIT 1   [ RunTime:0.0010s ]
SQL: INSERT INTO `meal_system` (`merchantmumber`,`status`,`addtime`,`username`) VALUES ('266327','1','1482494146','cb') [ RunTime:0.0030s ]
INFO: [ view_parse ] --START--
INFO: [ template_filter ] --START--
INFO: Run Behavior\ContentReplaceBehavior [ RunTime:0.000000s ]
INFO: [ template_filter ] --END-- [ RunTime:0.001000s ]
INFO: Run Behavior\ParseTemplateBehavior [ RunTime:0.008000s ]
INFO: [ view_parse ] --END-- [ RunTime:0.008000s ]
INFO: [ view_filter ] --START--
INFO: Run Behavior\WriteHtmlCacheBehavior [ RunTime:0.000000s ]
INFO: [ view_filter ] --END-- [ RunTime:0.001000s ]

[ 2016-12-23T19:55:47+08:00 ] ::1 /meal/Home/Index/index.html
INFO: [ app_init ] --START--
INFO: Run Behavior\BuildLiteBehavior [ RunTime:0.000000s ]
INFO: [ app_init ] --END-- [ RunTime:0.001000s ]
INFO: [ app_begin ] --START--
INFO: Run Behavior\ReadHtmlCacheBehavior [ RunTime:0.000000s ]
INFO: [ app_begin ] --END-- [ RunTime:0.001000s ]
SQL: SHOW COLUMNS FROM `meal_system` [ RunTime:0.0020s ]
SQL: SELECT status, merchantmumber FROM meal_system WHERE id = (SELECT MAX(id) FROM meal_system) [ RunTime:0.0020s ]
SQL: SHOW COLUMNS FROM `meal_user` [ RunTime:0.0020s ]
SQL: SELECT `money` FROM `meal_user` WHERE ( id=1 ) LIMIT 1   [ RunTime:0.0000s ]
SQL: SHOW COLUMNS FROM `meal_orders` [ RunTime:0.0010s ]
NOTIC: [8] Undefined offset: 0 E:\xampp\htdocs\meal\Application\Home\Model\OrdersModel.class.php 第 42 行.
NOTIC: [8] Undefined offset: 0 E:\xampp\htdocs\meal\Application\Home\Model\OrdersModel.class.php 第 42 行.
NOTIC: [8] Undefined offset: 0 E:\xampp\htdocs\meal\Application\Home\Model\OrdersModel.class.php 第 42 行.
NOTIC: [8] Undefined offset: 0 E:\xampp\htdocs\meal\Application\Home\Model\OrdersModel.class.php 第 42 行.
NOTIC: [8] Undefined offset: 0 E:\xampp\htdocs\meal\Application\Home\Model\OrdersModel.class.php 第 42 行.
NOTIC: [8] Undefined offset: 0 E:\xampp\htdocs\meal\Application\Home\Model\OrdersModel.class.php 第 42 行.
NOTIC: [8] Undefined offset: 0 E:\xampp\htdocs\meal\Application\Home\Model\OrdersModel.class.php 第 42 行.
NOTIC: [8] Undefined offset: 0 E:\xampp\htdocs\meal\Application\Home\Model\OrdersModel.class.php 第 42 行.
NOTIC: [8] Undefined offset: 0 E:\xampp\htdocs\meal\Application\Home\Model\OrdersModel.class.php 第 42 行.
NOTIC: [8] Undefined offset: 0 E:\xampp\htdocs\meal\Application\Home\Model\OrdersModel.class.php 第 42 行.
NOTIC: [8] Undefined offset: 0 E:\xampp\htdocs\meal\Application\Home\Model\OrdersModel.class.php 第 42 行.
NOTIC: [8] Undefined offset: 0 E:\xampp\htdocs\meal\Application\Home\Model\OrdersModel.class.php 第 42 行.
NOTIC: [8] Undefined offset: 0 E:\xampp\htdocs\meal\Application\Home\Model\OrdersModel.class.php 第 42 行.
NOTIC: [8] Undefined offset: 0 E:\xampp\htdocs\meal\Application\Home\Model\OrdersModel.class.php 第 42 行.
NOTIC: [8] Undefined offset: 0 E:\xampp\htdocs\meal\Application\Home\Model\OrdersModel.class.php 第 42 行.
NOTIC: [8] Undefined offset: 0 E:\xampp\htdocs\meal\Application\Home\Model\OrdersModel.class.php 第 42 行.
NOTIC: [8] Undefined offset: 0 E:\xampp\htdocs\meal\Application\Home\Model\OrdersModel.class.php 第 42 行.
NOTIC: [8] Undefined offset: 0 E:\xampp\htdocs\meal\Application\Home\Model\OrdersModel.class.php 第 42 行.
NOTIC: [8] Undefined offset: 0 E:\xampp\htdocs\meal\Application\Home\Model\OrdersModel.class.php 第 42 行.
NOTIC: [8] Undefined offset: 0 E:\xampp\htdocs\meal\Application\Home\Model\OrdersModel.class.php 第 42 行.
NOTIC: [8] Undefined offset: 0 E:\xampp\htdocs\meal\Application\Home\Model\OrdersModel.class.php 第 42 行.
NOTIC: [8] Undefined offset: 0 E:\xampp\htdocs\meal\Application\Home\Model\OrdersModel.class.php 第 42 行.
NOTIC: [8] Undefined offset: 0 E:\xampp\htdocs\meal\Application\Home\Model\OrdersModel.class.php 第 42 行.
NOTIC: [8] Undefined offset: 0 E:\xampp\htdocs\meal\Application\Home\Model\OrdersModel.class.php 第 42 行.
NOTIC: [8] Undefined offset: 0 E:\xampp\htdocs\meal\Application\Home\Model\OrdersModel.class.php 第 42 行.
NOTIC: [8] Undefined offset: 0 E:\xampp\htdocs\meal\Application\Home\Model\OrdersModel.class.php 第 42 行.
NOTIC: [8] Undefined offset: 0 E:\xampp\htdocs\meal\Application\Home\Model\OrdersModel.class.php 第 42 行.
NOTIC: [8] Undefined offset: 0 E:\xampp\htdocs\meal\Application\Home\Model\OrdersModel.class.php 第 42 行.
NOTIC: [8] Undefined offset: 0 E:\xampp\htdocs\meal\Application\Home\Model\OrdersModel.class.php 第 42 行.
NOTIC: [8] Undefined offset: 0 E:\xampp\htdocs\meal\Application\Home\Model\OrdersModel.class.php 第 42 行.
NOTIC: [8] Undefined offset: 0 E:\xampp\htdocs\meal\Application\Home\Model\OrdersModel.class.php 第 42 行.
NOTIC: [8] Undefined offset: 0 E:\xampp\htdocs\meal\Application\Home\Model\OrdersModel.class.php 第 42 行.
NOTIC: [8] Undefined offset: 0 E:\xampp\htdocs\meal\Application\Home\Model\OrdersModel.class.php 第 42 行.
NOTIC: [8] Undefined offset: 0 E:\xampp\htdocs\meal\Application\Home\Model\OrdersModel.class.php 第 42 行.
SQL: SELECT MAX(id) AS tp_max FROM `meal_system` LIMIT 1   [ RunTime:0.0010s ]
SQL: SELECT o.id, o.user_id, o.foodname, o.num, o.price, u.username 
        			FROM meal_orders o
        			LEFT JOIN meal_user u ON o.user_id = u.id
        			WHERE system_id = 60 [ RunTime:0.0010s ]
SQL: SELECT MAX(id) AS tp_max FROM `meal_system` LIMIT 1   [ RunTime:0.0020s ]
SQL: SELECT id, foodname, num, user_id, price
        			FROM meal_orders
        			WHERE system_id = 60 [ RunTime:0.0010s ]
SQL: SELECT status FROM meal_system WHERE id = (SELECT MAX(id) FROM meal_system) [ RunTime:0.0010s ]
INFO: [ view_parse ] --START--
INFO: [ template_filter ] --START--
INFO: Run Behavior\ContentReplaceBehavior [ RunTime:0.000000s ]
INFO: [ template_filter ] --END-- [ RunTime:0.000000s ]
NOTIC: [2] Illegal string offset 'data' E:\xampp\htdocs\meal\Runtime\Cache\Home\2a94b8bda04ff446dcedd42276fc99ee.php 第 175 行.
NOTIC: [8] Uninitialized string offset: 0 E:\xampp\htdocs\meal\Runtime\Cache\Home\2a94b8bda04ff446dcedd42276fc99ee.php 第 175 行.
NOTIC: [2] Illegal string offset 'total' E:\xampp\htdocs\meal\Runtime\Cache\Home\2a94b8bda04ff446dcedd42276fc99ee.php 第 183 行.
NOTIC: [8] Uninitialized string offset: 0 E:\xampp\htdocs\meal\Runtime\Cache\Home\2a94b8bda04ff446dcedd42276fc99ee.php 第 183 行.
INFO: Run Behavior\ParseTemplateBehavior [ RunTime:0.034002s ]
INFO: [ view_parse ] --END-- [ RunTime:0.035002s ]
INFO: [ view_filter ] --START--
INFO: Run Behavior\WriteHtmlCacheBehavior [ RunTime:0.001000s ]
INFO: [ view_filter ] --END-- [ RunTime:0.001000s ]
INFO: [ app_end ] --START--
INFO: Run Behavior\ShowPageTraceBehavior [ RunTime:0.000000s ]
INFO: [ app_end ] --END-- [ RunTime:0.001000s ]

