[ 2016-12-31T17:54:23+08:00 ] 192.168.0.175 /meal/index.php/Home/Index/deleteSystem.html
INFO: [ app_init ] --START--
INFO: Run Behavior\BuildLiteBehavior [ RunTime:0.000031s ]
INFO: [ app_init ] --END-- [ RunTime:0.000736s ]
INFO: [ app_begin ] --START--
INFO: Run Behavior\ReadHtmlCacheBehavior [ RunTime:0.000947s ]
INFO: [ app_begin ] --END-- [ RunTime:0.001056s ]
NOTIC: [2] session_start(): Cannot send session cache limiter - headers already sent /data/hunfu/html/meal/ThinkPHP/Common/functions.php 第 1263 行.
SQL: SHOW COLUMNS FROM `meal_system` [ RunTime:0.0006s ]
SQL: SELECT status, merchantmumber FROM meal_system WHERE id = (SELECT MAX(id) FROM meal_system) [ RunTime:0.0000s ]
SQL: SHOW COLUMNS FROM `meal_orders` [ RunTime:0.0004s ]
SQL: SELECT MAX(id) AS tp_max FROM `meal_system` LIMIT 1   [ RunTime:0.0000s ]
SQL: DELETE FROM meal_orders WHERE system_id = 93 [ RunTime:0.0030s ]
SQL: DELETE FROM meal_system WHERE id = 93 [ RunTime:0.0003s ]
NOTIC: [2] Cannot modify header information - headers already sent /data/hunfu/html/meal/ThinkPHP/Library/Think/Controller.class.php 第 215 行.

[ 2016-12-31T17:54:25+08:00 ] 192.168.0.175 /meal/index.php/Home/Index/index.html
INFO: [ app_init ] --START--
INFO: Run Behavior\BuildLiteBehavior [ RunTime:0.000031s ]
INFO: [ app_init ] --END-- [ RunTime:0.000726s ]
INFO: [ app_begin ] --START--
INFO: Run Behavior\ReadHtmlCacheBehavior [ RunTime:0.000958s ]
INFO: [ app_begin ] --END-- [ RunTime:0.001073s ]
SQL: SHOW COLUMNS FROM `meal_system` [ RunTime:0.0005s ]
SQL: SELECT status, merchantmumber FROM meal_system WHERE id = (SELECT MAX(id) FROM meal_system) [ RunTime:0.0001s ]

[ 2016-12-31T17:54:25+08:00 ] 192.168.0.175 /meal/index.php/Home/Index/merchantMumber.html
INFO: [ app_init ] --START--
INFO: Run Behavior\BuildLiteBehavior [ RunTime:0.000008s ]
INFO: [ app_init ] --END-- [ RunTime:0.000188s ]
INFO: [ app_begin ] --START--
INFO: Run Behavior\ReadHtmlCacheBehavior [ RunTime:0.000242s ]
INFO: [ app_begin ] --END-- [ RunTime:0.000271s ]
SQL: SHOW COLUMNS FROM `meal_system` [ RunTime:0.0010s ]
SQL: SELECT status, merchantmumber FROM meal_system WHERE id = (SELECT MAX(id) FROM meal_system) [ RunTime:0.0001s ]
INFO: [ view_parse ] --START--
INFO: [ template_filter ] --START--
INFO: Run Behavior\ContentReplaceBehavior [ RunTime:0.000094s ]
INFO: [ template_filter ] --END-- [ RunTime:0.000140s ]
INFO: Run Behavior\ParseTemplateBehavior [ RunTime:0.009525s ]
INFO: [ view_parse ] --END-- [ RunTime:0.009566s ]
INFO: [ view_filter ] --START--
INFO: Run Behavior\WriteHtmlCacheBehavior [ RunTime:0.000087s ]
INFO: [ view_filter ] --END-- [ RunTime:0.000109s ]
INFO: [ app_end ] --START--
INFO: Run Behavior\ShowPageTraceBehavior [ RunTime:0.000252s ]
INFO: [ app_end ] --END-- [ RunTime:0.000276s ]

