[ 2017-04-03T09:29:28+08:00 ] ::1 /equip/meal/
INFO: [ app_init ] --START--
INFO: Run Behavior\BuildLiteBehavior [ RunTime:0.000000s ]
INFO: [ app_init ] --END-- [ RunTime:0.001000s ]
INFO: [ app_begin ] --START--
INFO: Run Behavior\ReadHtmlCacheBehavior [ RunTime:0.007000s ]
INFO: [ app_begin ] --END-- [ RunTime:0.007000s ]

[ 2017-04-03T09:29:28+08:00 ] ::1 /equip/meal/index.php/Home/Login/login.html
INFO: [ app_init ] --START--
INFO: Run Behavior\BuildLiteBehavior [ RunTime:0.000000s ]
INFO: [ app_init ] --END-- [ RunTime:0.000000s ]
INFO: [ app_begin ] --START--
INFO: Run Behavior\ReadHtmlCacheBehavior [ RunTime:0.000000s ]
INFO: [ app_begin ] --END-- [ RunTime:0.001000s ]
INFO: [ view_parse ] --START--
INFO: [ template_filter ] --START--
INFO: Run Behavior\ContentReplaceBehavior [ RunTime:0.001000s ]
INFO: [ template_filter ] --END-- [ RunTime:0.001000s ]
INFO: Run Behavior\ParseTemplateBehavior [ RunTime:0.058003s ]
INFO: [ view_parse ] --END-- [ RunTime:0.058003s ]
INFO: [ view_filter ] --START--
INFO: Run Behavior\WriteHtmlCacheBehavior [ RunTime:0.013001s ]
INFO: [ view_filter ] --END-- [ RunTime:0.013001s ]

[ 2017-04-03T09:29:29+08:00 ] ::1 /equip/meal/index.php/Home/Login/assets/i/favicon.png
INFO: [ app_init ] --START--
INFO: Run Behavior\BuildLiteBehavior [ RunTime:0.000000s ]
INFO: [ app_init ] --END-- [ RunTime:0.001001s ]

[ 2017-04-03T09:29:33+08:00 ] ::1 /equip/meal/index.php/Home/Login/login.html
INFO: [ app_init ] --START--
INFO: Run Behavior\BuildLiteBehavior [ RunTime:0.000000s ]
INFO: [ app_init ] --END-- [ RunTime:0.015600s ]
INFO: [ app_begin ] --START--
INFO: Run Behavior\ReadHtmlCacheBehavior [ RunTime:0.001000s ]
INFO: [ app_begin ] --END-- [ RunTime:0.001000s ]
SQL: SHOW COLUMNS FROM `meal_system` [ RunTime:0.0670s ]
SQL: SHOW COLUMNS FROM `meal_user` [ RunTime:0.0090s ]
SQL: SELECT * FROM `meal_user` WHERE `username` = 'cb' LIMIT 1   [ RunTime:0.0000s ]
SQL: SELECT id, status, merchantmumber 
                          FROM meal_system 
                          ORDER BY id DESC 
                          LIMIT 1 [ RunTime:0.0010s ]
INFO: [ view_parse ] --START--
INFO: [ template_filter ] --START--
INFO: Run Behavior\ContentReplaceBehavior [ RunTime:0.000000s ]
INFO: [ template_filter ] --END-- [ RunTime:0.000000s ]
INFO: Run Behavior\ParseTemplateBehavior [ RunTime:0.030002s ]
INFO: [ view_parse ] --END-- [ RunTime:0.030002s ]
INFO: [ view_filter ] --START--
INFO: Run Behavior\WriteHtmlCacheBehavior [ RunTime:0.000000s ]
INFO: [ view_filter ] --END-- [ RunTime:0.001000s ]
INFO: [ app_end ] --START--
INFO: Run Behavior\ShowPageTraceBehavior [ RunTime:0.011000s ]
INFO: [ app_end ] --END-- [ RunTime:0.011000s ]

[ 2017-04-03T09:31:38+08:00 ] ::1 /equip/meal/index.php/Home/Index/index.html
INFO: [ app_init ] --START--
INFO: Run Behavior\BuildLiteBehavior [ RunTime:0.000000s ]
INFO: [ app_init ] --END-- [ RunTime:0.000000s ]
INFO: [ app_begin ] --START--
INFO: Run Behavior\ReadHtmlCacheBehavior [ RunTime:0.000000s ]
INFO: [ app_begin ] --END-- [ RunTime:0.000000s ]
SQL: SHOW COLUMNS FROM `meal_system` [ RunTime:0.0030s ]
SQL: SELECT id, status, merchantmumber 
                    FROM meal_system 
                    ORDER BY id DESC 
                    LIMIT 1 [ RunTime:0.0010s ]
SQL: SHOW COLUMNS FROM `meal_user` [ RunTime:0.0020s ]
SQL: SELECT `money` FROM `meal_user` WHERE ( id=1 ) LIMIT 1   [ RunTime:0.0010s ]
SQL: SHOW COLUMNS FROM `meal_orders` [ RunTime:0.0160s ]
NOTIC: [8] Undefined offset: 0 E:\xampp\htdocs\equip\meal\Application\Home\Model\OrdersModel.class.php 第 46 行.
NOTIC: [8] Undefined offset: 0 E:\xampp\htdocs\equip\meal\Application\Home\Model\OrdersModel.class.php 第 46 行.
NOTIC: [8] Undefined offset: 0 E:\xampp\htdocs\equip\meal\Application\Home\Model\OrdersModel.class.php 第 46 行.
NOTIC: [8] Undefined offset: 0 E:\xampp\htdocs\equip\meal\Application\Home\Model\OrdersModel.class.php 第 46 行.
NOTIC: [8] Undefined offset: 0 E:\xampp\htdocs\equip\meal\Application\Home\Model\OrdersModel.class.php 第 46 行.
NOTIC: [8] Undefined offset: 0 E:\xampp\htdocs\equip\meal\Application\Home\Model\OrdersModel.class.php 第 46 行.
NOTIC: [8] Undefined offset: 0 E:\xampp\htdocs\equip\meal\Application\Home\Model\OrdersModel.class.php 第 46 行.
NOTIC: [8] Undefined offset: 0 E:\xampp\htdocs\equip\meal\Application\Home\Model\OrdersModel.class.php 第 46 行.
NOTIC: [8] Undefined offset: 0 E:\xampp\htdocs\equip\meal\Application\Home\Model\OrdersModel.class.php 第 46 行.
NOTIC: [8] Undefined offset: 0 E:\xampp\htdocs\equip\meal\Application\Home\Model\OrdersModel.class.php 第 46 行.
NOTIC: [8] Undefined offset: 0 E:\xampp\htdocs\equip\meal\Application\Home\Model\OrdersModel.class.php 第 46 行.
NOTIC: [8] Undefined offset: 0 E:\xampp\htdocs\equip\meal\Application\Home\Model\OrdersModel.class.php 第 46 行.
NOTIC: [8] Undefined offset: 0 E:\xampp\htdocs\equip\meal\Application\Home\Model\OrdersModel.class.php 第 46 行.
NOTIC: [8] Undefined offset: 0 E:\xampp\htdocs\equip\meal\Application\Home\Model\OrdersModel.class.php 第 46 行.
NOTIC: [8] Undefined offset: 0 E:\xampp\htdocs\equip\meal\Application\Home\Model\OrdersModel.class.php 第 46 行.
NOTIC: [8] Undefined offset: 0 E:\xampp\htdocs\equip\meal\Application\Home\Model\OrdersModel.class.php 第 46 行.
NOTIC: [8] Undefined offset: 0 E:\xampp\htdocs\equip\meal\Application\Home\Model\OrdersModel.class.php 第 46 行.
NOTIC: [8] Undefined offset: 0 E:\xampp\htdocs\equip\meal\Application\Home\Model\OrdersModel.class.php 第 46 行.
NOTIC: [8] Undefined offset: 0 E:\xampp\htdocs\equip\meal\Application\Home\Model\OrdersModel.class.php 第 46 行.
NOTIC: [8] Undefined offset: 0 E:\xampp\htdocs\equip\meal\Application\Home\Model\OrdersModel.class.php 第 46 行.
NOTIC: [8] Undefined offset: 0 E:\xampp\htdocs\equip\meal\Application\Home\Model\OrdersModel.class.php 第 46 行.
NOTIC: [8] Undefined offset: 0 E:\xampp\htdocs\equip\meal\Application\Home\Model\OrdersModel.class.php 第 46 行.
NOTIC: [8] Undefined offset: 0 E:\xampp\htdocs\equip\meal\Application\Home\Model\OrdersModel.class.php 第 46 行.
NOTIC: [8] Undefined offset: 0 E:\xampp\htdocs\equip\meal\Application\Home\Model\OrdersModel.class.php 第 46 行.
NOTIC: [8] Undefined offset: 0 E:\xampp\htdocs\equip\meal\Application\Home\Model\OrdersModel.class.php 第 46 行.
NOTIC: [8] Undefined offset: 0 E:\xampp\htdocs\equip\meal\Application\Home\Model\OrdersModel.class.php 第 46 行.
NOTIC: [8] Undefined offset: 0 E:\xampp\htdocs\equip\meal\Application\Home\Model\OrdersModel.class.php 第 46 行.
NOTIC: [8] Undefined offset: 0 E:\xampp\htdocs\equip\meal\Application\Home\Model\OrdersModel.class.php 第 46 行.
NOTIC: [8] Undefined offset: 0 E:\xampp\htdocs\equip\meal\Application\Home\Model\OrdersModel.class.php 第 46 行.
NOTIC: [8] Undefined offset: 0 E:\xampp\htdocs\equip\meal\Application\Home\Model\OrdersModel.class.php 第 46 行.
NOTIC: [8] Undefined offset: 0 E:\xampp\htdocs\equip\meal\Application\Home\Model\OrdersModel.class.php 第 46 行.
NOTIC: [8] Undefined offset: 0 E:\xampp\htdocs\equip\meal\Application\Home\Model\OrdersModel.class.php 第 46 行.
NOTIC: [8] Undefined offset: 0 E:\xampp\htdocs\equip\meal\Application\Home\Model\OrdersModel.class.php 第 46 行.
NOTIC: [8] Undefined offset: 0 E:\xampp\htdocs\equip\meal\Application\Home\Model\OrdersModel.class.php 第 46 行.
NOTIC: [8] Undefined offset: 0 E:\xampp\htdocs\equip\meal\Application\Home\Model\OrdersModel.class.php 第 46 行.
NOTIC: [8] Undefined offset: 0 E:\xampp\htdocs\equip\meal\Application\Home\Model\OrdersModel.class.php 第 46 行.
NOTIC: [8] Undefined offset: 0 E:\xampp\htdocs\equip\meal\Application\Home\Model\OrdersModel.class.php 第 46 行.
NOTIC: [8] Undefined offset: 0 E:\xampp\htdocs\equip\meal\Application\Home\Model\OrdersModel.class.php 第 46 行.
NOTIC: [8] Undefined offset: 0 E:\xampp\htdocs\equip\meal\Application\Home\Model\OrdersModel.class.php 第 46 行.
NOTIC: [8] Undefined offset: 0 E:\xampp\htdocs\equip\meal\Application\Home\Model\OrdersModel.class.php 第 46 行.
NOTIC: [8] Undefined offset: 0 E:\xampp\htdocs\equip\meal\Application\Home\Model\OrdersModel.class.php 第 46 行.
NOTIC: [8] Undefined offset: 0 E:\xampp\htdocs\equip\meal\Application\Home\Model\OrdersModel.class.php 第 46 行.
NOTIC: [8] Undefined offset: 0 E:\xampp\htdocs\equip\meal\Application\Home\Model\OrdersModel.class.php 第 46 行.
NOTIC: [8] Undefined offset: 0 E:\xampp\htdocs\equip\meal\Application\Home\Model\OrdersModel.class.php 第 46 行.
NOTIC: [8] Undefined offset: 0 E:\xampp\htdocs\equip\meal\Application\Home\Model\OrdersModel.class.php 第 46 行.
NOTIC: [8] Undefined offset: 0 E:\xampp\htdocs\equip\meal\Application\Home\Model\OrdersModel.class.php 第 46 行.
NOTIC: [8] Undefined offset: 0 E:\xampp\htdocs\equip\meal\Application\Home\Model\OrdersModel.class.php 第 46 行.
NOTIC: [8] Undefined offset: 0 E:\xampp\htdocs\equip\meal\Application\Home\Model\OrdersModel.class.php 第 46 行.
NOTIC: [8] Undefined offset: 0 E:\xampp\htdocs\equip\meal\Application\Home\Model\OrdersModel.class.php 第 46 行.
NOTIC: [8] Undefined offset: 0 E:\xampp\htdocs\equip\meal\Application\Home\Model\OrdersModel.class.php 第 46 行.
NOTIC: [8] Undefined offset: 0 E:\xampp\htdocs\equip\meal\Application\Home\Model\OrdersModel.class.php 第 46 行.
NOTIC: [8] Undefined offset: 0 E:\xampp\htdocs\equip\meal\Application\Home\Model\OrdersModel.class.php 第 46 行.
NOTIC: [8] Undefined offset: 0 E:\xampp\htdocs\equip\meal\Application\Home\Model\OrdersModel.class.php 第 46 行.
NOTIC: [8] Undefined offset: 0 E:\xampp\htdocs\equip\meal\Application\Home\Model\OrdersModel.class.php 第 46 行.
NOTIC: [8] Undefined offset: 0 E:\xampp\htdocs\equip\meal\Application\Home\Model\OrdersModel.class.php 第 46 行.
NOTIC: [8] Undefined offset: 0 E:\xampp\htdocs\equip\meal\Application\Home\Model\OrdersModel.class.php 第 46 行.
NOTIC: [8] Undefined offset: 0 E:\xampp\htdocs\equip\meal\Application\Home\Model\OrdersModel.class.php 第 46 行.
NOTIC: [8] Undefined offset: 0 E:\xampp\htdocs\equip\meal\Application\Home\Model\OrdersModel.class.php 第 46 行.
NOTIC: [8] Undefined offset: 0 E:\xampp\htdocs\equip\meal\Application\Home\Model\OrdersModel.class.php 第 46 行.
NOTIC: [8] Undefined offset: 0 E:\xampp\htdocs\equip\meal\Application\Home\Model\OrdersModel.class.php 第 46 行.
NOTIC: [8] Undefined offset: 0 E:\xampp\htdocs\equip\meal\Application\Home\Model\OrdersModel.class.php 第 46 行.
NOTIC: [8] Undefined offset: 0 E:\xampp\htdocs\equip\meal\Application\Home\Model\OrdersModel.class.php 第 46 行.
NOTIC: [8] Undefined offset: 0 E:\xampp\htdocs\equip\meal\Application\Home\Model\OrdersModel.class.php 第 46 行.
NOTIC: [8] Undefined offset: 0 E:\xampp\htdocs\equip\meal\Application\Home\Model\OrdersModel.class.php 第 46 行.
NOTIC: [8] Undefined offset: 0 E:\xampp\htdocs\equip\meal\Application\Home\Model\OrdersModel.class.php 第 46 行.
NOTIC: [8] Undefined offset: 0 E:\xampp\htdocs\equip\meal\Application\Home\Model\OrdersModel.class.php 第 46 行.
NOTIC: [8] Undefined offset: 0 E:\xampp\htdocs\equip\meal\Application\Home\Model\OrdersModel.class.php 第 46 行.
NOTIC: [8] Undefined offset: 0 E:\xampp\htdocs\equip\meal\Application\Home\Model\OrdersModel.class.php 第 46 行.
NOTIC: [8] Undefined offset: 0 E:\xampp\htdocs\equip\meal\Application\Home\Model\OrdersModel.class.php 第 46 行.
NOTIC: [8] Undefined offset: 0 E:\xampp\htdocs\equip\meal\Application\Home\Model\OrdersModel.class.php 第 46 行.
NOTIC: [8] Undefined offset: 0 E:\xampp\htdocs\equip\meal\Application\Home\Model\OrdersModel.class.php 第 46 行.
NOTIC: [8] Undefined offset: 0 E:\xampp\htdocs\equip\meal\Application\Home\Model\OrdersModel.class.php 第 46 行.
NOTIC: [8] Undefined offset: 0 E:\xampp\htdocs\equip\meal\Application\Home\Model\OrdersModel.class.php 第 46 行.
NOTIC: [8] Undefined offset: 0 E:\xampp\htdocs\equip\meal\Application\Home\Model\OrdersModel.class.php 第 46 行.
NOTIC: [8] Undefined offset: 0 E:\xampp\htdocs\equip\meal\Application\Home\Model\OrdersModel.class.php 第 46 行.
NOTIC: [8] Undefined offset: 0 E:\xampp\htdocs\equip\meal\Application\Home\Model\OrdersModel.class.php 第 46 行.
NOTIC: [8] Undefined offset: 0 E:\xampp\htdocs\equip\meal\Application\Home\Model\OrdersModel.class.php 第 46 行.
NOTIC: [8] Undefined offset: 0 E:\xampp\htdocs\equip\meal\Application\Home\Model\OrdersModel.class.php 第 46 行.
NOTIC: [8] Undefined offset: 0 E:\xampp\htdocs\equip\meal\Application\Home\Model\OrdersModel.class.php 第 46 行.
NOTIC: [8] Undefined offset: 0 E:\xampp\htdocs\equip\meal\Application\Home\Model\OrdersModel.class.php 第 46 行.
NOTIC: [8] Undefined offset: 0 E:\xampp\htdocs\equip\meal\Application\Home\Model\OrdersModel.class.php 第 46 行.
NOTIC: [8] Undefined offset: 0 E:\xampp\htdocs\equip\meal\Application\Home\Model\OrdersModel.class.php 第 46 行.
NOTIC: [8] Undefined offset: 0 E:\xampp\htdocs\equip\meal\Application\Home\Model\OrdersModel.class.php 第 46 行.
NOTIC: [8] Undefined offset: 0 E:\xampp\htdocs\equip\meal\Application\Home\Model\OrdersModel.class.php 第 46 行.
NOTIC: [8] Undefined offset: 0 E:\xampp\htdocs\equip\meal\Application\Home\Model\OrdersModel.class.php 第 46 行.
NOTIC: [8] Undefined offset: 0 E:\xampp\htdocs\equip\meal\Application\Home\Model\OrdersModel.class.php 第 46 行.
NOTIC: [8] Undefined offset: 0 E:\xampp\htdocs\equip\meal\Application\Home\Model\OrdersModel.class.php 第 46 行.
NOTIC: [8] Undefined offset: 0 E:\xampp\htdocs\equip\meal\Application\Home\Model\OrdersModel.class.php 第 46 行.
NOTIC: [8] Undefined offset: 0 E:\xampp\htdocs\equip\meal\Application\Home\Model\OrdersModel.class.php 第 46 行.
NOTIC: [8] Undefined offset: 0 E:\xampp\htdocs\equip\meal\Application\Home\Model\OrdersModel.class.php 第 46 行.
NOTIC: [8] Undefined offset: 0 E:\xampp\htdocs\equip\meal\Application\Home\Model\OrdersModel.class.php 第 46 行.
NOTIC: [8] Undefined offset: 0 E:\xampp\htdocs\equip\meal\Application\Home\Model\OrdersModel.class.php 第 46 行.
NOTIC: [8] Undefined offset: 0 E:\xampp\htdocs\equip\meal\Application\Home\Model\OrdersModel.class.php 第 46 行.
NOTIC: [8] Undefined offset: 0 E:\xampp\htdocs\equip\meal\Application\Home\Model\OrdersModel.class.php 第 46 行.
NOTIC: [8] Undefined offset: 0 E:\xampp\htdocs\equip\meal\Application\Home\Model\OrdersModel.class.php 第 46 行.
NOTIC: [8] Undefined offset: 0 E:\xampp\htdocs\equip\meal\Application\Home\Model\OrdersModel.class.php 第 46 行.
NOTIC: [8] Undefined offset: 0 E:\xampp\htdocs\equip\meal\Application\Home\Model\OrdersModel.class.php 第 46 行.
NOTIC: [8] Undefined offset: 0 E:\xampp\htdocs\equip\meal\Application\Home\Model\OrdersModel.class.php 第 46 行.
NOTIC: [8] Undefined offset: 0 E:\xampp\htdocs\equip\meal\Application\Home\Model\OrdersModel.class.php 第 46 行.
NOTIC: [8] Undefined offset: 0 E:\xampp\htdocs\equip\meal\Application\Home\Model\OrdersModel.class.php 第 46 行.
NOTIC: [8] Undefined offset: 0 E:\xampp\htdocs\equip\meal\Application\Home\Model\OrdersModel.class.php 第 46 行.
NOTIC: [8] Undefined offset: 0 E:\xampp\htdocs\equip\meal\Application\Home\Model\OrdersModel.class.php 第 46 行.
NOTIC: [8] Undefined offset: 0 E:\xampp\htdocs\equip\meal\Application\Home\Model\OrdersModel.class.php 第 46 行.
NOTIC: [8] Undefined offset: 0 E:\xampp\htdocs\equip\meal\Application\Home\Model\OrdersModel.class.php 第 46 行.
NOTIC: [8] Undefined offset: 0 E:\xampp\htdocs\equip\meal\Application\Home\Model\OrdersModel.class.php 第 46 行.
NOTIC: [8] Undefined offset: 0 E:\xampp\htdocs\equip\meal\Application\Home\Model\OrdersModel.class.php 第 46 行.
NOTIC: [8] Undefined offset: 0 E:\xampp\htdocs\equip\meal\Application\Home\Model\OrdersModel.class.php 第 46 行.
NOTIC: [8] Undefined offset: 0 E:\xampp\htdocs\equip\meal\Application\Home\Model\OrdersModel.class.php 第 46 行.
NOTIC: [8] Undefined offset: 0 E:\xampp\htdocs\equip\meal\Application\Home\Model\OrdersModel.class.php 第 46 行.
NOTIC: [8] Undefined offset: 0 E:\xampp\htdocs\equip\meal\Application\Home\Model\OrdersModel.class.php 第 46 行.
NOTIC: [8] Undefined offset: 0 E:\xampp\htdocs\equip\meal\Application\Home\Model\OrdersModel.class.php 第 46 行.
NOTIC: [8] Undefined offset: 0 E:\xampp\htdocs\equip\meal\Application\Home\Model\OrdersModel.class.php 第 46 行.
NOTIC: [8] Undefined offset: 0 E:\xampp\htdocs\equip\meal\Application\Home\Model\OrdersModel.class.php 第 46 行.
NOTIC: [8] Undefined offset: 0 E:\xampp\htdocs\equip\meal\Application\Home\Model\OrdersModel.class.php 第 46 行.

[ 2017-04-03T09:31:38+08:00 ] ::1 /equip/meal/index.php/Home/Login/login.html
INFO: [ app_init ] --START--
INFO: Run Behavior\BuildLiteBehavior [ RunTime:0.000000s ]
INFO: [ app_init ] --END-- [ RunTime:0.000000s ]
INFO: [ app_begin ] --START--
INFO: Run Behavior\ReadHtmlCacheBehavior [ RunTime:0.001000s ]
INFO: [ app_begin ] --END-- [ RunTime:0.001000s ]

[ 2017-04-03T09:31:38+08:00 ] ::1 /equip/meal/index.php/Home/Index/index.html
INFO: [ app_init ] --START--
INFO: Run Behavior\BuildLiteBehavior [ RunTime:0.000000s ]
INFO: [ app_init ] --END-- [ RunTime:0.001001s ]
INFO: [ app_begin ] --START--
INFO: Run Behavior\ReadHtmlCacheBehavior [ RunTime:0.001000s ]
INFO: [ app_begin ] --END-- [ RunTime:0.001000s ]

[ 2017-04-03T09:31:41+08:00 ] ::1 /equip/meal/
INFO: [ app_init ] --START--
INFO: Run Behavior\BuildLiteBehavior [ RunTime:0.000000s ]
INFO: [ app_init ] --END-- [ RunTime:0.001000s ]
INFO: [ app_begin ] --START--
INFO: Run Behavior\ReadHtmlCacheBehavior [ RunTime:0.001000s ]
INFO: [ app_begin ] --END-- [ RunTime:0.001000s ]

[ 2017-04-03T09:31:41+08:00 ] ::1 /equip/meal/index.php/Home/Login/login.html
INFO: [ app_init ] --START--
INFO: Run Behavior\BuildLiteBehavior [ RunTime:0.000000s ]
INFO: [ app_init ] --END-- [ RunTime:0.001000s ]
INFO: [ app_begin ] --START--
INFO: Run Behavior\ReadHtmlCacheBehavior [ RunTime:0.000000s ]
INFO: [ app_begin ] --END-- [ RunTime:0.001000s ]
INFO: [ view_parse ] --START--
INFO: [ template_filter ] --START--
INFO: Run Behavior\ContentReplaceBehavior [ RunTime:0.000000s ]
INFO: [ template_filter ] --END-- [ RunTime:0.000000s ]
INFO: Run Behavior\ParseTemplateBehavior [ RunTime:0.010001s ]
INFO: [ view_parse ] --END-- [ RunTime:0.010001s ]
INFO: [ view_filter ] --START--
INFO: Run Behavior\WriteHtmlCacheBehavior [ RunTime:0.001000s ]
INFO: [ view_filter ] --END-- [ RunTime:0.001000s ]

[ 2017-04-03T09:31:41+08:00 ] ::1 /equip/meal/index.php/Home/Login/assets/i/favicon.png
INFO: [ app_init ] --START--
INFO: Run Behavior\BuildLiteBehavior [ RunTime:0.000000s ]
INFO: [ app_init ] --END-- [ RunTime:0.001000s ]

[ 2017-04-03T09:31:45+08:00 ] ::1 /equip/meal/index.php/Home/Login/login.html
INFO: [ app_init ] --START--
INFO: Run Behavior\BuildLiteBehavior [ RunTime:0.000000s ]
INFO: [ app_init ] --END-- [ RunTime:0.000000s ]
INFO: [ app_begin ] --START--
INFO: Run Behavior\ReadHtmlCacheBehavior [ RunTime:0.001000s ]
INFO: [ app_begin ] --END-- [ RunTime:0.001000s ]
SQL: SHOW COLUMNS FROM `meal_system` [ RunTime:0.0020s ]
SQL: SHOW COLUMNS FROM `meal_user` [ RunTime:0.0020s ]
SQL: SELECT * FROM `meal_user` WHERE `username` = 'cb' LIMIT 1   [ RunTime:0.0000s ]
SQL: SELECT id, status, merchantmumber 
                          FROM meal_system 
                          ORDER BY id DESC 
                          LIMIT 1 [ RunTime:0.0010s ]
INFO: [ view_parse ] --START--
INFO: [ template_filter ] --START--
INFO: Run Behavior\ContentReplaceBehavior [ RunTime:0.000000s ]
INFO: [ template_filter ] --END-- [ RunTime:0.000000s ]
INFO: Run Behavior\ParseTemplateBehavior [ RunTime:0.009000s ]
INFO: [ view_parse ] --END-- [ RunTime:0.009000s ]
INFO: [ view_filter ] --START--
INFO: Run Behavior\WriteHtmlCacheBehavior [ RunTime:0.000000s ]
INFO: [ view_filter ] --END-- [ RunTime:0.001001s ]
INFO: [ app_end ] --START--
INFO: Run Behavior\ShowPageTraceBehavior [ RunTime:0.001000s ]
INFO: [ app_end ] --END-- [ RunTime:0.001000s ]

[ 2017-04-03T09:31:48+08:00 ] ::1 /equip/meal/index.php/Home/Index/index.html
INFO: [ app_init ] --START--
INFO: Run Behavior\BuildLiteBehavior [ RunTime:0.000000s ]
INFO: [ app_init ] --END-- [ RunTime:0.000000s ]
INFO: [ app_begin ] --START--
INFO: Run Behavior\ReadHtmlCacheBehavior [ RunTime:0.000000s ]
INFO: [ app_begin ] --END-- [ RunTime:0.000000s ]
SQL: SHOW COLUMNS FROM `meal_system` [ RunTime:0.0020s ]
SQL: SELECT id, status, merchantmumber 
                    FROM meal_system 
                    ORDER BY id DESC 
                    LIMIT 1 [ RunTime:0.0000s ]
SQL: SHOW COLUMNS FROM `meal_user` [ RunTime:0.0020s ]
SQL: SELECT `money` FROM `meal_user` WHERE ( id=1 ) LIMIT 1   [ RunTime:0.0010s ]
SQL: SHOW COLUMNS FROM `meal_orders` [ RunTime:0.0030s ]
NOTIC: [8] Undefined offset: 0 E:\xampp\htdocs\equip\meal\Application\Home\Model\OrdersModel.class.php 第 46 行.
NOTIC: [8] Undefined offset: 0 E:\xampp\htdocs\equip\meal\Application\Home\Model\OrdersModel.class.php 第 46 行.
NOTIC: [8] Undefined offset: 0 E:\xampp\htdocs\equip\meal\Application\Home\Model\OrdersModel.class.php 第 46 行.
NOTIC: [8] Undefined offset: 0 E:\xampp\htdocs\equip\meal\Application\Home\Model\OrdersModel.class.php 第 46 行.
NOTIC: [8] Undefined offset: 0 E:\xampp\htdocs\equip\meal\Application\Home\Model\OrdersModel.class.php 第 46 行.
NOTIC: [8] Undefined offset: 0 E:\xampp\htdocs\equip\meal\Application\Home\Model\OrdersModel.class.php 第 46 行.
NOTIC: [8] Undefined offset: 0 E:\xampp\htdocs\equip\meal\Application\Home\Model\OrdersModel.class.php 第 46 行.
NOTIC: [8] Undefined offset: 0 E:\xampp\htdocs\equip\meal\Application\Home\Model\OrdersModel.class.php 第 46 行.
NOTIC: [8] Undefined offset: 0 E:\xampp\htdocs\equip\meal\Application\Home\Model\OrdersModel.class.php 第 46 行.
NOTIC: [8] Undefined offset: 0 E:\xampp\htdocs\equip\meal\Application\Home\Model\OrdersModel.class.php 第 46 行.
NOTIC: [8] Undefined offset: 0 E:\xampp\htdocs\equip\meal\Application\Home\Model\OrdersModel.class.php 第 46 行.
NOTIC: [8] Undefined offset: 0 E:\xampp\htdocs\equip\meal\Application\Home\Model\OrdersModel.class.php 第 46 行.
NOTIC: [8] Undefined offset: 0 E:\xampp\htdocs\equip\meal\Application\Home\Model\OrdersModel.class.php 第 46 行.
NOTIC: [8] Undefined offset: 0 E:\xampp\htdocs\equip\meal\Application\Home\Model\OrdersModel.class.php 第 46 行.
NOTIC: [8] Undefined offset: 0 E:\xampp\htdocs\equip\meal\Application\Home\Model\OrdersModel.class.php 第 46 行.
NOTIC: [8] Undefined offset: 0 E:\xampp\htdocs\equip\meal\Application\Home\Model\OrdersModel.class.php 第 46 行.
NOTIC: [8] Undefined offset: 0 E:\xampp\htdocs\equip\meal\Application\Home\Model\OrdersModel.class.php 第 46 行.
NOTIC: [8] Undefined offset: 0 E:\xampp\htdocs\equip\meal\Application\Home\Model\OrdersModel.class.php 第 46 行.
NOTIC: [8] Undefined offset: 0 E:\xampp\htdocs\equip\meal\Application\Home\Model\OrdersModel.class.php 第 46 行.
NOTIC: [8] Undefined offset: 0 E:\xampp\htdocs\equip\meal\Application\Home\Model\OrdersModel.class.php 第 46 行.
NOTIC: [8] Undefined offset: 0 E:\xampp\htdocs\equip\meal\Application\Home\Model\OrdersModel.class.php 第 46 行.
NOTIC: [8] Undefined offset: 0 E:\xampp\htdocs\equip\meal\Application\Home\Model\OrdersModel.class.php 第 46 行.
NOTIC: [8] Undefined offset: 0 E:\xampp\htdocs\equip\meal\Application\Home\Model\OrdersModel.class.php 第 46 行.
NOTIC: [8] Undefined offset: 0 E:\xampp\htdocs\equip\meal\Application\Home\Model\OrdersModel.class.php 第 46 行.
NOTIC: [8] Undefined offset: 0 E:\xampp\htdocs\equip\meal\Application\Home\Model\OrdersModel.class.php 第 46 行.
NOTIC: [8] Undefined offset: 0 E:\xampp\htdocs\equip\meal\Application\Home\Model\OrdersModel.class.php 第 46 行.
NOTIC: [8] Undefined offset: 0 E:\xampp\htdocs\equip\meal\Application\Home\Model\OrdersModel.class.php 第 46 行.
NOTIC: [8] Undefined offset: 0 E:\xampp\htdocs\equip\meal\Application\Home\Model\OrdersModel.class.php 第 46 行.
NOTIC: [8] Undefined offset: 0 E:\xampp\htdocs\equip\meal\Application\Home\Model\OrdersModel.class.php 第 46 行.
NOTIC: [8] Undefined offset: 0 E:\xampp\htdocs\equip\meal\Application\Home\Model\OrdersModel.class.php 第 46 行.
NOTIC: [8] Undefined offset: 0 E:\xampp\htdocs\equip\meal\Application\Home\Model\OrdersModel.class.php 第 46 行.
NOTIC: [8] Undefined offset: 0 E:\xampp\htdocs\equip\meal\Application\Home\Model\OrdersModel.class.php 第 46 行.
NOTIC: [8] Undefined offset: 0 E:\xampp\htdocs\equip\meal\Application\Home\Model\OrdersModel.class.php 第 46 行.
NOTIC: [8] Undefined offset: 0 E:\xampp\htdocs\equip\meal\Application\Home\Model\OrdersModel.class.php 第 46 行.
NOTIC: [8] Undefined offset: 0 E:\xampp\htdocs\equip\meal\Application\Home\Model\OrdersModel.class.php 第 46 行.
NOTIC: [8] Undefined offset: 0 E:\xampp\htdocs\equip\meal\Application\Home\Model\OrdersModel.class.php 第 46 行.
NOTIC: [8] Undefined offset: 0 E:\xampp\htdocs\equip\meal\Application\Home\Model\OrdersModel.class.php 第 46 行.
NOTIC: [8] Undefined offset: 0 E:\xampp\htdocs\equip\meal\Application\Home\Model\OrdersModel.class.php 第 46 行.
NOTIC: [8] Undefined offset: 0 E:\xampp\htdocs\equip\meal\Application\Home\Model\OrdersModel.class.php 第 46 行.
NOTIC: [8] Undefined offset: 0 E:\xampp\htdocs\equip\meal\Application\Home\Model\OrdersModel.class.php 第 46 行.
NOTIC: [8] Undefined offset: 0 E:\xampp\htdocs\equip\meal\Application\Home\Model\OrdersModel.class.php 第 46 行.
NOTIC: [8] Undefined offset: 0 E:\xampp\htdocs\equip\meal\Application\Home\Model\OrdersModel.class.php 第 46 行.
NOTIC: [8] Undefined offset: 0 E:\xampp\htdocs\equip\meal\Application\Home\Model\OrdersModel.class.php 第 46 行.
NOTIC: [8] Undefined offset: 0 E:\xampp\htdocs\equip\meal\Application\Home\Model\OrdersModel.class.php 第 46 行.
NOTIC: [8] Undefined offset: 0 E:\xampp\htdocs\equip\meal\Application\Home\Model\OrdersModel.class.php 第 46 行.
NOTIC: [8] Undefined offset: 0 E:\xampp\htdocs\equip\meal\Application\Home\Model\OrdersModel.class.php 第 46 行.
NOTIC: [8] Undefined offset: 0 E:\xampp\htdocs\equip\meal\Application\Home\Model\OrdersModel.class.php 第 46 行.
NOTIC: [8] Undefined offset: 0 E:\xampp\htdocs\equip\meal\Application\Home\Model\OrdersModel.class.php 第 46 行.
NOTIC: [8] Undefined offset: 0 E:\xampp\htdocs\equip\meal\Application\Home\Model\OrdersModel.class.php 第 46 行.
NOTIC: [8] Undefined offset: 0 E:\xampp\htdocs\equip\meal\Application\Home\Model\OrdersModel.class.php 第 46 行.
NOTIC: [8] Undefined offset: 0 E:\xampp\htdocs\equip\meal\Application\Home\Model\OrdersModel.class.php 第 46 行.
NOTIC: [8] Undefined offset: 0 E:\xampp\htdocs\equip\meal\Application\Home\Model\OrdersModel.class.php 第 46 行.
NOTIC: [8] Undefined offset: 0 E:\xampp\htdocs\equip\meal\Application\Home\Model\OrdersModel.class.php 第 46 行.
NOTIC: [8] Undefined offset: 0 E:\xampp\htdocs\equip\meal\Application\Home\Model\OrdersModel.class.php 第 46 行.
NOTIC: [8] Undefined offset: 0 E:\xampp\htdocs\equip\meal\Application\Home\Model\OrdersModel.class.php 第 46 行.
NOTIC: [8] Undefined offset: 0 E:\xampp\htdocs\equip\meal\Application\Home\Model\OrdersModel.class.php 第 46 行.
NOTIC: [8] Undefined offset: 0 E:\xampp\htdocs\equip\meal\Application\Home\Model\OrdersModel.class.php 第 46 行.
NOTIC: [8] Undefined offset: 0 E:\xampp\htdocs\equip\meal\Application\Home\Model\OrdersModel.class.php 第 46 行.
NOTIC: [8] Undefined offset: 0 E:\xampp\htdocs\equip\meal\Application\Home\Model\OrdersModel.class.php 第 46 行.
NOTIC: [8] Undefined offset: 0 E:\xampp\htdocs\equip\meal\Application\Home\Model\OrdersModel.class.php 第 46 行.
NOTIC: [8] Undefined offset: 0 E:\xampp\htdocs\equip\meal\Application\Home\Model\OrdersModel.class.php 第 46 行.
NOTIC: [8] Undefined offset: 0 E:\xampp\htdocs\equip\meal\Application\Home\Model\OrdersModel.class.php 第 46 行.
NOTIC: [8] Undefined offset: 0 E:\xampp\htdocs\equip\meal\Application\Home\Model\OrdersModel.class.php 第 46 行.
NOTIC: [8] Undefined offset: 0 E:\xampp\htdocs\equip\meal\Application\Home\Model\OrdersModel.class.php 第 46 行.
NOTIC: [8] Undefined offset: 0 E:\xampp\htdocs\equip\meal\Application\Home\Model\OrdersModel.class.php 第 46 行.
NOTIC: [8] Undefined offset: 0 E:\xampp\htdocs\equip\meal\Application\Home\Model\OrdersModel.class.php 第 46 行.
NOTIC: [8] Undefined offset: 0 E:\xampp\htdocs\equip\meal\Application\Home\Model\OrdersModel.class.php 第 46 行.
NOTIC: [8] Undefined offset: 0 E:\xampp\htdocs\equip\meal\Application\Home\Model\OrdersModel.class.php 第 46 行.
NOTIC: [8] Undefined offset: 0 E:\xampp\htdocs\equip\meal\Application\Home\Model\OrdersModel.class.php 第 46 行.
NOTIC: [8] Undefined offset: 0 E:\xampp\htdocs\equip\meal\Application\Home\Model\OrdersModel.class.php 第 46 行.
NOTIC: [8] Undefined offset: 0 E:\xampp\htdocs\equip\meal\Application\Home\Model\OrdersModel.class.php 第 46 行.
NOTIC: [8] Undefined offset: 0 E:\xampp\htdocs\equip\meal\Application\Home\Model\OrdersModel.class.php 第 46 行.
NOTIC: [8] Undefined offset: 0 E:\xampp\htdocs\equip\meal\Application\Home\Model\OrdersModel.class.php 第 46 行.
NOTIC: [8] Undefined offset: 0 E:\xampp\htdocs\equip\meal\Application\Home\Model\OrdersModel.class.php 第 46 行.
NOTIC: [8] Undefined offset: 0 E:\xampp\htdocs\equip\meal\Application\Home\Model\OrdersModel.class.php 第 46 行.
NOTIC: [8] Undefined offset: 0 E:\xampp\htdocs\equip\meal\Application\Home\Model\OrdersModel.class.php 第 46 行.
NOTIC: [8] Undefined offset: 0 E:\xampp\htdocs\equip\meal\Application\Home\Model\OrdersModel.class.php 第 46 行.
NOTIC: [8] Undefined offset: 0 E:\xampp\htdocs\equip\meal\Application\Home\Model\OrdersModel.class.php 第 46 行.
NOTIC: [8] Undefined offset: 0 E:\xampp\htdocs\equip\meal\Application\Home\Model\OrdersModel.class.php 第 46 行.
NOTIC: [8] Undefined offset: 0 E:\xampp\htdocs\equip\meal\Application\Home\Model\OrdersModel.class.php 第 46 行.
NOTIC: [8] Undefined offset: 0 E:\xampp\htdocs\equip\meal\Application\Home\Model\OrdersModel.class.php 第 46 行.
NOTIC: [8] Undefined offset: 0 E:\xampp\htdocs\equip\meal\Application\Home\Model\OrdersModel.class.php 第 46 行.
NOTIC: [8] Undefined offset: 0 E:\xampp\htdocs\equip\meal\Application\Home\Model\OrdersModel.class.php 第 46 行.
NOTIC: [8] Undefined offset: 0 E:\xampp\htdocs\equip\meal\Application\Home\Model\OrdersModel.class.php 第 46 行.
NOTIC: [8] Undefined offset: 0 E:\xampp\htdocs\equip\meal\Application\Home\Model\OrdersModel.class.php 第 46 行.
NOTIC: [8] Undefined offset: 0 E:\xampp\htdocs\equip\meal\Application\Home\Model\OrdersModel.class.php 第 46 行.
NOTIC: [8] Undefined offset: 0 E:\xampp\htdocs\equip\meal\Application\Home\Model\OrdersModel.class.php 第 46 行.
NOTIC: [8] Undefined offset: 0 E:\xampp\htdocs\equip\meal\Application\Home\Model\OrdersModel.class.php 第 46 行.
NOTIC: [8] Undefined offset: 0 E:\xampp\htdocs\equip\meal\Application\Home\Model\OrdersModel.class.php 第 46 行.
NOTIC: [8] Undefined offset: 0 E:\xampp\htdocs\equip\meal\Application\Home\Model\OrdersModel.class.php 第 46 行.
NOTIC: [8] Undefined offset: 0 E:\xampp\htdocs\equip\meal\Application\Home\Model\OrdersModel.class.php 第 46 行.
NOTIC: [8] Undefined offset: 0 E:\xampp\htdocs\equip\meal\Application\Home\Model\OrdersModel.class.php 第 46 行.
NOTIC: [8] Undefined offset: 0 E:\xampp\htdocs\equip\meal\Application\Home\Model\OrdersModel.class.php 第 46 行.
NOTIC: [8] Undefined offset: 0 E:\xampp\htdocs\equip\meal\Application\Home\Model\OrdersModel.class.php 第 46 行.
NOTIC: [8] Undefined offset: 0 E:\xampp\htdocs\equip\meal\Application\Home\Model\OrdersModel.class.php 第 46 行.
NOTIC: [8] Undefined offset: 0 E:\xampp\htdocs\equip\meal\Application\Home\Model\OrdersModel.class.php 第 46 行.
NOTIC: [8] Undefined offset: 0 E:\xampp\htdocs\equip\meal\Application\Home\Model\OrdersModel.class.php 第 46 行.
NOTIC: [8] Undefined offset: 0 E:\xampp\htdocs\equip\meal\Application\Home\Model\OrdersModel.class.php 第 46 行.
NOTIC: [8] Undefined offset: 0 E:\xampp\htdocs\equip\meal\Application\Home\Model\OrdersModel.class.php 第 46 行.
NOTIC: [8] Undefined offset: 0 E:\xampp\htdocs\equip\meal\Application\Home\Model\OrdersModel.class.php 第 46 行.
NOTIC: [8] Undefined offset: 0 E:\xampp\htdocs\equip\meal\Application\Home\Model\OrdersModel.class.php 第 46 行.
NOTIC: [8] Undefined offset: 0 E:\xampp\htdocs\equip\meal\Application\Home\Model\OrdersModel.class.php 第 46 行.
NOTIC: [8] Undefined offset: 0 E:\xampp\htdocs\equip\meal\Application\Home\Model\OrdersModel.class.php 第 46 行.
NOTIC: [8] Undefined offset: 0 E:\xampp\htdocs\equip\meal\Application\Home\Model\OrdersModel.class.php 第 46 行.
NOTIC: [8] Undefined offset: 0 E:\xampp\htdocs\equip\meal\Application\Home\Model\OrdersModel.class.php 第 46 行.
NOTIC: [8] Undefined offset: 0 E:\xampp\htdocs\equip\meal\Application\Home\Model\OrdersModel.class.php 第 46 行.
NOTIC: [8] Undefined offset: 0 E:\xampp\htdocs\equip\meal\Application\Home\Model\OrdersModel.class.php 第 46 行.
NOTIC: [8] Undefined offset: 0 E:\xampp\htdocs\equip\meal\Application\Home\Model\OrdersModel.class.php 第 46 行.
NOTIC: [8] Undefined offset: 0 E:\xampp\htdocs\equip\meal\Application\Home\Model\OrdersModel.class.php 第 46 行.
NOTIC: [8] Undefined offset: 0 E:\xampp\htdocs\equip\meal\Application\Home\Model\OrdersModel.class.php 第 46 行.
NOTIC: [8] Undefined offset: 0 E:\xampp\htdocs\equip\meal\Application\Home\Model\OrdersModel.class.php 第 46 行.
NOTIC: [8] Undefined offset: 0 E:\xampp\htdocs\equip\meal\Application\Home\Model\OrdersModel.class.php 第 46 行.
NOTIC: [8] Undefined offset: 0 E:\xampp\htdocs\equip\meal\Application\Home\Model\OrdersModel.class.php 第 46 行.
NOTIC: [8] Undefined offset: 0 E:\xampp\htdocs\equip\meal\Application\Home\Model\OrdersModel.class.php 第 46 行.
SQL: SELECT o.id, o.user_id, o.foodname, o.num, o.price, u.username 
        			FROM meal_orders o
        			LEFT JOIN meal_user u ON o.user_id = u.id
        			WHERE system_id = 129
                    ORDER BY user_id = 1 DESC [ RunTime:0.0970s ]
NOTIC: [8] Undefined index: total E:\xampp\htdocs\equip\meal\Application\Home\Model\OrdersModel.class.php 第 170 行.
SQL: SELECT foodname, SUM(num) AS number, SUM(num) * price AS total
                    FROM meal_orders  
                    WHERE system_id = 129
                    GROUP BY foodname
                    ORDER BY number ASC [ RunTime:0.0010s ]
NOTIC: [8] Undefined variable: allTotal E:\xampp\htdocs\equip\meal\Application\Home\Model\OrdersModel.class.php 第 199 行.
SQL: SELECT status FROM meal_system WHERE id = (SELECT MAX(id) FROM meal_system) [ RunTime:0.0010s ]
SQL: SELECT DISTINCT u.username
                    FROM meal_orders o 
                    LEFT JOIN meal_user u ON o.user_id = u.id
                    WHERE o.system_id = 129 AND u.status = 1 
                    GROUP BY o.user_id [ RunTime:0.0020s ]
SQL: SELECT username
                        FROM meal_user 
                        WHERE status = 1 [ RunTime:0.0000s ]
INFO: [ view_parse ] --START--
INFO: [ template_filter ] --START--
INFO: Run Behavior\ContentReplaceBehavior [ RunTime:0.000000s ]
INFO: [ template_filter ] --END-- [ RunTime:0.001000s ]
INFO: Run Behavior\ParseTemplateBehavior [ RunTime:0.102006s ]
INFO: [ view_parse ] --END-- [ RunTime:0.102006s ]
INFO: [ view_filter ] --START--
INFO: Run Behavior\WriteHtmlCacheBehavior [ RunTime:0.000000s ]
INFO: [ view_filter ] --END-- [ RunTime:0.001000s ]
INFO: [ app_end ] --START--
INFO: Run Behavior\ShowPageTraceBehavior [ RunTime:0.001000s ]
INFO: [ app_end ] --END-- [ RunTime:0.001000s ]

[ 2017-04-03T09:31:52+08:00 ] ::1 /equip/meal/index.php/Home/Index/assets/i/favicon.png
INFO: [ app_init ] --START--
INFO: Run Behavior\BuildLiteBehavior [ RunTime:0.000000s ]
INFO: [ app_init ] --END-- [ RunTime:0.000000s ]

[ 2017-04-03T09:32:04+08:00 ] ::1 /equip/meal/index.php/Home/Login/logout.html
INFO: [ app_init ] --START--
INFO: Run Behavior\BuildLiteBehavior [ RunTime:0.001000s ]
INFO: [ app_init ] --END-- [ RunTime:0.001000s ]
INFO: [ app_begin ] --START--
INFO: Run Behavior\ReadHtmlCacheBehavior [ RunTime:0.001000s ]
INFO: [ app_begin ] --END-- [ RunTime:0.001000s ]
INFO: [ view_parse ] --START--
INFO: [ template_filter ] --START--
INFO: Run Behavior\ContentReplaceBehavior [ RunTime:0.000000s ]
INFO: [ template_filter ] --END-- [ RunTime:0.000000s ]
INFO: Run Behavior\ParseTemplateBehavior [ RunTime:0.009000s ]
INFO: [ view_parse ] --END-- [ RunTime:0.009000s ]
INFO: [ view_filter ] --START--
INFO: Run Behavior\WriteHtmlCacheBehavior [ RunTime:0.001000s ]
INFO: [ view_filter ] --END-- [ RunTime:0.001000s ]
INFO: [ app_end ] --START--
INFO: Run Behavior\ShowPageTraceBehavior [ RunTime:0.001000s ]
INFO: [ app_end ] --END-- [ RunTime:0.001000s ]

[ 2017-04-03T09:32:05+08:00 ] ::1 /equip/meal/index.php/Home/Login/login.html
INFO: [ app_init ] --START--
INFO: Run Behavior\BuildLiteBehavior [ RunTime:0.000000s ]
INFO: [ app_init ] --END-- [ RunTime:0.001000s ]
INFO: [ app_begin ] --START--
INFO: Run Behavior\ReadHtmlCacheBehavior [ RunTime:0.001000s ]
INFO: [ app_begin ] --END-- [ RunTime:0.001000s ]
INFO: [ view_parse ] --START--
INFO: [ template_filter ] --START--
INFO: Run Behavior\ContentReplaceBehavior [ RunTime:0.000000s ]
INFO: [ template_filter ] --END-- [ RunTime:0.000000s ]
INFO: Run Behavior\ParseTemplateBehavior [ RunTime:0.009001s ]
INFO: [ view_parse ] --END-- [ RunTime:0.009001s ]
INFO: [ view_filter ] --START--
INFO: Run Behavior\WriteHtmlCacheBehavior [ RunTime:0.001000s ]
INFO: [ view_filter ] --END-- [ RunTime:0.001000s ]

