[ 2017-02-03T12:41:06+08:00 ] 127.0.0.1 /equip/meal/
INFO: [ app_init ] --START--
INFO: Run Behavior\BuildLiteBehavior [ RunTime:0.000000s ]
INFO: [ app_init ] --END-- [ RunTime:0.002000s ]
INFO: [ app_begin ] --START--
INFO: Run Behavior\ReadHtmlCacheBehavior [ RunTime:0.008000s ]
INFO: [ app_begin ] --END-- [ RunTime:0.008000s ]

[ 2017-02-03T12:41:06+08:00 ] 127.0.0.1 /equip/meal/index.php/Home/Login/login.html
INFO: [ app_init ] --START--
INFO: Run Behavior\BuildLiteBehavior [ RunTime:0.000000s ]
INFO: [ app_init ] --END-- [ RunTime:0.000000s ]
INFO: [ app_begin ] --START--
INFO: Run Behavior\ReadHtmlCacheBehavior [ RunTime:0.001000s ]
INFO: [ app_begin ] --END-- [ RunTime:0.001000s ]
INFO: [ view_parse ] --START--
INFO: [ template_filter ] --START--
INFO: Run Behavior\ContentReplaceBehavior [ RunTime:0.000000s ]
INFO: [ template_filter ] --END-- [ RunTime:0.000000s ]
INFO: Run Behavior\ParseTemplateBehavior [ RunTime:0.058003s ]
INFO: [ view_parse ] --END-- [ RunTime:0.059003s ]
INFO: [ view_filter ] --START--
INFO: Run Behavior\WriteHtmlCacheBehavior [ RunTime:0.012001s ]
INFO: [ view_filter ] --END-- [ RunTime:0.013001s ]

[ 2017-02-03T12:41:07+08:00 ] 127.0.0.1 /equip/meal/index.php/Home/Login/assets/i/favicon.png
INFO: [ app_init ] --START--
INFO: Run Behavior\BuildLiteBehavior [ RunTime:0.000000s ]
INFO: [ app_init ] --END-- [ RunTime:0.001000s ]

[ 2017-02-03T13:25:34+08:00 ] 127.0.0.1 /equip/meal/
INFO: [ app_init ] --START--
INFO: Run Behavior\BuildLiteBehavior [ RunTime:0.000000s ]
INFO: [ app_init ] --END-- [ RunTime:0.001001s ]
INFO: [ app_begin ] --START--
INFO: Run Behavior\ReadHtmlCacheBehavior [ RunTime:0.002000s ]
INFO: [ app_begin ] --END-- [ RunTime:0.002000s ]

[ 2017-02-03T13:25:34+08:00 ] 127.0.0.1 /equip/meal/index.php/Home/Login/login.html
INFO: [ app_init ] --START--
INFO: Run Behavior\BuildLiteBehavior [ RunTime:0.000000s ]
INFO: [ app_init ] --END-- [ RunTime:0.002000s ]
INFO: [ app_begin ] --START--
INFO: Run Behavior\ReadHtmlCacheBehavior [ RunTime:0.002000s ]
INFO: [ app_begin ] --END-- [ RunTime:0.002000s ]
INFO: [ view_parse ] --START--
INFO: [ template_filter ] --START--
INFO: Run Behavior\ContentReplaceBehavior [ RunTime:0.000000s ]
INFO: [ template_filter ] --END-- [ RunTime:0.000000s ]
INFO: Run Behavior\ParseTemplateBehavior [ RunTime:0.019002s ]
INFO: [ view_parse ] --END-- [ RunTime:0.020002s ]
INFO: [ view_filter ] --START--
INFO: Run Behavior\WriteHtmlCacheBehavior [ RunTime:0.001000s ]
INFO: [ view_filter ] --END-- [ RunTime:0.001000s ]

[ 2017-02-03T13:39:34+08:00 ] 127.0.0.1 /equip/meal/
INFO: [ app_init ] --START--
INFO: Run Behavior\BuildLiteBehavior [ RunTime:0.000000s ]
INFO: [ app_init ] --END-- [ RunTime:0.001000s ]
INFO: [ app_begin ] --START--
INFO: Run Behavior\ReadHtmlCacheBehavior [ RunTime:0.001000s ]
INFO: [ app_begin ] --END-- [ RunTime:0.002000s ]

[ 2017-02-03T13:39:34+08:00 ] 127.0.0.1 /equip/meal/index.php/Home/Login/login.html
INFO: [ app_init ] --START--
INFO: Run Behavior\BuildLiteBehavior [ RunTime:0.000000s ]
INFO: [ app_init ] --END-- [ RunTime:0.001000s ]
INFO: [ app_begin ] --START--
INFO: Run Behavior\ReadHtmlCacheBehavior [ RunTime:0.001000s ]
INFO: [ app_begin ] --END-- [ RunTime:0.002000s ]
INFO: [ view_parse ] --START--
INFO: [ template_filter ] --START--
INFO: Run Behavior\ContentReplaceBehavior [ RunTime:0.001000s ]
INFO: [ template_filter ] --END-- [ RunTime:0.001000s ]
INFO: Run Behavior\ParseTemplateBehavior [ RunTime:0.016000s ]
INFO: [ view_parse ] --END-- [ RunTime:0.016000s ]
INFO: [ view_filter ] --START--
INFO: Run Behavior\WriteHtmlCacheBehavior [ RunTime:0.001000s ]
INFO: [ view_filter ] --END-- [ RunTime:0.002001s ]

[ 2017-02-03T17:33:20+08:00 ] 127.0.0.1 /equip/meal/
INFO: [ app_init ] --START--
INFO: Run Behavior\BuildLiteBehavior [ RunTime:0.000000s ]
INFO: [ app_init ] --END-- [ RunTime:0.001000s ]
INFO: [ app_begin ] --START--
INFO: Run Behavior\ReadHtmlCacheBehavior [ RunTime:0.001000s ]
INFO: [ app_begin ] --END-- [ RunTime:0.001000s ]

[ 2017-02-03T17:33:20+08:00 ] 127.0.0.1 /equip/meal/index.php/Home/Login/login.html
INFO: [ app_init ] --START--
INFO: Run Behavior\BuildLiteBehavior [ RunTime:0.001000s ]
INFO: [ app_init ] --END-- [ RunTime:0.001000s ]
INFO: [ app_begin ] --START--
INFO: Run Behavior\ReadHtmlCacheBehavior [ RunTime:0.001000s ]
INFO: [ app_begin ] --END-- [ RunTime:0.001000s ]
INFO: [ view_parse ] --START--
INFO: [ template_filter ] --START--
INFO: Run Behavior\ContentReplaceBehavior [ RunTime:0.000000s ]
INFO: [ template_filter ] --END-- [ RunTime:0.001000s ]
INFO: Run Behavior\ParseTemplateBehavior [ RunTime:0.011001s ]
INFO: [ view_parse ] --END-- [ RunTime:0.012001s ]
INFO: [ view_filter ] --START--
INFO: Run Behavior\WriteHtmlCacheBehavior [ RunTime:0.001000s ]
INFO: [ view_filter ] --END-- [ RunTime:0.001000s ]

[ 2017-02-03T17:34:05+08:00 ] 127.0.0.1 /equip/meal/index.php/Home/Login/login.html
INFO: [ app_init ] --START--
INFO: Run Behavior\BuildLiteBehavior [ RunTime:0.000000s ]
INFO: [ app_init ] --END-- [ RunTime:0.001000s ]
INFO: [ app_begin ] --START--
INFO: Run Behavior\ReadHtmlCacheBehavior [ RunTime:0.002000s ]
INFO: [ app_begin ] --END-- [ RunTime:0.002000s ]
INFO: [ view_parse ] --START--
INFO: [ template_filter ] --START--
INFO: Run Behavior\ContentReplaceBehavior [ RunTime:0.000000s ]
INFO: [ template_filter ] --END-- [ RunTime:0.001000s ]
INFO: Run Behavior\ParseTemplateBehavior [ RunTime:0.011001s ]
INFO: [ view_parse ] --END-- [ RunTime:0.011001s ]
INFO: [ view_filter ] --START--
INFO: Run Behavior\WriteHtmlCacheBehavior [ RunTime:0.001000s ]
INFO: [ view_filter ] --END-- [ RunTime:0.001000s ]

[ 2017-02-03T17:34:07+08:00 ] 127.0.0.1 /equip/meal/index.php/Home/Login/login.html
INFO: [ app_init ] --START--
INFO: Run Behavior\BuildLiteBehavior [ RunTime:0.000000s ]
INFO: [ app_init ] --END-- [ RunTime:0.001000s ]
INFO: [ app_begin ] --START--
INFO: Run Behavior\ReadHtmlCacheBehavior [ RunTime:0.001000s ]
INFO: [ app_begin ] --END-- [ RunTime:0.001000s ]
INFO: [ view_parse ] --START--
INFO: [ template_filter ] --START--
INFO: Run Behavior\ContentReplaceBehavior [ RunTime:0.000000s ]
INFO: [ template_filter ] --END-- [ RunTime:0.000000s ]
INFO: Run Behavior\ParseTemplateBehavior [ RunTime:0.011001s ]
INFO: [ view_parse ] --END-- [ RunTime:0.011001s ]
INFO: [ view_filter ] --START--
INFO: Run Behavior\WriteHtmlCacheBehavior [ RunTime:0.001000s ]
INFO: [ view_filter ] --END-- [ RunTime:0.001000s ]

[ 2017-02-03T17:34:17+08:00 ] 127.0.0.1 /equip/meal/index.php/Home/Login/login.html
INFO: [ app_init ] --START--
INFO: Run Behavior\BuildLiteBehavior [ RunTime:0.000000s ]
INFO: [ app_init ] --END-- [ RunTime:0.001000s ]
INFO: [ app_begin ] --START--
INFO: Run Behavior\ReadHtmlCacheBehavior [ RunTime:0.001000s ]
INFO: [ app_begin ] --END-- [ RunTime:0.002000s ]
INFO: [ view_parse ] --START--
INFO: [ template_filter ] --START--
INFO: Run Behavior\ContentReplaceBehavior [ RunTime:0.000000s ]
INFO: [ template_filter ] --END-- [ RunTime:0.000000s ]
INFO: Run Behavior\ParseTemplateBehavior [ RunTime:0.012001s ]
INFO: [ view_parse ] --END-- [ RunTime:0.012001s ]
INFO: [ view_filter ] --START--
INFO: Run Behavior\WriteHtmlCacheBehavior [ RunTime:0.001000s ]
INFO: [ view_filter ] --END-- [ RunTime:0.001000s ]

[ 2017-02-03T17:37:11+08:00 ] 127.0.0.1 /equip/meal/
INFO: [ app_init ] --START--
INFO: Run Behavior\BuildLiteBehavior [ RunTime:0.000000s ]
INFO: [ app_init ] --END-- [ RunTime:0.000000s ]
INFO: [ app_begin ] --START--
INFO: Run Behavior\ReadHtmlCacheBehavior [ RunTime:0.001000s ]
INFO: [ app_begin ] --END-- [ RunTime:0.001000s ]

[ 2017-02-03T17:37:11+08:00 ] 127.0.0.1 /equip/meal/index.php/Home/Login/login.html
INFO: [ app_init ] --START--
INFO: Run Behavior\BuildLiteBehavior [ RunTime:0.000000s ]
INFO: [ app_init ] --END-- [ RunTime:0.001001s ]
INFO: [ app_begin ] --START--
INFO: Run Behavior\ReadHtmlCacheBehavior [ RunTime:0.001000s ]
INFO: [ app_begin ] --END-- [ RunTime:0.001000s ]
INFO: [ view_parse ] --START--
INFO: [ template_filter ] --START--
INFO: Run Behavior\ContentReplaceBehavior [ RunTime:0.000000s ]
INFO: [ template_filter ] --END-- [ RunTime:0.001000s ]
INFO: Run Behavior\ParseTemplateBehavior [ RunTime:0.011001s ]
INFO: [ view_parse ] --END-- [ RunTime:0.011001s ]
INFO: [ view_filter ] --START--
INFO: Run Behavior\WriteHtmlCacheBehavior [ RunTime:0.001000s ]
INFO: [ view_filter ] --END-- [ RunTime:0.001000s ]

[ 2017-02-03T17:37:18+08:00 ] 127.0.0.1 /equip/meal/index.php/Home/Login/login.html
INFO: [ app_init ] --START--
INFO: Run Behavior\BuildLiteBehavior [ RunTime:0.000000s ]
INFO: [ app_init ] --END-- [ RunTime:0.000000s ]
INFO: [ app_begin ] --START--
INFO: Run Behavior\ReadHtmlCacheBehavior [ RunTime:0.001000s ]
INFO: [ app_begin ] --END-- [ RunTime:0.002000s ]
INFO: [ view_parse ] --START--
INFO: [ template_filter ] --START--
INFO: Run Behavior\ContentReplaceBehavior [ RunTime:0.000000s ]
INFO: [ template_filter ] --END-- [ RunTime:0.000000s ]
INFO: Run Behavior\ParseTemplateBehavior [ RunTime:0.011000s ]
INFO: [ view_parse ] --END-- [ RunTime:0.011000s ]
INFO: [ view_filter ] --START--
INFO: Run Behavior\WriteHtmlCacheBehavior [ RunTime:0.001001s ]
INFO: [ view_filter ] --END-- [ RunTime:0.001001s ]

[ 2017-02-03T17:38:48+08:00 ] 127.0.0.1 /equip/meal/index.php/Home/Login/login.html
INFO: [ app_init ] --START--
INFO: Run Behavior\BuildLiteBehavior [ RunTime:0.001000s ]
INFO: [ app_init ] --END-- [ RunTime:0.001000s ]
INFO: [ app_begin ] --START--
INFO: Run Behavior\ReadHtmlCacheBehavior [ RunTime:0.001001s ]
INFO: [ app_begin ] --END-- [ RunTime:0.002001s ]
SQL: SHOW COLUMNS FROM `meal_system` [ RunTime:0.0360s ]

[ 2017-02-03T17:38:49+08:00 ] 127.0.0.1 /equip/meal/index.php/Home/Login/login.html
INFO: [ app_init ] --START--
INFO: Run Behavior\BuildLiteBehavior [ RunTime:0.001000s ]
INFO: [ app_init ] --END-- [ RunTime:0.001000s ]
INFO: [ app_begin ] --START--
INFO: Run Behavior\ReadHtmlCacheBehavior [ RunTime:0.000000s ]
INFO: [ app_begin ] --END-- [ RunTime:0.001000s ]
INFO: [ view_parse ] --START--
INFO: [ template_filter ] --START--
INFO: Run Behavior\ContentReplaceBehavior [ RunTime:0.000000s ]
INFO: [ template_filter ] --END-- [ RunTime:0.000000s ]
INFO: Run Behavior\ParseTemplateBehavior [ RunTime:0.012001s ]
INFO: [ view_parse ] --END-- [ RunTime:0.012001s ]
INFO: [ view_filter ] --START--
INFO: Run Behavior\WriteHtmlCacheBehavior [ RunTime:0.001000s ]
INFO: [ view_filter ] --END-- [ RunTime:0.001000s ]

[ 2017-02-03T17:42:05+08:00 ] 127.0.0.1 /equip/meal/index.php/Home/Login/login.html
INFO: [ app_init ] --START--
INFO: Run Behavior\BuildLiteBehavior [ RunTime:0.000000s ]
INFO: [ app_init ] --END-- [ RunTime:0.001000s ]
INFO: [ app_begin ] --START--
INFO: Run Behavior\ReadHtmlCacheBehavior [ RunTime:0.002000s ]
INFO: [ app_begin ] --END-- [ RunTime:0.002000s ]
SQL: SHOW COLUMNS FROM `meal_system` [ RunTime:0.0030s ]
SQL: SHOW COLUMNS FROM `meal_user` [ RunTime:0.1420s ]
SQL: SELECT * FROM `meal_user` WHERE `username` = 'cb' LIMIT 1   [ RunTime:0.0430s ]
SQL: SELECT id, status, merchantmumber 
                          FROM meal_system 
                          ORDER BY id DESC 
                          LIMIT 1 [ RunTime:0.0010s ]
INFO: [ view_parse ] --START--
INFO: [ template_filter ] --START--
INFO: Run Behavior\ContentReplaceBehavior [ RunTime:0.000000s ]
INFO: [ template_filter ] --END-- [ RunTime:0.001000s ]
INFO: Run Behavior\ParseTemplateBehavior [ RunTime:0.033002s ]
INFO: [ view_parse ] --END-- [ RunTime:0.033002s ]
INFO: [ view_filter ] --START--
INFO: Run Behavior\WriteHtmlCacheBehavior [ RunTime:0.001000s ]
INFO: [ view_filter ] --END-- [ RunTime:0.001000s ]
INFO: [ app_end ] --START--
INFO: Run Behavior\ShowPageTraceBehavior [ RunTime:0.009000s ]
INFO: [ app_end ] --END-- [ RunTime:0.009000s ]

[ 2017-02-03T17:42:07+08:00 ] 127.0.0.1 /equip/meal/index.php/Home/Index/index.html
INFO: [ app_init ] --START--
INFO: Run Behavior\BuildLiteBehavior [ RunTime:0.000000s ]
INFO: [ app_init ] --END-- [ RunTime:0.001000s ]
INFO: [ app_begin ] --START--
INFO: Run Behavior\ReadHtmlCacheBehavior [ RunTime:0.001000s ]
INFO: [ app_begin ] --END-- [ RunTime:0.001000s ]
SQL: SHOW COLUMNS FROM `meal_system` [ RunTime:0.0030s ]
SQL: SELECT id, status, merchantmumber 
                    FROM meal_system 
                    ORDER BY id DESC 
                    LIMIT 1 [ RunTime:0.0010s ]
SQL: SHOW COLUMNS FROM `meal_user` [ RunTime:0.0040s ]
SQL: SELECT `money` FROM `meal_user` WHERE ( id=1 ) LIMIT 1   [ RunTime:0.0000s ]
SQL: SHOW COLUMNS FROM `meal_orders` [ RunTime:0.0170s ]
NOTIC: [8] Undefined offset: 0 E:\xampp\htdocs\equip\meal\Application\Home\Model\OrdersModel.class.php 第 46 行.
NOTIC: [8] Undefined offset: 0 E:\xampp\htdocs\equip\meal\Application\Home\Model\OrdersModel.class.php 第 46 行.
NOTIC: [8] Undefined offset: 0 E:\xampp\htdocs\equip\meal\Application\Home\Model\OrdersModel.class.php 第 46 行.
NOTIC: [8] Undefined offset: 0 E:\xampp\htdocs\equip\meal\Application\Home\Model\OrdersModel.class.php 第 46 行.
NOTIC: [8] Undefined offset: 0 E:\xampp\htdocs\equip\meal\Application\Home\Model\OrdersModel.class.php 第 46 行.
NOTIC: [8] Undefined offset: 0 E:\xampp\htdocs\equip\meal\Application\Home\Model\OrdersModel.class.php 第 46 行.
NOTIC: [8] Undefined offset: 0 E:\xampp\htdocs\equip\meal\Application\Home\Model\OrdersModel.class.php 第 46 行.
NOTIC: [8] Undefined offset: 0 E:\xampp\htdocs\equip\meal\Application\Home\Model\OrdersModel.class.php 第 46 行.
NOTIC: [8] Undefined offset: 0 E:\xampp\htdocs\equip\meal\Application\Home\Model\OrdersModel.class.php 第 46 行.
NOTIC: [8] Undefined offset: 0 E:\xampp\htdocs\equip\meal\Application\Home\Model\OrdersModel.class.php 第 46 行.
NOTIC: [8] Undefined offset: 0 E:\xampp\htdocs\equip\meal\Application\Home\Model\OrdersModel.class.php 第 46 行.
NOTIC: [8] Undefined offset: 0 E:\xampp\htdocs\equip\meal\Application\Home\Model\OrdersModel.class.php 第 46 行.
NOTIC: [8] Undefined offset: 0 E:\xampp\htdocs\equip\meal\Application\Home\Model\OrdersModel.class.php 第 46 行.
NOTIC: [8] Undefined offset: 0 E:\xampp\htdocs\equip\meal\Application\Home\Model\OrdersModel.class.php 第 46 行.
NOTIC: [8] Undefined offset: 0 E:\xampp\htdocs\equip\meal\Application\Home\Model\OrdersModel.class.php 第 46 行.
NOTIC: [8] Undefined offset: 0 E:\xampp\htdocs\equip\meal\Application\Home\Model\OrdersModel.class.php 第 46 行.
NOTIC: [8] Undefined offset: 0 E:\xampp\htdocs\equip\meal\Application\Home\Model\OrdersModel.class.php 第 46 行.
NOTIC: [8] Undefined offset: 0 E:\xampp\htdocs\equip\meal\Application\Home\Model\OrdersModel.class.php 第 46 行.
NOTIC: [8] Undefined offset: 0 E:\xampp\htdocs\equip\meal\Application\Home\Model\OrdersModel.class.php 第 46 行.
NOTIC: [8] Undefined offset: 0 E:\xampp\htdocs\equip\meal\Application\Home\Model\OrdersModel.class.php 第 46 行.
NOTIC: [8] Undefined offset: 0 E:\xampp\htdocs\equip\meal\Application\Home\Model\OrdersModel.class.php 第 46 行.
NOTIC: [8] Undefined offset: 0 E:\xampp\htdocs\equip\meal\Application\Home\Model\OrdersModel.class.php 第 46 行.
NOTIC: [8] Undefined offset: 0 E:\xampp\htdocs\equip\meal\Application\Home\Model\OrdersModel.class.php 第 46 行.
NOTIC: [8] Undefined offset: 0 E:\xampp\htdocs\equip\meal\Application\Home\Model\OrdersModel.class.php 第 46 行.
NOTIC: [8] Undefined offset: 0 E:\xampp\htdocs\equip\meal\Application\Home\Model\OrdersModel.class.php 第 46 行.
NOTIC: [8] Undefined offset: 0 E:\xampp\htdocs\equip\meal\Application\Home\Model\OrdersModel.class.php 第 46 行.
NOTIC: [8] Undefined offset: 0 E:\xampp\htdocs\equip\meal\Application\Home\Model\OrdersModel.class.php 第 46 行.
NOTIC: [8] Undefined offset: 0 E:\xampp\htdocs\equip\meal\Application\Home\Model\OrdersModel.class.php 第 46 行.
NOTIC: [8] Undefined offset: 0 E:\xampp\htdocs\equip\meal\Application\Home\Model\OrdersModel.class.php 第 46 行.
NOTIC: [8] Undefined offset: 0 E:\xampp\htdocs\equip\meal\Application\Home\Model\OrdersModel.class.php 第 46 行.
NOTIC: [8] Undefined offset: 0 E:\xampp\htdocs\equip\meal\Application\Home\Model\OrdersModel.class.php 第 46 行.
NOTIC: [8] Undefined offset: 0 E:\xampp\htdocs\equip\meal\Application\Home\Model\OrdersModel.class.php 第 46 行.
NOTIC: [8] Undefined offset: 0 E:\xampp\htdocs\equip\meal\Application\Home\Model\OrdersModel.class.php 第 46 行.
NOTIC: [8] Undefined offset: 0 E:\xampp\htdocs\equip\meal\Application\Home\Model\OrdersModel.class.php 第 46 行.
NOTIC: [8] Undefined offset: 0 E:\xampp\htdocs\equip\meal\Application\Home\Model\OrdersModel.class.php 第 46 行.
NOTIC: [8] Undefined offset: 0 E:\xampp\htdocs\equip\meal\Application\Home\Model\OrdersModel.class.php 第 46 行.
NOTIC: [8] Undefined offset: 0 E:\xampp\htdocs\equip\meal\Application\Home\Model\OrdersModel.class.php 第 46 行.
NOTIC: [8] Undefined offset: 0 E:\xampp\htdocs\equip\meal\Application\Home\Model\OrdersModel.class.php 第 46 行.
NOTIC: [8] Undefined offset: 0 E:\xampp\htdocs\equip\meal\Application\Home\Model\OrdersModel.class.php 第 46 行.
NOTIC: [8] Undefined offset: 0 E:\xampp\htdocs\equip\meal\Application\Home\Model\OrdersModel.class.php 第 46 行.
NOTIC: [8] Undefined offset: 0 E:\xampp\htdocs\equip\meal\Application\Home\Model\OrdersModel.class.php 第 46 行.
NOTIC: [8] Undefined offset: 0 E:\xampp\htdocs\equip\meal\Application\Home\Model\OrdersModel.class.php 第 46 行.
NOTIC: [8] Undefined offset: 0 E:\xampp\htdocs\equip\meal\Application\Home\Model\OrdersModel.class.php 第 46 行.
NOTIC: [8] Undefined offset: 0 E:\xampp\htdocs\equip\meal\Application\Home\Model\OrdersModel.class.php 第 46 行.
NOTIC: [8] Undefined offset: 0 E:\xampp\htdocs\equip\meal\Application\Home\Model\OrdersModel.class.php 第 46 行.
NOTIC: [8] Undefined offset: 0 E:\xampp\htdocs\equip\meal\Application\Home\Model\OrdersModel.class.php 第 46 行.
NOTIC: [8] Undefined offset: 0 E:\xampp\htdocs\equip\meal\Application\Home\Model\OrdersModel.class.php 第 46 行.
NOTIC: [8] Undefined offset: 0 E:\xampp\htdocs\equip\meal\Application\Home\Model\OrdersModel.class.php 第 46 行.
NOTIC: [8] Undefined offset: 0 E:\xampp\htdocs\equip\meal\Application\Home\Model\OrdersModel.class.php 第 46 行.
NOTIC: [8] Undefined offset: 0 E:\xampp\htdocs\equip\meal\Application\Home\Model\OrdersModel.class.php 第 46 行.
NOTIC: [8] Undefined offset: 0 E:\xampp\htdocs\equip\meal\Application\Home\Model\OrdersModel.class.php 第 46 行.
NOTIC: [8] Undefined offset: 0 E:\xampp\htdocs\equip\meal\Application\Home\Model\OrdersModel.class.php 第 46 行.
NOTIC: [8] Undefined offset: 0 E:\xampp\htdocs\equip\meal\Application\Home\Model\OrdersModel.class.php 第 46 行.
NOTIC: [8] Undefined offset: 0 E:\xampp\htdocs\equip\meal\Application\Home\Model\OrdersModel.class.php 第 46 行.
NOTIC: [8] Undefined offset: 0 E:\xampp\htdocs\equip\meal\Application\Home\Model\OrdersModel.class.php 第 46 行.
NOTIC: [8] Undefined offset: 0 E:\xampp\htdocs\equip\meal\Application\Home\Model\OrdersModel.class.php 第 46 行.
NOTIC: [8] Undefined offset: 0 E:\xampp\htdocs\equip\meal\Application\Home\Model\OrdersModel.class.php 第 46 行.
NOTIC: [8] Undefined offset: 0 E:\xampp\htdocs\equip\meal\Application\Home\Model\OrdersModel.class.php 第 46 行.
NOTIC: [8] Undefined offset: 0 E:\xampp\htdocs\equip\meal\Application\Home\Model\OrdersModel.class.php 第 46 行.
NOTIC: [8] Undefined offset: 0 E:\xampp\htdocs\equip\meal\Application\Home\Model\OrdersModel.class.php 第 46 行.
NOTIC: [8] Undefined offset: 0 E:\xampp\htdocs\equip\meal\Application\Home\Model\OrdersModel.class.php 第 46 行.
NOTIC: [8] Undefined offset: 0 E:\xampp\htdocs\equip\meal\Application\Home\Model\OrdersModel.class.php 第 46 行.
NOTIC: [8] Undefined offset: 0 E:\xampp\htdocs\equip\meal\Application\Home\Model\OrdersModel.class.php 第 46 行.
NOTIC: [8] Undefined offset: 0 E:\xampp\htdocs\equip\meal\Application\Home\Model\OrdersModel.class.php 第 46 行.
NOTIC: [8] Undefined offset: 0 E:\xampp\htdocs\equip\meal\Application\Home\Model\OrdersModel.class.php 第 46 行.
NOTIC: [8] Undefined offset: 0 E:\xampp\htdocs\equip\meal\Application\Home\Model\OrdersModel.class.php 第 46 行.
NOTIC: [8] Undefined offset: 0 E:\xampp\htdocs\equip\meal\Application\Home\Model\OrdersModel.class.php 第 46 行.
NOTIC: [8] Undefined offset: 0 E:\xampp\htdocs\equip\meal\Application\Home\Model\OrdersModel.class.php 第 46 行.
NOTIC: [8] Undefined offset: 0 E:\xampp\htdocs\equip\meal\Application\Home\Model\OrdersModel.class.php 第 46 行.
NOTIC: [8] Undefined offset: 0 E:\xampp\htdocs\equip\meal\Application\Home\Model\OrdersModel.class.php 第 46 行.
NOTIC: [8] Undefined offset: 0 E:\xampp\htdocs\equip\meal\Application\Home\Model\OrdersModel.class.php 第 46 行.
NOTIC: [8] Undefined offset: 0 E:\xampp\htdocs\equip\meal\Application\Home\Model\OrdersModel.class.php 第 46 行.
NOTIC: [8] Undefined offset: 0 E:\xampp\htdocs\equip\meal\Application\Home\Model\OrdersModel.class.php 第 46 行.
NOTIC: [8] Undefined offset: 0 E:\xampp\htdocs\equip\meal\Application\Home\Model\OrdersModel.class.php 第 46 行.
NOTIC: [8] Undefined offset: 0 E:\xampp\htdocs\equip\meal\Application\Home\Model\OrdersModel.class.php 第 46 行.
NOTIC: [8] Undefined offset: 0 E:\xampp\htdocs\equip\meal\Application\Home\Model\OrdersModel.class.php 第 46 行.
NOTIC: [8] Undefined offset: 0 E:\xampp\htdocs\equip\meal\Application\Home\Model\OrdersModel.class.php 第 46 行.
NOTIC: [8] Undefined offset: 0 E:\xampp\htdocs\equip\meal\Application\Home\Model\OrdersModel.class.php 第 46 行.
NOTIC: [8] Undefined offset: 0 E:\xampp\htdocs\equip\meal\Application\Home\Model\OrdersModel.class.php 第 46 行.
NOTIC: [8] Undefined offset: 0 E:\xampp\htdocs\equip\meal\Application\Home\Model\OrdersModel.class.php 第 46 行.
NOTIC: [8] Undefined offset: 0 E:\xampp\htdocs\equip\meal\Application\Home\Model\OrdersModel.class.php 第 46 行.
NOTIC: [8] Undefined offset: 0 E:\xampp\htdocs\equip\meal\Application\Home\Model\OrdersModel.class.php 第 46 行.
NOTIC: [8] Undefined offset: 0 E:\xampp\htdocs\equip\meal\Application\Home\Model\OrdersModel.class.php 第 46 行.
NOTIC: [8] Undefined offset: 0 E:\xampp\htdocs\equip\meal\Application\Home\Model\OrdersModel.class.php 第 46 行.
NOTIC: [8] Undefined offset: 0 E:\xampp\htdocs\equip\meal\Application\Home\Model\OrdersModel.class.php 第 46 行.
NOTIC: [8] Undefined offset: 0 E:\xampp\htdocs\equip\meal\Application\Home\Model\OrdersModel.class.php 第 46 行.
NOTIC: [8] Undefined offset: 0 E:\xampp\htdocs\equip\meal\Application\Home\Model\OrdersModel.class.php 第 46 行.
NOTIC: [8] Undefined offset: 0 E:\xampp\htdocs\equip\meal\Application\Home\Model\OrdersModel.class.php 第 46 行.
NOTIC: [8] Undefined offset: 0 E:\xampp\htdocs\equip\meal\Application\Home\Model\OrdersModel.class.php 第 46 行.
SQL: SELECT o.id, o.user_id, o.foodname, o.num, o.price, u.username 
        			FROM meal_orders o
        			LEFT JOIN meal_user u ON o.user_id = u.id
        			WHERE system_id = 129
                    ORDER BY user_id = 1 DESC [ RunTime:0.0390s ]
NOTIC: [8] Undefined index: total E:\xampp\htdocs\equip\meal\Application\Home\Model\OrdersModel.class.php 第 170 行.
SQL: SELECT foodname, SUM(num) AS number, SUM(num) * price AS total
                    FROM meal_orders  
                    WHERE system_id = 129
                    GROUP BY foodname
                    ORDER BY number ASC [ RunTime:0.0220s ]
NOTIC: [8] Undefined variable: allTotal E:\xampp\htdocs\equip\meal\Application\Home\Model\OrdersModel.class.php 第 199 行.
SQL: SELECT status FROM meal_system WHERE id = (SELECT MAX(id) FROM meal_system) [ RunTime:0.0000s ]
SQL: SELECT DISTINCT u.username
                    FROM meal_orders o 
                    LEFT JOIN meal_user u ON o.user_id = u.id
                    WHERE o.system_id = 129 AND u.status = 1 
                    GROUP BY o.user_id [ RunTime:0.0010s ]
SQL: SELECT username
                        FROM meal_user 
                        WHERE status = 1 [ RunTime:0.0000s ]
INFO: [ view_parse ] --START--
INFO: [ template_filter ] --START--
INFO: Run Behavior\ContentReplaceBehavior [ RunTime:0.000000s ]
INFO: [ template_filter ] --END-- [ RunTime:0.000000s ]
INFO: Run Behavior\ParseTemplateBehavior [ RunTime:0.107006s ]
INFO: [ view_parse ] --END-- [ RunTime:0.109006s ]
INFO: [ view_filter ] --START--
INFO: Run Behavior\WriteHtmlCacheBehavior [ RunTime:0.001000s ]
INFO: [ view_filter ] --END-- [ RunTime:0.001000s ]
INFO: [ app_end ] --START--
INFO: Run Behavior\ShowPageTraceBehavior [ RunTime:0.002000s ]
INFO: [ app_end ] --END-- [ RunTime:0.002000s ]

