[ 2017-01-03T10:54:14+08:00 ] 192.168.0.164 /meal/index.php/Home/Index/index.html
INFO: [ app_init ] --START--
INFO: Run Behavior\BuildLiteBehavior [ RunTime:0.000009s ]
INFO: [ app_init ] --END-- [ RunTime:0.000357s ]
INFO: [ app_begin ] --START--
INFO: Run Behavior\ReadHtmlCacheBehavior [ RunTime:0.000502s ]
INFO: [ app_begin ] --END-- [ RunTime:0.000540s ]

[ 2017-01-03T10:54:14+08:00 ] 192.168.0.164 /meal/index.php/Home/Login/login.html
INFO: [ app_init ] --START--
INFO: Run Behavior\BuildLiteBehavior [ RunTime:0.000008s ]
INFO: [ app_init ] --END-- [ RunTime:0.000203s ]
INFO: [ app_begin ] --START--
INFO: Run Behavior\ReadHtmlCacheBehavior [ RunTime:0.000332s ]
INFO: [ app_begin ] --END-- [ RunTime:0.000360s ]
INFO: [ view_parse ] --START--
INFO: [ template_filter ] --START--
INFO: Run Behavior\ContentReplaceBehavior [ RunTime:0.003243s ]
INFO: [ template_filter ] --END-- [ RunTime:0.003369s ]
INFO: Run Behavior\ParseTemplateBehavior [ RunTime:0.030294s ]
INFO: [ view_parse ] --END-- [ RunTime:0.030371s ]
INFO: [ view_filter ] --START--
INFO: Run Behavior\WriteHtmlCacheBehavior [ RunTime:0.000530s ]
INFO: [ view_filter ] --END-- [ RunTime:0.000619s ]

[ 2017-01-03T10:54:17+08:00 ] 192.168.0.164 /meal/index.php/Home/Login/assets/i/favicon.png
INFO: [ app_init ] --START--
INFO: Run Behavior\BuildLiteBehavior [ RunTime:0.000008s ]
INFO: [ app_init ] --END-- [ RunTime:0.000646s ]

[ 2017-01-03T10:54:24+08:00 ] 192.168.0.164 /meal/index.php/Home/Login/login.html
INFO: [ app_init ] --START--
INFO: Run Behavior\BuildLiteBehavior [ RunTime:0.000007s ]
INFO: [ app_init ] --END-- [ RunTime:0.000246s ]
INFO: [ app_begin ] --START--
INFO: Run Behavior\ReadHtmlCacheBehavior [ RunTime:0.000305s ]
INFO: [ app_begin ] --END-- [ RunTime:0.000342s ]
SQL: SHOW COLUMNS FROM `meal_system` [ RunTime:0.0173s ]
SQL: SHOW COLUMNS FROM `meal_user` [ RunTime:0.0225s ]
SQL: SELECT * FROM `meal_user` WHERE `username` = '唐仁昌' LIMIT 1   [ RunTime:0.0005s ]
SQL: SELECT id, status, merchantmumber FROM meal_system WHERE id = (SELECT MAX(id) FROM meal_system) [ RunTime:0.0002s ]
INFO: [ view_parse ] --START--
INFO: [ template_filter ] --START--
INFO: Run Behavior\ContentReplaceBehavior [ RunTime:0.000045s ]
INFO: [ template_filter ] --END-- [ RunTime:0.000075s ]
INFO: Run Behavior\ParseTemplateBehavior [ RunTime:0.004312s ]
INFO: [ view_parse ] --END-- [ RunTime:0.004343s ]
INFO: [ view_filter ] --START--
INFO: Run Behavior\WriteHtmlCacheBehavior [ RunTime:0.000093s ]
INFO: [ view_filter ] --END-- [ RunTime:0.000115s ]
INFO: [ app_end ] --START--
INFO: Run Behavior\ShowPageTraceBehavior [ RunTime:0.000450s ]
INFO: [ app_end ] --END-- [ RunTime:0.000478s ]

[ 2017-01-03T10:54:26+08:00 ] 192.168.0.164 /meal/index.php/Home/Index/index.html
INFO: [ app_init ] --START--
INFO: Run Behavior\BuildLiteBehavior [ RunTime:0.000008s ]
INFO: [ app_init ] --END-- [ RunTime:0.000185s ]
INFO: [ app_begin ] --START--
INFO: Run Behavior\ReadHtmlCacheBehavior [ RunTime:0.000246s ]
INFO: [ app_begin ] --END-- [ RunTime:0.000275s ]
SQL: SHOW COLUMNS FROM `meal_system` [ RunTime:0.0006s ]
SQL: SELECT status, merchantmumber FROM meal_system WHERE id = (SELECT MAX(id) FROM meal_system) [ RunTime:0.0001s ]
SQL: SHOW COLUMNS FROM `meal_user` [ RunTime:0.0004s ]
SQL: SELECT `money` FROM `meal_user` WHERE ( id=52 ) LIMIT 1   [ RunTime:0.0001s ]
SQL: SHOW COLUMNS FROM `meal_orders` [ RunTime:0.0203s ]
NOTIC: [2] file_get_contents(http://mainsite-restapi.ele.me/shopping/v1/menu?restaurant_id=): failed to open stream: HTTP request failed! HTTP/1.1 500 Internal Error
 /data/hunfu/html/meal/Application/Home/Model/OrdersModel.class.php 第 19 行.
NOTIC: [2] Invalid argument supplied for foreach() /data/hunfu/html/meal/Application/Home/Model/OrdersModel.class.php 第 25 行.
NOTIC: [2] file_get_contents(http://mainsite-restapi.ele.me/shopping/restaurant/?extras%5B%5D=activity&amp;extras%5B%5D=license&amp;extras%5B%5D=identification&amp;extras%5B%5D=albums&amp;extras%5B%5D=flavors&amp;latitude=23.13324&amp;longitude=113.38605): failed to open stream: HTTP request failed! HTTP/1.1 404 Not Found
 /data/hunfu/html/meal/Application/Home/Model/OrdersModel.class.php 第 274 行.
SQL: SELECT MAX(id) AS tp_max FROM `meal_system` LIMIT 1   [ RunTime:0.0003s ]
SQL: SELECT o.id, o.user_id, o.foodname, o.num, o.price, u.username 
        			FROM meal_orders o
        			LEFT JOIN meal_user u ON o.user_id = u.id
        			WHERE system_id = 92 [ RunTime:0.0006s ]
NOTIC: [8] Undefined index: total /data/hunfu/html/meal/Application/Home/Model/OrdersModel.class.php 第 158 行.
NOTIC: [8] Undefined index: total /data/hunfu/html/meal/Application/Home/Model/OrdersModel.class.php 第 176 行.
NOTIC: [8] Undefined index: total /data/hunfu/html/meal/Application/Home/Model/OrdersModel.class.php 第 176 行.
NOTIC: [8] Undefined index: total /data/hunfu/html/meal/Application/Home/Model/OrdersModel.class.php 第 176 行.
NOTIC: [8] Undefined index: total /data/hunfu/html/meal/Application/Home/Model/OrdersModel.class.php 第 176 行.
NOTIC: [8] Undefined index: total /data/hunfu/html/meal/Application/Home/Model/OrdersModel.class.php 第 176 行.
SQL: SELECT MAX(id) AS tp_max FROM `meal_system` LIMIT 1   [ RunTime:0.0001s ]
SQL: SELECT id, foodname, num, user_id, price
        			FROM meal_orders
        			WHERE system_id = 92 [ RunTime:0.0004s ]
NOTIC: [8] Undefined variable: allTotal /data/hunfu/html/meal/Application/Home/Model/OrdersModel.class.php 第 214 行.
SQL: SELECT status FROM meal_system WHERE id = (SELECT MAX(id) FROM meal_system) [ RunTime:0.0003s ]
INFO: [ view_parse ] --START--
INFO: [ template_filter ] --START--
INFO: Run Behavior\ContentReplaceBehavior [ RunTime:0.000094s ]
INFO: [ template_filter ] --END-- [ RunTime:0.000122s ]
INFO: Run Behavior\ParseTemplateBehavior [ RunTime:0.047609s ]
INFO: [ view_parse ] --END-- [ RunTime:0.047682s ]
INFO: [ view_filter ] --START--
INFO: Run Behavior\WriteHtmlCacheBehavior [ RunTime:0.000093s ]
INFO: [ view_filter ] --END-- [ RunTime:0.000117s ]

[ 2017-01-03T11:29:31+08:00 ] 192.168.0.31 /meal/index.php/Home/Index/index
INFO: [ app_init ] --START--
INFO: Run Behavior\BuildLiteBehavior [ RunTime:0.000030s ]
INFO: [ app_init ] --END-- [ RunTime:0.000722s ]
INFO: [ app_begin ] --START--
INFO: Run Behavior\ReadHtmlCacheBehavior [ RunTime:0.001050s ]
INFO: [ app_begin ] --END-- [ RunTime:0.001166s ]

[ 2017-01-03T11:29:31+08:00 ] 192.168.0.31 /meal/index.php/Home/Login/login.html
INFO: [ app_init ] --START--
INFO: Run Behavior\BuildLiteBehavior [ RunTime:0.000007s ]
INFO: [ app_init ] --END-- [ RunTime:0.000180s ]
INFO: [ app_begin ] --START--
INFO: Run Behavior\ReadHtmlCacheBehavior [ RunTime:0.000238s ]
INFO: [ app_begin ] --END-- [ RunTime:0.000266s ]
INFO: [ view_parse ] --START--
INFO: [ template_filter ] --START--
INFO: Run Behavior\ContentReplaceBehavior [ RunTime:0.000029s ]
INFO: [ template_filter ] --END-- [ RunTime:0.000057s ]
INFO: Run Behavior\ParseTemplateBehavior [ RunTime:0.002881s ]
INFO: [ view_parse ] --END-- [ RunTime:0.002908s ]
INFO: [ view_filter ] --START--
INFO: Run Behavior\WriteHtmlCacheBehavior [ RunTime:0.000086s ]
INFO: [ view_filter ] --END-- [ RunTime:0.000118s ]

[ 2017-01-03T11:29:31+08:00 ] 192.168.0.31 /meal/index.php/Home/Login/assets/i/favicon.png
INFO: [ app_init ] --START--
INFO: Run Behavior\BuildLiteBehavior [ RunTime:0.000008s ]
INFO: [ app_init ] --END-- [ RunTime:0.000182s ]

[ 2017-01-03T11:29:36+08:00 ] 192.168.0.31 /meal/index.php/Home/Login/login.html
INFO: [ app_init ] --START--
INFO: Run Behavior\BuildLiteBehavior [ RunTime:0.000008s ]
INFO: [ app_init ] --END-- [ RunTime:0.000189s ]
INFO: [ app_begin ] --START--
INFO: Run Behavior\ReadHtmlCacheBehavior [ RunTime:0.000242s ]
INFO: [ app_begin ] --END-- [ RunTime:0.000272s ]
SQL: SHOW COLUMNS FROM `meal_system` [ RunTime:0.0006s ]
SQL: SHOW COLUMNS FROM `meal_user` [ RunTime:0.0005s ]
SQL: SELECT * FROM `meal_user` WHERE `username` = '陈彬' LIMIT 1   [ RunTime:0.0001s ]
SQL: SELECT id, status, merchantmumber FROM meal_system WHERE id = (SELECT MAX(id) FROM meal_system) [ RunTime:0.0000s ]
INFO: [ view_parse ] --START--
INFO: [ template_filter ] --START--
INFO: Run Behavior\ContentReplaceBehavior [ RunTime:0.000049s ]
INFO: [ template_filter ] --END-- [ RunTime:0.000081s ]
INFO: Run Behavior\ParseTemplateBehavior [ RunTime:0.003924s ]
INFO: [ view_parse ] --END-- [ RunTime:0.003955s ]
INFO: [ view_filter ] --START--
INFO: Run Behavior\WriteHtmlCacheBehavior [ RunTime:0.000090s ]
INFO: [ view_filter ] --END-- [ RunTime:0.000112s ]
INFO: [ app_end ] --START--
INFO: Run Behavior\ShowPageTraceBehavior [ RunTime:0.000340s ]
INFO: [ app_end ] --END-- [ RunTime:0.000367s ]

[ 2017-01-03T11:29:38+08:00 ] 192.168.0.31 /meal/index.php/Home/Index/index.html
INFO: [ app_init ] --START--
INFO: Run Behavior\BuildLiteBehavior [ RunTime:0.000029s ]
INFO: [ app_init ] --END-- [ RunTime:0.000716s ]
INFO: [ app_begin ] --START--
INFO: Run Behavior\ReadHtmlCacheBehavior [ RunTime:0.000942s ]
INFO: [ app_begin ] --END-- [ RunTime:0.001055s ]
SQL: SHOW COLUMNS FROM `meal_system` [ RunTime:0.0016s ]
SQL: SELECT status, merchantmumber FROM meal_system WHERE id = (SELECT MAX(id) FROM meal_system) [ RunTime:0.0001s ]
SQL: SHOW COLUMNS FROM `meal_user` [ RunTime:0.0014s ]
SQL: SELECT `money` FROM `meal_user` WHERE ( id=2 ) LIMIT 1   [ RunTime:0.0003s ]
SQL: SHOW COLUMNS FROM `meal_orders` [ RunTime:0.0015s ]
NOTIC: [2] file_get_contents(http://mainsite-restapi.ele.me/shopping/v1/menu?restaurant_id=): failed to open stream: HTTP request failed! HTTP/1.1 500 Internal Error
 /data/hunfu/html/meal/Application/Home/Model/OrdersModel.class.php 第 19 行.
NOTIC: [2] Invalid argument supplied for foreach() /data/hunfu/html/meal/Application/Home/Model/OrdersModel.class.php 第 25 行.
NOTIC: [2] file_get_contents(http://mainsite-restapi.ele.me/shopping/restaurant/?extras%5B%5D=activity&amp;extras%5B%5D=license&amp;extras%5B%5D=identification&amp;extras%5B%5D=albums&amp;extras%5B%5D=flavors&amp;latitude=23.13324&amp;longitude=113.38605): failed to open stream: HTTP request failed! HTTP/1.1 404 Not Found
 /data/hunfu/html/meal/Application/Home/Model/OrdersModel.class.php 第 274 行.
SQL: SELECT MAX(id) AS tp_max FROM `meal_system` LIMIT 1   [ RunTime:0.0002s ]
SQL: SELECT o.id, o.user_id, o.foodname, o.num, o.price, u.username 
        			FROM meal_orders o
        			LEFT JOIN meal_user u ON o.user_id = u.id
        			WHERE system_id = 92 [ RunTime:0.0002s ]
NOTIC: [8] Undefined index: total /data/hunfu/html/meal/Application/Home/Model/OrdersModel.class.php 第 158 行.
NOTIC: [8] Undefined index: total /data/hunfu/html/meal/Application/Home/Model/OrdersModel.class.php 第 176 行.
NOTIC: [8] Undefined index: total /data/hunfu/html/meal/Application/Home/Model/OrdersModel.class.php 第 176 行.
NOTIC: [8] Undefined index: total /data/hunfu/html/meal/Application/Home/Model/OrdersModel.class.php 第 176 行.
NOTIC: [8] Undefined index: total /data/hunfu/html/meal/Application/Home/Model/OrdersModel.class.php 第 176 行.
NOTIC: [8] Undefined index: total /data/hunfu/html/meal/Application/Home/Model/OrdersModel.class.php 第 176 行.
SQL: SELECT MAX(id) AS tp_max FROM `meal_system` LIMIT 1   [ RunTime:0.0002s ]
SQL: SELECT id, foodname, num, user_id, price
        			FROM meal_orders
        			WHERE system_id = 92 [ RunTime:0.0002s ]
NOTIC: [8] Undefined variable: allTotal /data/hunfu/html/meal/Application/Home/Model/OrdersModel.class.php 第 214 行.
SQL: SELECT status FROM meal_system WHERE id = (SELECT MAX(id) FROM meal_system) [ RunTime:0.0002s ]
INFO: [ view_parse ] --START--
INFO: [ template_filter ] --START--
INFO: Run Behavior\ContentReplaceBehavior [ RunTime:0.000094s ]
INFO: [ template_filter ] --END-- [ RunTime:0.000121s ]
INFO: Run Behavior\ParseTemplateBehavior [ RunTime:0.024801s ]
INFO: [ view_parse ] --END-- [ RunTime:0.024858s ]
INFO: [ view_filter ] --START--
INFO: Run Behavior\WriteHtmlCacheBehavior [ RunTime:0.000087s ]
INFO: [ view_filter ] --END-- [ RunTime:0.000111s ]
INFO: [ app_end ] --START--
INFO: Run Behavior\ShowPageTraceBehavior [ RunTime:0.000253s ]
INFO: [ app_end ] --END-- [ RunTime:0.000282s ]

[ 2017-01-03T11:29:38+08:00 ] 192.168.0.31 /meal/index.php/Home/Index/assets/i/favicon.png
INFO: [ app_init ] --START--
INFO: Run Behavior\BuildLiteBehavior [ RunTime:0.000029s ]
INFO: [ app_init ] --END-- [ RunTime:0.000710s ]

[ 2017-01-03T11:30:44+08:00 ] 192.168.0.31 /meal/index.php/Home/Login/logout.html
INFO: [ app_init ] --START--
INFO: Run Behavior\BuildLiteBehavior [ RunTime:0.000030s ]
INFO: [ app_init ] --END-- [ RunTime:0.000718s ]
INFO: [ app_begin ] --START--
INFO: Run Behavior\ReadHtmlCacheBehavior [ RunTime:0.000936s ]
INFO: [ app_begin ] --END-- [ RunTime:0.001049s ]
INFO: [ view_parse ] --START--
INFO: [ template_filter ] --START--
INFO: Run Behavior\ContentReplaceBehavior [ RunTime:0.000023s ]
INFO: [ template_filter ] --END-- [ RunTime:0.000049s ]
INFO: Run Behavior\ParseTemplateBehavior [ RunTime:0.006262s ]
INFO: [ view_parse ] --END-- [ RunTime:0.006322s ]
INFO: [ view_filter ] --START--
INFO: Run Behavior\WriteHtmlCacheBehavior [ RunTime:0.000084s ]
INFO: [ view_filter ] --END-- [ RunTime:0.000105s ]
INFO: [ app_end ] --START--
INFO: Run Behavior\ShowPageTraceBehavior [ RunTime:0.000251s ]
INFO: [ app_end ] --END-- [ RunTime:0.000275s ]

[ 2017-01-03T11:30:45+08:00 ] 192.168.0.31 /meal/index.php/Home/Login/login.html
INFO: [ app_init ] --START--
INFO: Run Behavior\BuildLiteBehavior [ RunTime:0.000030s ]
INFO: [ app_init ] --END-- [ RunTime:0.000709s ]
INFO: [ app_begin ] --START--
INFO: Run Behavior\ReadHtmlCacheBehavior [ RunTime:0.000940s ]
INFO: [ app_begin ] --END-- [ RunTime:0.001052s ]
INFO: [ view_parse ] --START--
INFO: [ template_filter ] --START--
INFO: Run Behavior\ContentReplaceBehavior [ RunTime:0.000027s ]
INFO: [ template_filter ] --END-- [ RunTime:0.000056s ]
INFO: Run Behavior\ParseTemplateBehavior [ RunTime:0.002844s ]
INFO: [ view_parse ] --END-- [ RunTime:0.002869s ]
INFO: [ view_filter ] --START--
INFO: Run Behavior\WriteHtmlCacheBehavior [ RunTime:0.000083s ]
INFO: [ view_filter ] --END-- [ RunTime:0.000104s ]

[ 2017-01-03T11:46:31+08:00 ] 192.168.0.164 /meal/index.php/Home/Index/index.html
INFO: [ app_init ] --START--
INFO: Run Behavior\BuildLiteBehavior [ RunTime:0.000029s ]
INFO: [ app_init ] --END-- [ RunTime:0.000714s ]
INFO: [ app_begin ] --START--
INFO: Run Behavior\ReadHtmlCacheBehavior [ RunTime:0.000951s ]
INFO: [ app_begin ] --END-- [ RunTime:0.001066s ]
SQL: SHOW COLUMNS FROM `meal_system` [ RunTime:0.0006s ]
SQL: SELECT status, merchantmumber FROM meal_system WHERE id = (SELECT MAX(id) FROM meal_system) [ RunTime:0.0001s ]
SQL: SHOW COLUMNS FROM `meal_user` [ RunTime:0.0005s ]
SQL: SELECT `money` FROM `meal_user` WHERE ( id=52 ) LIMIT 1   [ RunTime:0.0000s ]
SQL: SHOW COLUMNS FROM `meal_orders` [ RunTime:0.0005s ]
NOTIC: [2] file_get_contents(http://mainsite-restapi.ele.me/shopping/v1/menu?restaurant_id=): failed to open stream: HTTP request failed! HTTP/1.1 500 Internal Error
 /data/hunfu/html/meal/Application/Home/Model/OrdersModel.class.php 第 19 行.
NOTIC: [2] Invalid argument supplied for foreach() /data/hunfu/html/meal/Application/Home/Model/OrdersModel.class.php 第 25 行.
NOTIC: [2] file_get_contents(http://mainsite-restapi.ele.me/shopping/restaurant/?extras%5B%5D=activity&amp;extras%5B%5D=license&amp;extras%5B%5D=identification&amp;extras%5B%5D=albums&amp;extras%5B%5D=flavors&amp;latitude=23.13324&amp;longitude=113.38605): failed to open stream: HTTP request failed! HTTP/1.1 404 Not Found
 /data/hunfu/html/meal/Application/Home/Model/OrdersModel.class.php 第 274 行.
SQL: SELECT MAX(id) AS tp_max FROM `meal_system` LIMIT 1   [ RunTime:0.0001s ]
SQL: SELECT o.id, o.user_id, o.foodname, o.num, o.price, u.username 
        			FROM meal_orders o
        			LEFT JOIN meal_user u ON o.user_id = u.id
        			WHERE system_id = 92 [ RunTime:0.0002s ]
NOTIC: [8] Undefined index: total /data/hunfu/html/meal/Application/Home/Model/OrdersModel.class.php 第 158 行.
NOTIC: [8] Undefined index: total /data/hunfu/html/meal/Application/Home/Model/OrdersModel.class.php 第 176 行.
NOTIC: [8] Undefined index: total /data/hunfu/html/meal/Application/Home/Model/OrdersModel.class.php 第 176 行.
NOTIC: [8] Undefined index: total /data/hunfu/html/meal/Application/Home/Model/OrdersModel.class.php 第 176 行.
NOTIC: [8] Undefined index: total /data/hunfu/html/meal/Application/Home/Model/OrdersModel.class.php 第 176 行.
NOTIC: [8] Undefined index: total /data/hunfu/html/meal/Application/Home/Model/OrdersModel.class.php 第 176 行.
SQL: SELECT MAX(id) AS tp_max FROM `meal_system` LIMIT 1   [ RunTime:0.0001s ]
SQL: SELECT id, foodname, num, user_id, price
        			FROM meal_orders
        			WHERE system_id = 92 [ RunTime:0.0002s ]
NOTIC: [8] Undefined variable: allTotal /data/hunfu/html/meal/Application/Home/Model/OrdersModel.class.php 第 214 行.
SQL: SELECT status FROM meal_system WHERE id = (SELECT MAX(id) FROM meal_system) [ RunTime:0.0001s ]
INFO: [ view_parse ] --START--
INFO: [ template_filter ] --START--
INFO: Run Behavior\ContentReplaceBehavior [ RunTime:0.000091s ]
INFO: [ template_filter ] --END-- [ RunTime:0.000120s ]
INFO: Run Behavior\ParseTemplateBehavior [ RunTime:0.026204s ]
INFO: [ view_parse ] --END-- [ RunTime:0.026258s ]
INFO: [ view_filter ] --START--
INFO: Run Behavior\WriteHtmlCacheBehavior [ RunTime:0.000093s ]
INFO: [ view_filter ] --END-- [ RunTime:0.000117s ]
INFO: [ app_end ] --START--
INFO: Run Behavior\ShowPageTraceBehavior [ RunTime:0.000251s ]
INFO: [ app_end ] --END-- [ RunTime:0.000279s ]

[ 2017-01-03T11:46:32+08:00 ] 192.168.0.164 /meal/index.php/Home/Index/assets/i/favicon.png
INFO: [ app_init ] --START--
INFO: Run Behavior\BuildLiteBehavior [ RunTime:0.000031s ]
INFO: [ app_init ] --END-- [ RunTime:0.000708s ]

[ 2017-01-03T11:46:39+08:00 ] 192.168.0.164 /meal/index.php/Home/Index/index.html
INFO: [ app_init ] --START--
INFO: Run Behavior\BuildLiteBehavior [ RunTime:0.000030s ]
INFO: [ app_init ] --END-- [ RunTime:0.000711s ]
INFO: [ app_begin ] --START--
INFO: Run Behavior\ReadHtmlCacheBehavior [ RunTime:0.000934s ]
INFO: [ app_begin ] --END-- [ RunTime:0.001053s ]
SQL: SHOW COLUMNS FROM `meal_system` [ RunTime:0.0005s ]
SQL: SELECT status, merchantmumber FROM meal_system WHERE id = (SELECT MAX(id) FROM meal_system) [ RunTime:0.0000s ]
SQL: SHOW COLUMNS FROM `meal_user` [ RunTime:0.0004s ]
SQL: SELECT `money` FROM `meal_user` WHERE ( id=52 ) LIMIT 1   [ RunTime:0.0000s ]
SQL: SHOW COLUMNS FROM `meal_orders` [ RunTime:0.0004s ]
NOTIC: [2] file_get_contents(http://mainsite-restapi.ele.me/shopping/v1/menu?restaurant_id=): failed to open stream: HTTP request failed! HTTP/1.1 500 Internal Error
 /data/hunfu/html/meal/Application/Home/Model/OrdersModel.class.php 第 19 行.
NOTIC: [2] Invalid argument supplied for foreach() /data/hunfu/html/meal/Application/Home/Model/OrdersModel.class.php 第 25 行.
NOTIC: [2] file_get_contents(http://mainsite-restapi.ele.me/shopping/restaurant/?extras%5B%5D=activity&amp;extras%5B%5D=license&amp;extras%5B%5D=identification&amp;extras%5B%5D=albums&amp;extras%5B%5D=flavors&amp;latitude=23.13324&amp;longitude=113.38605): failed to open stream: HTTP request failed! HTTP/1.1 404 Not Found
 /data/hunfu/html/meal/Application/Home/Model/OrdersModel.class.php 第 274 行.
SQL: SELECT MAX(id) AS tp_max FROM `meal_system` LIMIT 1   [ RunTime:0.0001s ]
SQL: SELECT o.id, o.user_id, o.foodname, o.num, o.price, u.username 
        			FROM meal_orders o
        			LEFT JOIN meal_user u ON o.user_id = u.id
        			WHERE system_id = 92 [ RunTime:0.0002s ]
NOTIC: [8] Undefined index: total /data/hunfu/html/meal/Application/Home/Model/OrdersModel.class.php 第 158 行.
NOTIC: [8] Undefined index: total /data/hunfu/html/meal/Application/Home/Model/OrdersModel.class.php 第 176 行.
NOTIC: [8] Undefined index: total /data/hunfu/html/meal/Application/Home/Model/OrdersModel.class.php 第 176 行.
NOTIC: [8] Undefined index: total /data/hunfu/html/meal/Application/Home/Model/OrdersModel.class.php 第 176 行.
NOTIC: [8] Undefined index: total /data/hunfu/html/meal/Application/Home/Model/OrdersModel.class.php 第 176 行.
NOTIC: [8] Undefined index: total /data/hunfu/html/meal/Application/Home/Model/OrdersModel.class.php 第 176 行.
SQL: SELECT MAX(id) AS tp_max FROM `meal_system` LIMIT 1   [ RunTime:0.0001s ]
SQL: SELECT id, foodname, num, user_id, price
        			FROM meal_orders
        			WHERE system_id = 92 [ RunTime:0.0002s ]
NOTIC: [8] Undefined variable: allTotal /data/hunfu/html/meal/Application/Home/Model/OrdersModel.class.php 第 214 行.
SQL: SELECT status FROM meal_system WHERE id = (SELECT MAX(id) FROM meal_system) [ RunTime:0.0001s ]
INFO: [ view_parse ] --START--
INFO: [ template_filter ] --START--
INFO: Run Behavior\ContentReplaceBehavior [ RunTime:0.000093s ]
INFO: [ template_filter ] --END-- [ RunTime:0.000120s ]
INFO: Run Behavior\ParseTemplateBehavior [ RunTime:0.030230s ]
INFO: [ view_parse ] --END-- [ RunTime:0.030283s ]
INFO: [ view_filter ] --START--
INFO: Run Behavior\WriteHtmlCacheBehavior [ RunTime:0.000087s ]
INFO: [ view_filter ] --END-- [ RunTime:0.000111s ]
INFO: [ app_end ] --START--
INFO: Run Behavior\ShowPageTraceBehavior [ RunTime:0.000251s ]
INFO: [ app_end ] --END-- [ RunTime:0.000280s ]

[ 2017-01-03T11:46:43+08:00 ] 192.168.0.164 /meal/index.php/Home/Index/index.html
INFO: [ app_init ] --START--
INFO: Run Behavior\BuildLiteBehavior [ RunTime:0.000008s ]
INFO: [ app_init ] --END-- [ RunTime:0.000187s ]
INFO: [ app_begin ] --START--
INFO: Run Behavior\ReadHtmlCacheBehavior [ RunTime:0.000243s ]
INFO: [ app_begin ] --END-- [ RunTime:0.000272s ]
SQL: SHOW COLUMNS FROM `meal_system` [ RunTime:0.0005s ]
SQL: SELECT status, merchantmumber FROM meal_system WHERE id = (SELECT MAX(id) FROM meal_system) [ RunTime:0.0000s ]
SQL: SHOW COLUMNS FROM `meal_user` [ RunTime:0.0004s ]
SQL: SELECT `money` FROM `meal_user` WHERE ( id=52 ) LIMIT 1   [ RunTime:0.0000s ]
SQL: SHOW COLUMNS FROM `meal_orders` [ RunTime:0.0004s ]
NOTIC: [2] file_get_contents(http://mainsite-restapi.ele.me/shopping/v1/menu?restaurant_id=): failed to open stream: HTTP request failed! HTTP/1.1 500 Internal Error
 /data/hunfu/html/meal/Application/Home/Model/OrdersModel.class.php 第 19 行.
NOTIC: [2] Invalid argument supplied for foreach() /data/hunfu/html/meal/Application/Home/Model/OrdersModel.class.php 第 25 行.
NOTIC: [2] file_get_contents(http://mainsite-restapi.ele.me/shopping/restaurant/?extras%5B%5D=activity&amp;extras%5B%5D=license&amp;extras%5B%5D=identification&amp;extras%5B%5D=albums&amp;extras%5B%5D=flavors&amp;latitude=23.13324&amp;longitude=113.38605): failed to open stream: HTTP request failed! HTTP/1.1 404 Not Found
 /data/hunfu/html/meal/Application/Home/Model/OrdersModel.class.php 第 274 行.
SQL: SELECT MAX(id) AS tp_max FROM `meal_system` LIMIT 1   [ RunTime:0.0002s ]
SQL: SELECT o.id, o.user_id, o.foodname, o.num, o.price, u.username 
        			FROM meal_orders o
        			LEFT JOIN meal_user u ON o.user_id = u.id
        			WHERE system_id = 92 [ RunTime:0.0002s ]
NOTIC: [8] Undefined index: total /data/hunfu/html/meal/Application/Home/Model/OrdersModel.class.php 第 158 行.
NOTIC: [8] Undefined index: total /data/hunfu/html/meal/Application/Home/Model/OrdersModel.class.php 第 176 行.
NOTIC: [8] Undefined index: total /data/hunfu/html/meal/Application/Home/Model/OrdersModel.class.php 第 176 行.
NOTIC: [8] Undefined index: total /data/hunfu/html/meal/Application/Home/Model/OrdersModel.class.php 第 176 行.
NOTIC: [8] Undefined index: total /data/hunfu/html/meal/Application/Home/Model/OrdersModel.class.php 第 176 行.
NOTIC: [8] Undefined index: total /data/hunfu/html/meal/Application/Home/Model/OrdersModel.class.php 第 176 行.
SQL: SELECT MAX(id) AS tp_max FROM `meal_system` LIMIT 1   [ RunTime:0.0001s ]
SQL: SELECT id, foodname, num, user_id, price
        			FROM meal_orders
        			WHERE system_id = 92 [ RunTime:0.0002s ]
NOTIC: [8] Undefined variable: allTotal /data/hunfu/html/meal/Application/Home/Model/OrdersModel.class.php 第 214 行.
SQL: SELECT status FROM meal_system WHERE id = (SELECT MAX(id) FROM meal_system) [ RunTime:0.0001s ]
INFO: [ view_parse ] --START--
INFO: [ template_filter ] --START--
INFO: Run Behavior\ContentReplaceBehavior [ RunTime:0.000094s ]
INFO: [ template_filter ] --END-- [ RunTime:0.000122s ]
INFO: Run Behavior\ParseTemplateBehavior [ RunTime:0.021662s ]
INFO: [ view_parse ] --END-- [ RunTime:0.021716s ]
INFO: [ view_filter ] --START--
INFO: Run Behavior\WriteHtmlCacheBehavior [ RunTime:0.000092s ]
INFO: [ view_filter ] --END-- [ RunTime:0.000115s ]
INFO: [ app_end ] --START--
INFO: Run Behavior\ShowPageTraceBehavior [ RunTime:0.000263s ]
INFO: [ app_end ] --END-- [ RunTime:0.000291s ]

[ 2017-01-03T11:46:46+08:00 ] 192.168.0.164 /meal/index.php/Home/Index/index.html
INFO: [ app_init ] --START--
INFO: Run Behavior\BuildLiteBehavior [ RunTime:0.000032s ]
INFO: [ app_init ] --END-- [ RunTime:0.000722s ]
INFO: [ app_begin ] --START--
INFO: Run Behavior\ReadHtmlCacheBehavior [ RunTime:0.000240s ]
INFO: [ app_begin ] --END-- [ RunTime:0.000270s ]
SQL: SHOW COLUMNS FROM `meal_system` [ RunTime:0.0005s ]
SQL: SELECT status, merchantmumber FROM meal_system WHERE id = (SELECT MAX(id) FROM meal_system) [ RunTime:0.0000s ]
SQL: SHOW COLUMNS FROM `meal_user` [ RunTime:0.0004s ]
SQL: SELECT `money` FROM `meal_user` WHERE ( id=52 ) LIMIT 1   [ RunTime:0.0000s ]
SQL: SHOW COLUMNS FROM `meal_orders` [ RunTime:0.0004s ]
NOTIC: [2] file_get_contents(http://mainsite-restapi.ele.me/shopping/v1/menu?restaurant_id=): failed to open stream: HTTP request failed! HTTP/1.1 500 Internal Error
 /data/hunfu/html/meal/Application/Home/Model/OrdersModel.class.php 第 19 行.
NOTIC: [2] Invalid argument supplied for foreach() /data/hunfu/html/meal/Application/Home/Model/OrdersModel.class.php 第 25 行.
NOTIC: [2] file_get_contents(http://mainsite-restapi.ele.me/shopping/restaurant/?extras%5B%5D=activity&amp;extras%5B%5D=license&amp;extras%5B%5D=identification&amp;extras%5B%5D=albums&amp;extras%5B%5D=flavors&amp;latitude=23.13324&amp;longitude=113.38605): failed to open stream: HTTP request failed! HTTP/1.1 404 Not Found
 /data/hunfu/html/meal/Application/Home/Model/OrdersModel.class.php 第 274 行.
SQL: SELECT MAX(id) AS tp_max FROM `meal_system` LIMIT 1   [ RunTime:0.0002s ]
SQL: SELECT o.id, o.user_id, o.foodname, o.num, o.price, u.username 
        			FROM meal_orders o
        			LEFT JOIN meal_user u ON o.user_id = u.id
        			WHERE system_id = 92 [ RunTime:0.0002s ]
NOTIC: [8] Undefined index: total /data/hunfu/html/meal/Application/Home/Model/OrdersModel.class.php 第 158 行.
NOTIC: [8] Undefined index: total /data/hunfu/html/meal/Application/Home/Model/OrdersModel.class.php 第 176 行.
NOTIC: [8] Undefined index: total /data/hunfu/html/meal/Application/Home/Model/OrdersModel.class.php 第 176 行.
NOTIC: [8] Undefined index: total /data/hunfu/html/meal/Application/Home/Model/OrdersModel.class.php 第 176 行.
NOTIC: [8] Undefined index: total /data/hunfu/html/meal/Application/Home/Model/OrdersModel.class.php 第 176 行.
NOTIC: [8] Undefined index: total /data/hunfu/html/meal/Application/Home/Model/OrdersModel.class.php 第 176 行.
SQL: SELECT MAX(id) AS tp_max FROM `meal_system` LIMIT 1   [ RunTime:0.0001s ]
SQL: SELECT id, foodname, num, user_id, price
        			FROM meal_orders
        			WHERE system_id = 92 [ RunTime:0.0002s ]
NOTIC: [8] Undefined variable: allTotal /data/hunfu/html/meal/Application/Home/Model/OrdersModel.class.php 第 214 行.
SQL: SELECT status FROM meal_system WHERE id = (SELECT MAX(id) FROM meal_system) [ RunTime:0.0001s ]
INFO: [ view_parse ] --START--
INFO: [ template_filter ] --START--
INFO: Run Behavior\ContentReplaceBehavior [ RunTime:0.000096s ]
INFO: [ template_filter ] --END-- [ RunTime:0.000125s ]
INFO: Run Behavior\ParseTemplateBehavior [ RunTime:0.021057s ]
INFO: [ view_parse ] --END-- [ RunTime:0.021111s ]
INFO: [ view_filter ] --START--
INFO: Run Behavior\WriteHtmlCacheBehavior [ RunTime:0.000090s ]
INFO: [ view_filter ] --END-- [ RunTime:0.000113s ]
INFO: [ app_end ] --START--
INFO: Run Behavior\ShowPageTraceBehavior [ RunTime:0.000251s ]
INFO: [ app_end ] --END-- [ RunTime:0.000281s ]

[ 2017-01-03T11:52:27+08:00 ] 192.168.0.162 /meal/index.php/Home/Login/login.html
INFO: [ app_init ] --START--
INFO: Run Behavior\BuildLiteBehavior [ RunTime:0.000037s ]
INFO: [ app_init ] --END-- [ RunTime:0.000725s ]
INFO: [ app_begin ] --START--
INFO: Run Behavior\ReadHtmlCacheBehavior [ RunTime:0.000930s ]
INFO: [ app_begin ] --END-- [ RunTime:0.001053s ]
INFO: [ view_parse ] --START--
INFO: [ template_filter ] --START--
INFO: Run Behavior\ContentReplaceBehavior [ RunTime:0.000027s ]
INFO: [ template_filter ] --END-- [ RunTime:0.000055s ]
INFO: Run Behavior\ParseTemplateBehavior [ RunTime:0.008737s ]
INFO: [ view_parse ] --END-- [ RunTime:0.008795s ]
INFO: [ view_filter ] --START--
INFO: Run Behavior\WriteHtmlCacheBehavior [ RunTime:0.000085s ]
INFO: [ view_filter ] --END-- [ RunTime:0.000110s ]

[ 2017-01-03T11:52:28+08:00 ] 192.168.0.162 /meal/index.php/Home/Login/assets/i/favicon.png
INFO: [ app_init ] --START--
INFO: Run Behavior\BuildLiteBehavior [ RunTime:0.000031s ]
INFO: [ app_init ] --END-- [ RunTime:0.000732s ]

