[ 2017-04-08T21:11:55+08:00 ] 127.0.0.1 /equip/meal/
INFO: [ app_init ] --START--
INFO: Run Behavior\BuildLiteBehavior [ RunTime:0.000000s ]
INFO: [ app_init ] --END-- [ RunTime:0.002000s ]
INFO: [ app_begin ] --START--
INFO: Run Behavior\ReadHtmlCacheBehavior [ RunTime:0.007001s ]
INFO: [ app_begin ] --END-- [ RunTime:0.007001s ]

[ 2017-04-08T21:11:55+08:00 ] 127.0.0.1 /equip/meal/index.php/Home/Login/login.html
INFO: [ app_init ] --START--
INFO: Run Behavior\BuildLiteBehavior [ RunTime:0.000000s ]
INFO: [ app_init ] --END-- [ RunTime:0.001000s ]
INFO: [ app_begin ] --START--
INFO: Run Behavior\ReadHtmlCacheBehavior [ RunTime:0.000000s ]
INFO: [ app_begin ] --END-- [ RunTime:0.002000s ]
INFO: [ view_parse ] --START--
INFO: [ template_filter ] --START--
INFO: Run Behavior\ContentReplaceBehavior [ RunTime:0.000000s ]
INFO: [ template_filter ] --END-- [ RunTime:0.000000s ]
INFO: Run Behavior\ParseTemplateBehavior [ RunTime:0.057003s ]
INFO: [ view_parse ] --END-- [ RunTime:0.058003s ]
INFO: [ view_filter ] --START--
INFO: Run Behavior\WriteHtmlCacheBehavior [ RunTime:0.012001s ]
INFO: [ view_filter ] --END-- [ RunTime:0.012001s ]

[ 2017-04-08T21:11:56+08:00 ] 127.0.0.1 /equip/meal/index.php/Home/Login/assets/i/favicon.png
INFO: [ app_init ] --START--
INFO: Run Behavior\BuildLiteBehavior [ RunTime:0.000000s ]
INFO: [ app_init ] --END-- [ RunTime:0.001000s ]

[ 2017-04-08T21:12:00+08:00 ] 127.0.0.1 /equip/meal/index.php/Home/Login/login.html
INFO: [ app_init ] --START--
INFO: Run Behavior\BuildLiteBehavior [ RunTime:0.000000s ]
INFO: [ app_init ] --END-- [ RunTime:0.000000s ]
INFO: [ app_begin ] --START--
INFO: Run Behavior\ReadHtmlCacheBehavior [ RunTime:0.001000s ]
INFO: [ app_begin ] --END-- [ RunTime:0.002000s ]
SQL: SHOW COLUMNS FROM `meal_system` [ RunTime:0.0360s ]
SQL: SHOW COLUMNS FROM `meal_user` [ RunTime:0.0080s ]
SQL: SELECT * FROM `meal_user` WHERE `username` = 'cb' LIMIT 1   [ RunTime:0.0010s ]
SQL: SELECT id, status, merchantmumber 
                          FROM meal_system 
                          ORDER BY id DESC 
                          LIMIT 1 [ RunTime:0.0000s ]
INFO: [ view_parse ] --START--
INFO: [ template_filter ] --START--
INFO: Run Behavior\ContentReplaceBehavior [ RunTime:0.000000s ]
INFO: [ template_filter ] --END-- [ RunTime:0.000000s ]
INFO: Run Behavior\ParseTemplateBehavior [ RunTime:0.032002s ]
INFO: [ view_parse ] --END-- [ RunTime:0.033002s ]
INFO: [ view_filter ] --START--
INFO: Run Behavior\WriteHtmlCacheBehavior [ RunTime:0.000000s ]
INFO: [ view_filter ] --END-- [ RunTime:0.001000s ]
INFO: [ app_end ] --START--
INFO: Run Behavior\ShowPageTraceBehavior [ RunTime:0.010001s ]
INFO: [ app_end ] --END-- [ RunTime:0.010001s ]

[ 2017-04-08T21:12:02+08:00 ] 127.0.0.1 /equip/meal/index.php/Home/Index/index.html
INFO: [ app_init ] --START--
INFO: Run Behavior\BuildLiteBehavior [ RunTime:0.000000s ]
INFO: [ app_init ] --END-- [ RunTime:0.000000s ]
INFO: [ app_begin ] --START--
INFO: Run Behavior\ReadHtmlCacheBehavior [ RunTime:0.000000s ]
INFO: [ app_begin ] --END-- [ RunTime:0.000000s ]
SQL: SHOW COLUMNS FROM `meal_system` [ RunTime:0.0030s ]
SQL: SELECT id, status, merchantmumber 
                    FROM meal_system 
                    ORDER BY id DESC 
                    LIMIT 1 [ RunTime:0.0010s ]
SQL: SHOW COLUMNS FROM `meal_user` [ RunTime:0.0020s ]
SQL: SELECT `money` FROM `meal_user` WHERE ( id=1 ) LIMIT 1   [ RunTime:0.0010s ]
SQL: SHOW COLUMNS FROM `meal_orders` [ RunTime:0.0400s ]
NOTIC: [8] Undefined offset: 0 E:\xampp\htdocs\equip\meal\Application\Home\Model\OrdersModel.class.php 第 46 行.
NOTIC: [8] Undefined offset: 0 E:\xampp\htdocs\equip\meal\Application\Home\Model\OrdersModel.class.php 第 46 行.
NOTIC: [8] Undefined offset: 0 E:\xampp\htdocs\equip\meal\Application\Home\Model\OrdersModel.class.php 第 46 行.
NOTIC: [8] Undefined offset: 0 E:\xampp\htdocs\equip\meal\Application\Home\Model\OrdersModel.class.php 第 46 行.
NOTIC: [8] Undefined offset: 0 E:\xampp\htdocs\equip\meal\Application\Home\Model\OrdersModel.class.php 第 46 行.
NOTIC: [8] Undefined offset: 0 E:\xampp\htdocs\equip\meal\Application\Home\Model\OrdersModel.class.php 第 46 行.
NOTIC: [8] Undefined offset: 0 E:\xampp\htdocs\equip\meal\Application\Home\Model\OrdersModel.class.php 第 46 行.
NOTIC: [8] Undefined offset: 0 E:\xampp\htdocs\equip\meal\Application\Home\Model\OrdersModel.class.php 第 46 行.
NOTIC: [8] Undefined offset: 0 E:\xampp\htdocs\equip\meal\Application\Home\Model\OrdersModel.class.php 第 46 行.
NOTIC: [8] Undefined offset: 0 E:\xampp\htdocs\equip\meal\Application\Home\Model\OrdersModel.class.php 第 46 行.
NOTIC: [8] Undefined offset: 0 E:\xampp\htdocs\equip\meal\Application\Home\Model\OrdersModel.class.php 第 46 行.
NOTIC: [8] Undefined offset: 0 E:\xampp\htdocs\equip\meal\Application\Home\Model\OrdersModel.class.php 第 46 行.
NOTIC: [8] Undefined offset: 0 E:\xampp\htdocs\equip\meal\Application\Home\Model\OrdersModel.class.php 第 46 行.
NOTIC: [8] Undefined offset: 0 E:\xampp\htdocs\equip\meal\Application\Home\Model\OrdersModel.class.php 第 46 行.
NOTIC: [8] Undefined offset: 0 E:\xampp\htdocs\equip\meal\Application\Home\Model\OrdersModel.class.php 第 46 行.
NOTIC: [8] Undefined offset: 0 E:\xampp\htdocs\equip\meal\Application\Home\Model\OrdersModel.class.php 第 46 行.
NOTIC: [8] Undefined offset: 0 E:\xampp\htdocs\equip\meal\Application\Home\Model\OrdersModel.class.php 第 46 行.
NOTIC: [8] Undefined offset: 0 E:\xampp\htdocs\equip\meal\Application\Home\Model\OrdersModel.class.php 第 46 行.
NOTIC: [8] Undefined offset: 0 E:\xampp\htdocs\equip\meal\Application\Home\Model\OrdersModel.class.php 第 46 行.
NOTIC: [8] Undefined offset: 0 E:\xampp\htdocs\equip\meal\Application\Home\Model\OrdersModel.class.php 第 46 行.
NOTIC: [8] Undefined offset: 0 E:\xampp\htdocs\equip\meal\Application\Home\Model\OrdersModel.class.php 第 46 行.
NOTIC: [8] Undefined offset: 0 E:\xampp\htdocs\equip\meal\Application\Home\Model\OrdersModel.class.php 第 46 行.
NOTIC: [8] Undefined offset: 0 E:\xampp\htdocs\equip\meal\Application\Home\Model\OrdersModel.class.php 第 46 行.
NOTIC: [8] Undefined offset: 0 E:\xampp\htdocs\equip\meal\Application\Home\Model\OrdersModel.class.php 第 46 行.
NOTIC: [8] Undefined offset: 0 E:\xampp\htdocs\equip\meal\Application\Home\Model\OrdersModel.class.php 第 46 行.
NOTIC: [8] Undefined offset: 0 E:\xampp\htdocs\equip\meal\Application\Home\Model\OrdersModel.class.php 第 46 行.
NOTIC: [8] Undefined offset: 0 E:\xampp\htdocs\equip\meal\Application\Home\Model\OrdersModel.class.php 第 46 行.
NOTIC: [8] Undefined offset: 0 E:\xampp\htdocs\equip\meal\Application\Home\Model\OrdersModel.class.php 第 46 行.
NOTIC: [8] Undefined offset: 0 E:\xampp\htdocs\equip\meal\Application\Home\Model\OrdersModel.class.php 第 46 行.
NOTIC: [8] Undefined offset: 0 E:\xampp\htdocs\equip\meal\Application\Home\Model\OrdersModel.class.php 第 46 行.
NOTIC: [8] Undefined offset: 0 E:\xampp\htdocs\equip\meal\Application\Home\Model\OrdersModel.class.php 第 46 行.
NOTIC: [8] Undefined offset: 0 E:\xampp\htdocs\equip\meal\Application\Home\Model\OrdersModel.class.php 第 46 行.
NOTIC: [8] Undefined offset: 0 E:\xampp\htdocs\equip\meal\Application\Home\Model\OrdersModel.class.php 第 46 行.
NOTIC: [8] Undefined offset: 0 E:\xampp\htdocs\equip\meal\Application\Home\Model\OrdersModel.class.php 第 46 行.
NOTIC: [8] Undefined offset: 0 E:\xampp\htdocs\equip\meal\Application\Home\Model\OrdersModel.class.php 第 46 行.
NOTIC: [8] Undefined offset: 0 E:\xampp\htdocs\equip\meal\Application\Home\Model\OrdersModel.class.php 第 46 行.
NOTIC: [8] Undefined offset: 0 E:\xampp\htdocs\equip\meal\Application\Home\Model\OrdersModel.class.php 第 46 行.
NOTIC: [8] Undefined offset: 0 E:\xampp\htdocs\equip\meal\Application\Home\Model\OrdersModel.class.php 第 46 行.
NOTIC: [8] Undefined offset: 0 E:\xampp\htdocs\equip\meal\Application\Home\Model\OrdersModel.class.php 第 46 行.
NOTIC: [8] Undefined offset: 0 E:\xampp\htdocs\equip\meal\Application\Home\Model\OrdersModel.class.php 第 46 行.
NOTIC: [8] Undefined offset: 0 E:\xampp\htdocs\equip\meal\Application\Home\Model\OrdersModel.class.php 第 46 行.
NOTIC: [8] Undefined offset: 0 E:\xampp\htdocs\equip\meal\Application\Home\Model\OrdersModel.class.php 第 46 行.
NOTIC: [8] Undefined offset: 0 E:\xampp\htdocs\equip\meal\Application\Home\Model\OrdersModel.class.php 第 46 行.
NOTIC: [8] Undefined offset: 0 E:\xampp\htdocs\equip\meal\Application\Home\Model\OrdersModel.class.php 第 46 行.
NOTIC: [8] Undefined offset: 0 E:\xampp\htdocs\equip\meal\Application\Home\Model\OrdersModel.class.php 第 46 行.
NOTIC: [8] Undefined offset: 0 E:\xampp\htdocs\equip\meal\Application\Home\Model\OrdersModel.class.php 第 46 行.
NOTIC: [8] Undefined offset: 0 E:\xampp\htdocs\equip\meal\Application\Home\Model\OrdersModel.class.php 第 46 行.
NOTIC: [8] Undefined offset: 0 E:\xampp\htdocs\equip\meal\Application\Home\Model\OrdersModel.class.php 第 46 行.
NOTIC: [8] Undefined offset: 0 E:\xampp\htdocs\equip\meal\Application\Home\Model\OrdersModel.class.php 第 46 行.
NOTIC: [8] Undefined offset: 0 E:\xampp\htdocs\equip\meal\Application\Home\Model\OrdersModel.class.php 第 46 行.
NOTIC: [8] Undefined offset: 0 E:\xampp\htdocs\equip\meal\Application\Home\Model\OrdersModel.class.php 第 46 行.
NOTIC: [8] Undefined offset: 0 E:\xampp\htdocs\equip\meal\Application\Home\Model\OrdersModel.class.php 第 46 行.
NOTIC: [8] Undefined offset: 0 E:\xampp\htdocs\equip\meal\Application\Home\Model\OrdersModel.class.php 第 46 行.
NOTIC: [8] Undefined offset: 0 E:\xampp\htdocs\equip\meal\Application\Home\Model\OrdersModel.class.php 第 46 行.
NOTIC: [8] Undefined offset: 0 E:\xampp\htdocs\equip\meal\Application\Home\Model\OrdersModel.class.php 第 46 行.
NOTIC: [8] Undefined offset: 0 E:\xampp\htdocs\equip\meal\Application\Home\Model\OrdersModel.class.php 第 46 行.
NOTIC: [8] Undefined offset: 0 E:\xampp\htdocs\equip\meal\Application\Home\Model\OrdersModel.class.php 第 46 行.
NOTIC: [8] Undefined offset: 0 E:\xampp\htdocs\equip\meal\Application\Home\Model\OrdersModel.class.php 第 46 行.
NOTIC: [8] Undefined offset: 0 E:\xampp\htdocs\equip\meal\Application\Home\Model\OrdersModel.class.php 第 46 行.
NOTIC: [8] Undefined offset: 0 E:\xampp\htdocs\equip\meal\Application\Home\Model\OrdersModel.class.php 第 46 行.
NOTIC: [8] Undefined offset: 0 E:\xampp\htdocs\equip\meal\Application\Home\Model\OrdersModel.class.php 第 46 行.
NOTIC: [8] Undefined offset: 0 E:\xampp\htdocs\equip\meal\Application\Home\Model\OrdersModel.class.php 第 46 行.
NOTIC: [8] Undefined offset: 0 E:\xampp\htdocs\equip\meal\Application\Home\Model\OrdersModel.class.php 第 46 行.
NOTIC: [8] Undefined offset: 0 E:\xampp\htdocs\equip\meal\Application\Home\Model\OrdersModel.class.php 第 46 行.
NOTIC: [8] Undefined offset: 0 E:\xampp\htdocs\equip\meal\Application\Home\Model\OrdersModel.class.php 第 46 行.
NOTIC: [8] Undefined offset: 0 E:\xampp\htdocs\equip\meal\Application\Home\Model\OrdersModel.class.php 第 46 行.
NOTIC: [8] Undefined offset: 0 E:\xampp\htdocs\equip\meal\Application\Home\Model\OrdersModel.class.php 第 46 行.
NOTIC: [8] Undefined offset: 0 E:\xampp\htdocs\equip\meal\Application\Home\Model\OrdersModel.class.php 第 46 行.
NOTIC: [8] Undefined offset: 0 E:\xampp\htdocs\equip\meal\Application\Home\Model\OrdersModel.class.php 第 46 行.
NOTIC: [8] Undefined offset: 0 E:\xampp\htdocs\equip\meal\Application\Home\Model\OrdersModel.class.php 第 46 行.
NOTIC: [8] Undefined offset: 0 E:\xampp\htdocs\equip\meal\Application\Home\Model\OrdersModel.class.php 第 46 行.
NOTIC: [8] Undefined offset: 0 E:\xampp\htdocs\equip\meal\Application\Home\Model\OrdersModel.class.php 第 46 行.
NOTIC: [8] Undefined offset: 0 E:\xampp\htdocs\equip\meal\Application\Home\Model\OrdersModel.class.php 第 46 行.
NOTIC: [8] Undefined offset: 0 E:\xampp\htdocs\equip\meal\Application\Home\Model\OrdersModel.class.php 第 46 行.
NOTIC: [8] Undefined offset: 0 E:\xampp\htdocs\equip\meal\Application\Home\Model\OrdersModel.class.php 第 46 行.
NOTIC: [8] Undefined offset: 0 E:\xampp\htdocs\equip\meal\Application\Home\Model\OrdersModel.class.php 第 46 行.
NOTIC: [8] Undefined offset: 0 E:\xampp\htdocs\equip\meal\Application\Home\Model\OrdersModel.class.php 第 46 行.
SQL: SELECT o.id, o.user_id, o.foodname, o.num, o.price, u.username 
        			FROM meal_orders o
        			LEFT JOIN meal_user u ON o.user_id = u.id
        			WHERE system_id = 129
                    ORDER BY user_id = 1 DESC [ RunTime:0.0450s ]
NOTIC: [8] Undefined index: total E:\xampp\htdocs\equip\meal\Application\Home\Model\OrdersModel.class.php 第 170 行.
SQL: SELECT foodname, SUM(num) AS number, SUM(num) * price AS total
                    FROM meal_orders  
                    WHERE system_id = 129
                    GROUP BY foodname
                    ORDER BY number ASC [ RunTime:0.0010s ]
NOTIC: [8] Undefined variable: allTotal E:\xampp\htdocs\equip\meal\Application\Home\Model\OrdersModel.class.php 第 199 行.
SQL: SELECT status FROM meal_system WHERE id = (SELECT MAX(id) FROM meal_system) [ RunTime:0.0000s ]
SQL: SELECT DISTINCT u.username
                    FROM meal_orders o 
                    LEFT JOIN meal_user u ON o.user_id = u.id
                    WHERE o.system_id = 129 AND u.status = 1 
                    GROUP BY o.user_id [ RunTime:0.0010s ]
SQL: SELECT username
                        FROM meal_user 
                        WHERE status = 1 [ RunTime:0.0010s ]
INFO: [ view_parse ] --START--
INFO: [ template_filter ] --START--
INFO: Run Behavior\ContentReplaceBehavior [ RunTime:0.000000s ]
INFO: [ template_filter ] --END-- [ RunTime:0.001000s ]
INFO: Run Behavior\ParseTemplateBehavior [ RunTime:0.091005s ]
INFO: [ view_parse ] --END-- [ RunTime:0.091005s ]
INFO: [ view_filter ] --START--
INFO: Run Behavior\WriteHtmlCacheBehavior [ RunTime:0.001000s ]
INFO: [ view_filter ] --END-- [ RunTime:0.001000s ]
INFO: [ app_end ] --START--
INFO: Run Behavior\ShowPageTraceBehavior [ RunTime:0.004000s ]
INFO: [ app_end ] --END-- [ RunTime:0.005000s ]

[ 2017-04-08T21:12:06+08:00 ] 127.0.0.1 /equip/meal/index.php/Home/Index/add.html
INFO: [ app_init ] --START--
INFO: Run Behavior\BuildLiteBehavior [ RunTime:0.000000s ]
INFO: [ app_init ] --END-- [ RunTime:0.001000s ]
INFO: [ app_begin ] --START--
INFO: Run Behavior\ReadHtmlCacheBehavior [ RunTime:0.001000s ]
INFO: [ app_begin ] --END-- [ RunTime:0.002000s ]
SQL: SHOW COLUMNS FROM `meal_system` [ RunTime:0.0030s ]
SQL: SELECT id, status, merchantmumber 
                    FROM meal_system 
                    ORDER BY id DESC 
                    LIMIT 1 [ RunTime:0.0000s ]
SQL: SHOW COLUMNS FROM `meal_orders` [ RunTime:0.0030s ]
SQL: SELECT `status` FROM `meal_system` WHERE ( id=129 ) LIMIT 1   [ RunTime:0.0000s ]
NOTIC: [8] Undefined variable: total E:\xampp\htdocs\equip\meal\Application\Home\Model\OrdersModel.class.php 第 90 行.
NOTIC: [8] Undefined variable: endSql E:\xampp\htdocs\equip\meal\Application\Home\Model\OrdersModel.class.php 第 96 行.
SQL: SHOW COLUMNS FROM `meal_user` [ RunTime:0.0020s ]
SQL: INSERT INTO `meal_orders` (`total`,`foodname`,`num`,`price`,`addtime`,`user_id`,`system_id`) VALUES ('17', '醒味汁鸡扒饭 (17)', '1', '17', '1491657125', '1', '129') [ RunTime:0.0050s ]
SQL: UPDATE meal_user SET money = money - 17 WHERE id = 1 [ RunTime:0.0240s ]

[ 2017-04-08T21:12:07+08:00 ] 127.0.0.1 /equip/meal/index.php/Home/Index/index.html
INFO: [ app_init ] --START--
INFO: Run Behavior\BuildLiteBehavior [ RunTime:0.000000s ]
INFO: [ app_init ] --END-- [ RunTime:0.001001s ]
INFO: [ app_begin ] --START--
INFO: Run Behavior\ReadHtmlCacheBehavior [ RunTime:0.001000s ]
INFO: [ app_begin ] --END-- [ RunTime:0.001000s ]
SQL: SHOW COLUMNS FROM `meal_system` [ RunTime:0.0030s ]
SQL: SELECT id, status, merchantmumber 
                    FROM meal_system 
                    ORDER BY id DESC 
                    LIMIT 1 [ RunTime:0.0010s ]
SQL: SHOW COLUMNS FROM `meal_user` [ RunTime:0.0040s ]
SQL: SELECT `money` FROM `meal_user` WHERE ( id=1 ) LIMIT 1   [ RunTime:0.0010s ]
SQL: SHOW COLUMNS FROM `meal_orders` [ RunTime:0.0030s ]
NOTIC: [8] Undefined offset: 0 E:\xampp\htdocs\equip\meal\Application\Home\Model\OrdersModel.class.php 第 46 行.
NOTIC: [8] Undefined offset: 0 E:\xampp\htdocs\equip\meal\Application\Home\Model\OrdersModel.class.php 第 46 行.
NOTIC: [8] Undefined offset: 0 E:\xampp\htdocs\equip\meal\Application\Home\Model\OrdersModel.class.php 第 46 行.
NOTIC: [8] Undefined offset: 0 E:\xampp\htdocs\equip\meal\Application\Home\Model\OrdersModel.class.php 第 46 行.
NOTIC: [8] Undefined offset: 0 E:\xampp\htdocs\equip\meal\Application\Home\Model\OrdersModel.class.php 第 46 行.
NOTIC: [8] Undefined offset: 0 E:\xampp\htdocs\equip\meal\Application\Home\Model\OrdersModel.class.php 第 46 行.
NOTIC: [8] Undefined offset: 0 E:\xampp\htdocs\equip\meal\Application\Home\Model\OrdersModel.class.php 第 46 行.
NOTIC: [8] Undefined offset: 0 E:\xampp\htdocs\equip\meal\Application\Home\Model\OrdersModel.class.php 第 46 行.
NOTIC: [8] Undefined offset: 0 E:\xampp\htdocs\equip\meal\Application\Home\Model\OrdersModel.class.php 第 46 行.
NOTIC: [8] Undefined offset: 0 E:\xampp\htdocs\equip\meal\Application\Home\Model\OrdersModel.class.php 第 46 行.
NOTIC: [8] Undefined offset: 0 E:\xampp\htdocs\equip\meal\Application\Home\Model\OrdersModel.class.php 第 46 行.
NOTIC: [8] Undefined offset: 0 E:\xampp\htdocs\equip\meal\Application\Home\Model\OrdersModel.class.php 第 46 行.
NOTIC: [8] Undefined offset: 0 E:\xampp\htdocs\equip\meal\Application\Home\Model\OrdersModel.class.php 第 46 行.
NOTIC: [8] Undefined offset: 0 E:\xampp\htdocs\equip\meal\Application\Home\Model\OrdersModel.class.php 第 46 行.
NOTIC: [8] Undefined offset: 0 E:\xampp\htdocs\equip\meal\Application\Home\Model\OrdersModel.class.php 第 46 行.
NOTIC: [8] Undefined offset: 0 E:\xampp\htdocs\equip\meal\Application\Home\Model\OrdersModel.class.php 第 46 行.
NOTIC: [8] Undefined offset: 0 E:\xampp\htdocs\equip\meal\Application\Home\Model\OrdersModel.class.php 第 46 行.
NOTIC: [8] Undefined offset: 0 E:\xampp\htdocs\equip\meal\Application\Home\Model\OrdersModel.class.php 第 46 行.
NOTIC: [8] Undefined offset: 0 E:\xampp\htdocs\equip\meal\Application\Home\Model\OrdersModel.class.php 第 46 行.
NOTIC: [8] Undefined offset: 0 E:\xampp\htdocs\equip\meal\Application\Home\Model\OrdersModel.class.php 第 46 行.
NOTIC: [8] Undefined offset: 0 E:\xampp\htdocs\equip\meal\Application\Home\Model\OrdersModel.class.php 第 46 行.
NOTIC: [8] Undefined offset: 0 E:\xampp\htdocs\equip\meal\Application\Home\Model\OrdersModel.class.php 第 46 行.
NOTIC: [8] Undefined offset: 0 E:\xampp\htdocs\equip\meal\Application\Home\Model\OrdersModel.class.php 第 46 行.
NOTIC: [8] Undefined offset: 0 E:\xampp\htdocs\equip\meal\Application\Home\Model\OrdersModel.class.php 第 46 行.
NOTIC: [8] Undefined offset: 0 E:\xampp\htdocs\equip\meal\Application\Home\Model\OrdersModel.class.php 第 46 行.
NOTIC: [8] Undefined offset: 0 E:\xampp\htdocs\equip\meal\Application\Home\Model\OrdersModel.class.php 第 46 行.
NOTIC: [8] Undefined offset: 0 E:\xampp\htdocs\equip\meal\Application\Home\Model\OrdersModel.class.php 第 46 行.
NOTIC: [8] Undefined offset: 0 E:\xampp\htdocs\equip\meal\Application\Home\Model\OrdersModel.class.php 第 46 行.
NOTIC: [8] Undefined offset: 0 E:\xampp\htdocs\equip\meal\Application\Home\Model\OrdersModel.class.php 第 46 行.
NOTIC: [8] Undefined offset: 0 E:\xampp\htdocs\equip\meal\Application\Home\Model\OrdersModel.class.php 第 46 行.
NOTIC: [8] Undefined offset: 0 E:\xampp\htdocs\equip\meal\Application\Home\Model\OrdersModel.class.php 第 46 行.
NOTIC: [8] Undefined offset: 0 E:\xampp\htdocs\equip\meal\Application\Home\Model\OrdersModel.class.php 第 46 行.
NOTIC: [8] Undefined offset: 0 E:\xampp\htdocs\equip\meal\Application\Home\Model\OrdersModel.class.php 第 46 行.
NOTIC: [8] Undefined offset: 0 E:\xampp\htdocs\equip\meal\Application\Home\Model\OrdersModel.class.php 第 46 行.
NOTIC: [8] Undefined offset: 0 E:\xampp\htdocs\equip\meal\Application\Home\Model\OrdersModel.class.php 第 46 行.
NOTIC: [8] Undefined offset: 0 E:\xampp\htdocs\equip\meal\Application\Home\Model\OrdersModel.class.php 第 46 行.
NOTIC: [8] Undefined offset: 0 E:\xampp\htdocs\equip\meal\Application\Home\Model\OrdersModel.class.php 第 46 行.
NOTIC: [8] Undefined offset: 0 E:\xampp\htdocs\equip\meal\Application\Home\Model\OrdersModel.class.php 第 46 行.
NOTIC: [8] Undefined offset: 0 E:\xampp\htdocs\equip\meal\Application\Home\Model\OrdersModel.class.php 第 46 行.
NOTIC: [8] Undefined offset: 0 E:\xampp\htdocs\equip\meal\Application\Home\Model\OrdersModel.class.php 第 46 行.
NOTIC: [8] Undefined offset: 0 E:\xampp\htdocs\equip\meal\Application\Home\Model\OrdersModel.class.php 第 46 行.
NOTIC: [8] Undefined offset: 0 E:\xampp\htdocs\equip\meal\Application\Home\Model\OrdersModel.class.php 第 46 行.
NOTIC: [8] Undefined offset: 0 E:\xampp\htdocs\equip\meal\Application\Home\Model\OrdersModel.class.php 第 46 行.
NOTIC: [8] Undefined offset: 0 E:\xampp\htdocs\equip\meal\Application\Home\Model\OrdersModel.class.php 第 46 行.
NOTIC: [8] Undefined offset: 0 E:\xampp\htdocs\equip\meal\Application\Home\Model\OrdersModel.class.php 第 46 行.
NOTIC: [8] Undefined offset: 0 E:\xampp\htdocs\equip\meal\Application\Home\Model\OrdersModel.class.php 第 46 行.
NOTIC: [8] Undefined offset: 0 E:\xampp\htdocs\equip\meal\Application\Home\Model\OrdersModel.class.php 第 46 行.
NOTIC: [8] Undefined offset: 0 E:\xampp\htdocs\equip\meal\Application\Home\Model\OrdersModel.class.php 第 46 行.
NOTIC: [8] Undefined offset: 0 E:\xampp\htdocs\equip\meal\Application\Home\Model\OrdersModel.class.php 第 46 行.
NOTIC: [8] Undefined offset: 0 E:\xampp\htdocs\equip\meal\Application\Home\Model\OrdersModel.class.php 第 46 行.
NOTIC: [8] Undefined offset: 0 E:\xampp\htdocs\equip\meal\Application\Home\Model\OrdersModel.class.php 第 46 行.
NOTIC: [8] Undefined offset: 0 E:\xampp\htdocs\equip\meal\Application\Home\Model\OrdersModel.class.php 第 46 行.
NOTIC: [8] Undefined offset: 0 E:\xampp\htdocs\equip\meal\Application\Home\Model\OrdersModel.class.php 第 46 行.
NOTIC: [8] Undefined offset: 0 E:\xampp\htdocs\equip\meal\Application\Home\Model\OrdersModel.class.php 第 46 行.
NOTIC: [8] Undefined offset: 0 E:\xampp\htdocs\equip\meal\Application\Home\Model\OrdersModel.class.php 第 46 行.
NOTIC: [8] Undefined offset: 0 E:\xampp\htdocs\equip\meal\Application\Home\Model\OrdersModel.class.php 第 46 行.
NOTIC: [8] Undefined offset: 0 E:\xampp\htdocs\equip\meal\Application\Home\Model\OrdersModel.class.php 第 46 行.
NOTIC: [8] Undefined offset: 0 E:\xampp\htdocs\equip\meal\Application\Home\Model\OrdersModel.class.php 第 46 行.
NOTIC: [8] Undefined offset: 0 E:\xampp\htdocs\equip\meal\Application\Home\Model\OrdersModel.class.php 第 46 行.
NOTIC: [8] Undefined offset: 0 E:\xampp\htdocs\equip\meal\Application\Home\Model\OrdersModel.class.php 第 46 行.
NOTIC: [8] Undefined offset: 0 E:\xampp\htdocs\equip\meal\Application\Home\Model\OrdersModel.class.php 第 46 行.
NOTIC: [8] Undefined offset: 0 E:\xampp\htdocs\equip\meal\Application\Home\Model\OrdersModel.class.php 第 46 行.
NOTIC: [8] Undefined offset: 0 E:\xampp\htdocs\equip\meal\Application\Home\Model\OrdersModel.class.php 第 46 行.
NOTIC: [8] Undefined offset: 0 E:\xampp\htdocs\equip\meal\Application\Home\Model\OrdersModel.class.php 第 46 行.
NOTIC: [8] Undefined offset: 0 E:\xampp\htdocs\equip\meal\Application\Home\Model\OrdersModel.class.php 第 46 行.
NOTIC: [8] Undefined offset: 0 E:\xampp\htdocs\equip\meal\Application\Home\Model\OrdersModel.class.php 第 46 行.
NOTIC: [8] Undefined offset: 0 E:\xampp\htdocs\equip\meal\Application\Home\Model\OrdersModel.class.php 第 46 行.
NOTIC: [8] Undefined offset: 0 E:\xampp\htdocs\equip\meal\Application\Home\Model\OrdersModel.class.php 第 46 行.
NOTIC: [8] Undefined offset: 0 E:\xampp\htdocs\equip\meal\Application\Home\Model\OrdersModel.class.php 第 46 行.
NOTIC: [8] Undefined offset: 0 E:\xampp\htdocs\equip\meal\Application\Home\Model\OrdersModel.class.php 第 46 行.
NOTIC: [8] Undefined offset: 0 E:\xampp\htdocs\equip\meal\Application\Home\Model\OrdersModel.class.php 第 46 行.
NOTIC: [8] Undefined offset: 0 E:\xampp\htdocs\equip\meal\Application\Home\Model\OrdersModel.class.php 第 46 行.
NOTIC: [8] Undefined offset: 0 E:\xampp\htdocs\equip\meal\Application\Home\Model\OrdersModel.class.php 第 46 行.
NOTIC: [8] Undefined offset: 0 E:\xampp\htdocs\equip\meal\Application\Home\Model\OrdersModel.class.php 第 46 行.
NOTIC: [8] Undefined offset: 0 E:\xampp\htdocs\equip\meal\Application\Home\Model\OrdersModel.class.php 第 46 行.
NOTIC: [8] Undefined offset: 0 E:\xampp\htdocs\equip\meal\Application\Home\Model\OrdersModel.class.php 第 46 行.
NOTIC: [8] Undefined offset: 0 E:\xampp\htdocs\equip\meal\Application\Home\Model\OrdersModel.class.php 第 46 行.
SQL: SELECT o.id, o.user_id, o.foodname, o.num, o.price, u.username 
        			FROM meal_orders o
        			LEFT JOIN meal_user u ON o.user_id = u.id
        			WHERE system_id = 129
                    ORDER BY user_id = 1 DESC [ RunTime:0.0010s ]
NOTIC: [8] Undefined index: total E:\xampp\htdocs\equip\meal\Application\Home\Model\OrdersModel.class.php 第 170 行.
SQL: SELECT foodname, SUM(num) AS number, SUM(num) * price AS total
                    FROM meal_orders  
                    WHERE system_id = 129
                    GROUP BY foodname
                    ORDER BY number ASC [ RunTime:0.0000s ]
NOTIC: [8] Undefined variable: allTotal E:\xampp\htdocs\equip\meal\Application\Home\Model\OrdersModel.class.php 第 199 行.
SQL: SELECT status FROM meal_system WHERE id = (SELECT MAX(id) FROM meal_system) [ RunTime:0.0000s ]
SQL: SELECT DISTINCT u.username
                    FROM meal_orders o 
                    LEFT JOIN meal_user u ON o.user_id = u.id
                    WHERE o.system_id = 129 AND u.status = 1 
                    GROUP BY o.user_id [ RunTime:0.0010s ]
SQL: SELECT username
                        FROM meal_user 
                        WHERE status = 1 [ RunTime:0.0000s ]
INFO: [ view_parse ] --START--
INFO: [ template_filter ] --START--
INFO: Run Behavior\ContentReplaceBehavior [ RunTime:0.000000s ]
INFO: [ template_filter ] --END-- [ RunTime:0.000000s ]
INFO: Run Behavior\ParseTemplateBehavior [ RunTime:0.042003s ]
INFO: [ view_parse ] --END-- [ RunTime:0.042003s ]
INFO: [ view_filter ] --START--
INFO: Run Behavior\WriteHtmlCacheBehavior [ RunTime:0.001000s ]
INFO: [ view_filter ] --END-- [ RunTime:0.002000s ]
INFO: [ app_end ] --START--
INFO: Run Behavior\ShowPageTraceBehavior [ RunTime:0.001000s ]
INFO: [ app_end ] --END-- [ RunTime:0.002000s ]

[ 2017-04-08T21:12:11+08:00 ] 127.0.0.1 /equip/meal/index.php/Home/Index/assets/i/favicon.png
INFO: [ app_init ] --START--
INFO: Run Behavior\BuildLiteBehavior [ RunTime:0.000000s ]
INFO: [ app_init ] --END-- [ RunTime:0.001000s ]

[ 2017-04-08T21:12:12+08:00 ] 127.0.0.1 /equip/meal/index.php/Home/Index/delete.html
INFO: [ app_init ] --START--
INFO: Run Behavior\BuildLiteBehavior [ RunTime:0.000000s ]
INFO: [ app_init ] --END-- [ RunTime:0.000000s ]
INFO: [ app_begin ] --START--
INFO: Run Behavior\ReadHtmlCacheBehavior [ RunTime:0.000000s ]
INFO: [ app_begin ] --END-- [ RunTime:0.000000s ]
SQL: SHOW COLUMNS FROM `meal_system` [ RunTime:0.0020s ]
SQL: SELECT id, status, merchantmumber 
                    FROM meal_system 
                    ORDER BY id DESC 
                    LIMIT 1 [ RunTime:0.0000s ]
SQL: SELECT MAX(id) AS tp_max FROM `meal_system` LIMIT 1   [ RunTime:0.0000s ]
SQL: SELECT `status` FROM `meal_system` WHERE ( id=129 ) LIMIT 1   [ RunTime:0.0000s ]
SQL: SHOW COLUMNS FROM `meal_orders` [ RunTime:0.0030s ]
SQL: DELETE FROM meal_orders WHERE user_id = 1 AND system_id = 129 AND foodname = '辣子鸡拼粟米饼饭 (17)' [ RunTime:0.1000s ]

[ 2017-04-08T21:12:13+08:00 ] 127.0.0.1 /equip/meal/index.php/Home/Index/index.html
INFO: [ app_init ] --START--
INFO: Run Behavior\BuildLiteBehavior [ RunTime:0.000000s ]
INFO: [ app_init ] --END-- [ RunTime:0.000000s ]
INFO: [ app_begin ] --START--
INFO: Run Behavior\ReadHtmlCacheBehavior [ RunTime:0.001000s ]
INFO: [ app_begin ] --END-- [ RunTime:0.001000s ]
SQL: SHOW COLUMNS FROM `meal_system` [ RunTime:0.0020s ]
SQL: SELECT id, status, merchantmumber 
                    FROM meal_system 
                    ORDER BY id DESC 
                    LIMIT 1 [ RunTime:0.0010s ]
SQL: SHOW COLUMNS FROM `meal_user` [ RunTime:0.0030s ]
SQL: SELECT `money` FROM `meal_user` WHERE ( id=1 ) LIMIT 1   [ RunTime:0.0010s ]
SQL: SHOW COLUMNS FROM `meal_orders` [ RunTime:0.0020s ]
NOTIC: [8] Undefined offset: 0 E:\xampp\htdocs\equip\meal\Application\Home\Model\OrdersModel.class.php 第 46 行.
NOTIC: [8] Undefined offset: 0 E:\xampp\htdocs\equip\meal\Application\Home\Model\OrdersModel.class.php 第 46 行.
NOTIC: [8] Undefined offset: 0 E:\xampp\htdocs\equip\meal\Application\Home\Model\OrdersModel.class.php 第 46 行.
NOTIC: [8] Undefined offset: 0 E:\xampp\htdocs\equip\meal\Application\Home\Model\OrdersModel.class.php 第 46 行.
NOTIC: [8] Undefined offset: 0 E:\xampp\htdocs\equip\meal\Application\Home\Model\OrdersModel.class.php 第 46 行.
NOTIC: [8] Undefined offset: 0 E:\xampp\htdocs\equip\meal\Application\Home\Model\OrdersModel.class.php 第 46 行.
NOTIC: [8] Undefined offset: 0 E:\xampp\htdocs\equip\meal\Application\Home\Model\OrdersModel.class.php 第 46 行.
NOTIC: [8] Undefined offset: 0 E:\xampp\htdocs\equip\meal\Application\Home\Model\OrdersModel.class.php 第 46 行.
NOTIC: [8] Undefined offset: 0 E:\xampp\htdocs\equip\meal\Application\Home\Model\OrdersModel.class.php 第 46 行.
NOTIC: [8] Undefined offset: 0 E:\xampp\htdocs\equip\meal\Application\Home\Model\OrdersModel.class.php 第 46 行.
NOTIC: [8] Undefined offset: 0 E:\xampp\htdocs\equip\meal\Application\Home\Model\OrdersModel.class.php 第 46 行.
NOTIC: [8] Undefined offset: 0 E:\xampp\htdocs\equip\meal\Application\Home\Model\OrdersModel.class.php 第 46 行.
NOTIC: [8] Undefined offset: 0 E:\xampp\htdocs\equip\meal\Application\Home\Model\OrdersModel.class.php 第 46 行.
NOTIC: [8] Undefined offset: 0 E:\xampp\htdocs\equip\meal\Application\Home\Model\OrdersModel.class.php 第 46 行.
NOTIC: [8] Undefined offset: 0 E:\xampp\htdocs\equip\meal\Application\Home\Model\OrdersModel.class.php 第 46 行.
NOTIC: [8] Undefined offset: 0 E:\xampp\htdocs\equip\meal\Application\Home\Model\OrdersModel.class.php 第 46 行.
NOTIC: [8] Undefined offset: 0 E:\xampp\htdocs\equip\meal\Application\Home\Model\OrdersModel.class.php 第 46 行.
NOTIC: [8] Undefined offset: 0 E:\xampp\htdocs\equip\meal\Application\Home\Model\OrdersModel.class.php 第 46 行.
NOTIC: [8] Undefined offset: 0 E:\xampp\htdocs\equip\meal\Application\Home\Model\OrdersModel.class.php 第 46 行.
NOTIC: [8] Undefined offset: 0 E:\xampp\htdocs\equip\meal\Application\Home\Model\OrdersModel.class.php 第 46 行.
NOTIC: [8] Undefined offset: 0 E:\xampp\htdocs\equip\meal\Application\Home\Model\OrdersModel.class.php 第 46 行.
NOTIC: [8] Undefined offset: 0 E:\xampp\htdocs\equip\meal\Application\Home\Model\OrdersModel.class.php 第 46 行.
NOTIC: [8] Undefined offset: 0 E:\xampp\htdocs\equip\meal\Application\Home\Model\OrdersModel.class.php 第 46 行.
NOTIC: [8] Undefined offset: 0 E:\xampp\htdocs\equip\meal\Application\Home\Model\OrdersModel.class.php 第 46 行.
NOTIC: [8] Undefined offset: 0 E:\xampp\htdocs\equip\meal\Application\Home\Model\OrdersModel.class.php 第 46 行.
NOTIC: [8] Undefined offset: 0 E:\xampp\htdocs\equip\meal\Application\Home\Model\OrdersModel.class.php 第 46 行.
NOTIC: [8] Undefined offset: 0 E:\xampp\htdocs\equip\meal\Application\Home\Model\OrdersModel.class.php 第 46 行.
NOTIC: [8] Undefined offset: 0 E:\xampp\htdocs\equip\meal\Application\Home\Model\OrdersModel.class.php 第 46 行.
NOTIC: [8] Undefined offset: 0 E:\xampp\htdocs\equip\meal\Application\Home\Model\OrdersModel.class.php 第 46 行.
NOTIC: [8] Undefined offset: 0 E:\xampp\htdocs\equip\meal\Application\Home\Model\OrdersModel.class.php 第 46 行.
NOTIC: [8] Undefined offset: 0 E:\xampp\htdocs\equip\meal\Application\Home\Model\OrdersModel.class.php 第 46 行.
NOTIC: [8] Undefined offset: 0 E:\xampp\htdocs\equip\meal\Application\Home\Model\OrdersModel.class.php 第 46 行.
NOTIC: [8] Undefined offset: 0 E:\xampp\htdocs\equip\meal\Application\Home\Model\OrdersModel.class.php 第 46 行.
NOTIC: [8] Undefined offset: 0 E:\xampp\htdocs\equip\meal\Application\Home\Model\OrdersModel.class.php 第 46 行.
NOTIC: [8] Undefined offset: 0 E:\xampp\htdocs\equip\meal\Application\Home\Model\OrdersModel.class.php 第 46 行.
NOTIC: [8] Undefined offset: 0 E:\xampp\htdocs\equip\meal\Application\Home\Model\OrdersModel.class.php 第 46 行.
NOTIC: [8] Undefined offset: 0 E:\xampp\htdocs\equip\meal\Application\Home\Model\OrdersModel.class.php 第 46 行.
NOTIC: [8] Undefined offset: 0 E:\xampp\htdocs\equip\meal\Application\Home\Model\OrdersModel.class.php 第 46 行.
NOTIC: [8] Undefined offset: 0 E:\xampp\htdocs\equip\meal\Application\Home\Model\OrdersModel.class.php 第 46 行.
NOTIC: [8] Undefined offset: 0 E:\xampp\htdocs\equip\meal\Application\Home\Model\OrdersModel.class.php 第 46 行.
NOTIC: [8] Undefined offset: 0 E:\xampp\htdocs\equip\meal\Application\Home\Model\OrdersModel.class.php 第 46 行.
NOTIC: [8] Undefined offset: 0 E:\xampp\htdocs\equip\meal\Application\Home\Model\OrdersModel.class.php 第 46 行.
NOTIC: [8] Undefined offset: 0 E:\xampp\htdocs\equip\meal\Application\Home\Model\OrdersModel.class.php 第 46 行.
NOTIC: [8] Undefined offset: 0 E:\xampp\htdocs\equip\meal\Application\Home\Model\OrdersModel.class.php 第 46 行.
NOTIC: [8] Undefined offset: 0 E:\xampp\htdocs\equip\meal\Application\Home\Model\OrdersModel.class.php 第 46 行.
NOTIC: [8] Undefined offset: 0 E:\xampp\htdocs\equip\meal\Application\Home\Model\OrdersModel.class.php 第 46 行.
NOTIC: [8] Undefined offset: 0 E:\xampp\htdocs\equip\meal\Application\Home\Model\OrdersModel.class.php 第 46 行.
NOTIC: [8] Undefined offset: 0 E:\xampp\htdocs\equip\meal\Application\Home\Model\OrdersModel.class.php 第 46 行.
NOTIC: [8] Undefined offset: 0 E:\xampp\htdocs\equip\meal\Application\Home\Model\OrdersModel.class.php 第 46 行.
NOTIC: [8] Undefined offset: 0 E:\xampp\htdocs\equip\meal\Application\Home\Model\OrdersModel.class.php 第 46 行.
NOTIC: [8] Undefined offset: 0 E:\xampp\htdocs\equip\meal\Application\Home\Model\OrdersModel.class.php 第 46 行.
NOTIC: [8] Undefined offset: 0 E:\xampp\htdocs\equip\meal\Application\Home\Model\OrdersModel.class.php 第 46 行.
NOTIC: [8] Undefined offset: 0 E:\xampp\htdocs\equip\meal\Application\Home\Model\OrdersModel.class.php 第 46 行.
NOTIC: [8] Undefined offset: 0 E:\xampp\htdocs\equip\meal\Application\Home\Model\OrdersModel.class.php 第 46 行.
NOTIC: [8] Undefined offset: 0 E:\xampp\htdocs\equip\meal\Application\Home\Model\OrdersModel.class.php 第 46 行.
NOTIC: [8] Undefined offset: 0 E:\xampp\htdocs\equip\meal\Application\Home\Model\OrdersModel.class.php 第 46 行.
NOTIC: [8] Undefined offset: 0 E:\xampp\htdocs\equip\meal\Application\Home\Model\OrdersModel.class.php 第 46 行.
NOTIC: [8] Undefined offset: 0 E:\xampp\htdocs\equip\meal\Application\Home\Model\OrdersModel.class.php 第 46 行.
NOTIC: [8] Undefined offset: 0 E:\xampp\htdocs\equip\meal\Application\Home\Model\OrdersModel.class.php 第 46 行.
NOTIC: [8] Undefined offset: 0 E:\xampp\htdocs\equip\meal\Application\Home\Model\OrdersModel.class.php 第 46 行.
NOTIC: [8] Undefined offset: 0 E:\xampp\htdocs\equip\meal\Application\Home\Model\OrdersModel.class.php 第 46 行.
NOTIC: [8] Undefined offset: 0 E:\xampp\htdocs\equip\meal\Application\Home\Model\OrdersModel.class.php 第 46 行.
NOTIC: [8] Undefined offset: 0 E:\xampp\htdocs\equip\meal\Application\Home\Model\OrdersModel.class.php 第 46 行.
NOTIC: [8] Undefined offset: 0 E:\xampp\htdocs\equip\meal\Application\Home\Model\OrdersModel.class.php 第 46 行.
NOTIC: [8] Undefined offset: 0 E:\xampp\htdocs\equip\meal\Application\Home\Model\OrdersModel.class.php 第 46 行.
NOTIC: [8] Undefined offset: 0 E:\xampp\htdocs\equip\meal\Application\Home\Model\OrdersModel.class.php 第 46 行.
NOTIC: [8] Undefined offset: 0 E:\xampp\htdocs\equip\meal\Application\Home\Model\OrdersModel.class.php 第 46 行.
NOTIC: [8] Undefined offset: 0 E:\xampp\htdocs\equip\meal\Application\Home\Model\OrdersModel.class.php 第 46 行.
NOTIC: [8] Undefined offset: 0 E:\xampp\htdocs\equip\meal\Application\Home\Model\OrdersModel.class.php 第 46 行.
NOTIC: [8] Undefined offset: 0 E:\xampp\htdocs\equip\meal\Application\Home\Model\OrdersModel.class.php 第 46 行.
NOTIC: [8] Undefined offset: 0 E:\xampp\htdocs\equip\meal\Application\Home\Model\OrdersModel.class.php 第 46 行.
NOTIC: [8] Undefined offset: 0 E:\xampp\htdocs\equip\meal\Application\Home\Model\OrdersModel.class.php 第 46 行.
NOTIC: [8] Undefined offset: 0 E:\xampp\htdocs\equip\meal\Application\Home\Model\OrdersModel.class.php 第 46 行.
NOTIC: [8] Undefined offset: 0 E:\xampp\htdocs\equip\meal\Application\Home\Model\OrdersModel.class.php 第 46 行.
NOTIC: [8] Undefined offset: 0 E:\xampp\htdocs\equip\meal\Application\Home\Model\OrdersModel.class.php 第 46 行.
NOTIC: [8] Undefined offset: 0 E:\xampp\htdocs\equip\meal\Application\Home\Model\OrdersModel.class.php 第 46 行.
NOTIC: [8] Undefined offset: 0 E:\xampp\htdocs\equip\meal\Application\Home\Model\OrdersModel.class.php 第 46 行.
SQL: SELECT o.id, o.user_id, o.foodname, o.num, o.price, u.username 
        			FROM meal_orders o
        			LEFT JOIN meal_user u ON o.user_id = u.id
        			WHERE system_id = 129
                    ORDER BY user_id = 1 DESC [ RunTime:0.0010s ]
NOTIC: [8] Undefined index: total E:\xampp\htdocs\equip\meal\Application\Home\Model\OrdersModel.class.php 第 170 行.
SQL: SELECT foodname, SUM(num) AS number, SUM(num) * price AS total
                    FROM meal_orders  
                    WHERE system_id = 129
                    GROUP BY foodname
                    ORDER BY number ASC [ RunTime:0.0020s ]
NOTIC: [8] Undefined variable: allTotal E:\xampp\htdocs\equip\meal\Application\Home\Model\OrdersModel.class.php 第 199 行.
SQL: SELECT status FROM meal_system WHERE id = (SELECT MAX(id) FROM meal_system) [ RunTime:0.0000s ]
SQL: SELECT DISTINCT u.username
                    FROM meal_orders o 
                    LEFT JOIN meal_user u ON o.user_id = u.id
                    WHERE o.system_id = 129 AND u.status = 1 
                    GROUP BY o.user_id [ RunTime:0.0010s ]
SQL: SELECT username
                        FROM meal_user 
                        WHERE status = 1 [ RunTime:0.0000s ]
INFO: [ view_parse ] --START--
INFO: [ template_filter ] --START--
INFO: Run Behavior\ContentReplaceBehavior [ RunTime:0.000000s ]
INFO: [ template_filter ] --END-- [ RunTime:0.001000s ]
INFO: Run Behavior\ParseTemplateBehavior [ RunTime:0.042002s ]
INFO: [ view_parse ] --END-- [ RunTime:0.042002s ]
INFO: [ view_filter ] --START--
INFO: Run Behavior\WriteHtmlCacheBehavior [ RunTime:0.000000s ]
INFO: [ view_filter ] --END-- [ RunTime:0.001001s ]
INFO: [ app_end ] --START--
INFO: Run Behavior\ShowPageTraceBehavior [ RunTime:0.002000s ]
INFO: [ app_end ] --END-- [ RunTime:0.002000s ]

[ 2017-04-08T21:12:18+08:00 ] 127.0.0.1 /equip/meal/index.php/Home/Login/logout.html
INFO: [ app_init ] --START--
INFO: Run Behavior\BuildLiteBehavior [ RunTime:0.000000s ]
INFO: [ app_init ] --END-- [ RunTime:0.000000s ]
INFO: [ app_begin ] --START--
INFO: Run Behavior\ReadHtmlCacheBehavior [ RunTime:0.001000s ]
INFO: [ app_begin ] --END-- [ RunTime:0.001000s ]
INFO: [ view_parse ] --START--
INFO: [ template_filter ] --START--
INFO: Run Behavior\ContentReplaceBehavior [ RunTime:0.000000s ]
INFO: [ template_filter ] --END-- [ RunTime:0.000000s ]
INFO: Run Behavior\ParseTemplateBehavior [ RunTime:0.010001s ]
INFO: [ view_parse ] --END-- [ RunTime:0.011001s ]
INFO: [ view_filter ] --START--
INFO: Run Behavior\WriteHtmlCacheBehavior [ RunTime:0.001000s ]
INFO: [ view_filter ] --END-- [ RunTime:0.001000s ]
INFO: [ app_end ] --START--
INFO: Run Behavior\ShowPageTraceBehavior [ RunTime:0.001000s ]
INFO: [ app_end ] --END-- [ RunTime:0.001000s ]

[ 2017-04-08T21:12:19+08:00 ] 127.0.0.1 /equip/meal/index.php/Home/Login/login.html
INFO: [ app_init ] --START--
INFO: Run Behavior\BuildLiteBehavior [ RunTime:0.000000s ]
INFO: [ app_init ] --END-- [ RunTime:0.000000s ]
INFO: [ app_begin ] --START--
INFO: Run Behavior\ReadHtmlCacheBehavior [ RunTime:0.000000s ]
INFO: [ app_begin ] --END-- [ RunTime:0.000000s ]
INFO: [ view_parse ] --START--
INFO: [ template_filter ] --START--
INFO: Run Behavior\ContentReplaceBehavior [ RunTime:0.000000s ]
INFO: [ template_filter ] --END-- [ RunTime:0.000000s ]
INFO: Run Behavior\ParseTemplateBehavior [ RunTime:0.023601s ]
INFO: [ view_parse ] --END-- [ RunTime:0.024601s ]
INFO: [ view_filter ] --START--
INFO: Run Behavior\WriteHtmlCacheBehavior [ RunTime:0.001000s ]
INFO: [ view_filter ] --END-- [ RunTime:0.001000s ]

