[ 2016-12-30T22:06:38+08:00 ] 192.168.0.31 /meal/index.php/Admin/Index/index.html
INFO: [ app_init ] --START--
INFO: Run Behavior\BuildLiteBehavior [ RunTime:0.000031s ]
INFO: [ app_init ] --END-- [ RunTime:0.000714s ]
INFO: [ app_begin ] --START--
INFO: Run Behavior\ReadHtmlCacheBehavior [ RunTime:0.000954s ]
INFO: [ app_begin ] --END-- [ RunTime:0.001066s ]
INFO: [ view_parse ] --START--
INFO: [ template_filter ] --START--
INFO: Run Behavior\ContentReplaceBehavior [ RunTime:0.000046s ]
INFO: [ template_filter ] --END-- [ RunTime:0.000074s ]
INFO: Run Behavior\ParseTemplateBehavior [ RunTime:0.004682s ]
INFO: [ view_parse ] --END-- [ RunTime:0.004740s ]
INFO: [ view_filter ] --START--
INFO: Run Behavior\WriteHtmlCacheBehavior [ RunTime:0.000081s ]
INFO: [ view_filter ] --END-- [ RunTime:0.000103s ]
INFO: [ app_end ] --START--
INFO: Run Behavior\ShowPageTraceBehavior [ RunTime:0.000253s ]
INFO: [ app_end ] --END-- [ RunTime:0.000277s ]

[ 2016-12-30T22:06:38+08:00 ] 192.168.0.31 /meal/index.php/Admin/Index/assets/i/favicon.png
INFO: [ app_init ] --START--
INFO: Run Behavior\BuildLiteBehavior [ RunTime:0.000028s ]
INFO: [ app_init ] --END-- [ RunTime:0.000693s ]

[ 2016-12-30T22:06:40+08:00 ] 192.168.0.31 /meal/index.php/Admin/Orders/index.html
INFO: [ app_init ] --START--
INFO: Run Behavior\BuildLiteBehavior [ RunTime:0.000030s ]
INFO: [ app_init ] --END-- [ RunTime:0.000708s ]
INFO: [ app_begin ] --START--
INFO: Run Behavior\ReadHtmlCacheBehavior [ RunTime:0.000961s ]
INFO: [ app_begin ] --END-- [ RunTime:0.001075s ]
SQL: SHOW COLUMNS FROM `meal_orders` [ RunTime:0.0006s ]
SQL: SELECT COUNT(o.id) AS num 
    					 FROM meal_orders o 
    					 LEFT JOIN meal_user u ON o.user_id = u.id WHERE o.id > 0  [ RunTime:0.0002s ]
NOTIC: [8] Use of undefined constant 上一页 - assumed '上一页' /data/hunfu/html/meal/ThinkPHP/Library/Think/Page.class.php 第 167 行.
NOTIC: [8] Use of undefined constant 下一页 - assumed '下一页' /data/hunfu/html/meal/ThinkPHP/Library/Think/Page.class.php 第 171 行.
NOTIC: [8] Use of undefined constant 首页 - assumed '首页' /data/hunfu/html/meal/ThinkPHP/Library/Think/Page.class.php 第 174 行.
NOTIC: [8] Use of undefined constant 末页 - assumed '末页' /data/hunfu/html/meal/ThinkPHP/Library/Think/Page.class.php 第 177 行.
SQL: SELECT o.id, u.username, o.foodname, o.price, o.num, o.total, o.addtime 
    				FROM meal_orders o 
    				LEFT JOIN meal_user u ON o.user_id = u.id WHERE o.id > 0  ORDER BY o.id DESC LIMIT 0, 10 [ RunTime:0.0002s ]
INFO: [ view_parse ] --START--
INFO: [ template_filter ] --START--
INFO: Run Behavior\ContentReplaceBehavior [ RunTime:0.000065s ]
INFO: [ template_filter ] --END-- [ RunTime:0.000092s ]
NOTIC: [8] Undefined index: role /data/hunfu/html/meal/Runtime/Cache/Admin/d70e8667642e23ac9b51b6ef7656a2da.php 第 149 行.
NOTIC: [8] Undefined index: role /data/hunfu/html/meal/Runtime/Cache/Admin/d70e8667642e23ac9b51b6ef7656a2da.php 第 150 行.
NOTIC: [8] Use of undefined constant btn - assumed 'btn' /data/hunfu/html/meal/Runtime/Cache/Admin/d70e8667642e23ac9b51b6ef7656a2da.php 第 211 行.
INFO: Run Behavior\ParseTemplateBehavior [ RunTime:0.006352s ]
INFO: [ view_parse ] --END-- [ RunTime:0.006377s ]
INFO: [ view_filter ] --START--
INFO: Run Behavior\WriteHtmlCacheBehavior [ RunTime:0.000088s ]
INFO: [ view_filter ] --END-- [ RunTime:0.000110s ]
INFO: [ app_end ] --START--
INFO: Run Behavior\ShowPageTraceBehavior [ RunTime:0.000249s ]
INFO: [ app_end ] --END-- [ RunTime:0.000274s ]

[ 2016-12-30T22:06:40+08:00 ] 192.168.0.31 /meal/index.php/Admin/Orders/assets/i/favicon.png
INFO: [ app_init ] --START--
INFO: Run Behavior\BuildLiteBehavior [ RunTime:0.000008s ]
INFO: [ app_init ] --END-- [ RunTime:0.000181s ]

[ 2016-12-30T22:06:41+08:00 ] 192.168.0.31 /meal/index.php/Admin/User/index.html
INFO: [ app_init ] --START--
INFO: Run Behavior\BuildLiteBehavior [ RunTime:0.000008s ]
INFO: [ app_init ] --END-- [ RunTime:0.000181s ]
INFO: [ app_begin ] --START--
INFO: Run Behavior\ReadHtmlCacheBehavior [ RunTime:0.000245s ]
INFO: [ app_begin ] --END-- [ RunTime:0.000276s ]
SQL: SHOW COLUMNS FROM `meal_user` [ RunTime:0.0005s ]
SQL: SELECT COUNT(id) AS num 
    					 FROM meal_user WHERE id > 0  [ RunTime:0.0001s ]
SQL: SELECT id, username, role, status, addtime, money
    				FROM meal_user WHERE id > 0  ORDER BY id DESC LIMIT 0, 10 [ RunTime:0.0001s ]
INFO: [ view_parse ] --START--
INFO: [ template_filter ] --START--
INFO: Run Behavior\ContentReplaceBehavior [ RunTime:0.000058s ]
INFO: [ template_filter ] --END-- [ RunTime:0.000085s ]
NOTIC: [8] Undefined index: role /data/hunfu/html/meal/Runtime/Cache/Admin/65e605872ed5d34210f5b33beb13f5a3.php 第 149 行.
NOTIC: [8] Undefined index: role /data/hunfu/html/meal/Runtime/Cache/Admin/65e605872ed5d34210f5b33beb13f5a3.php 第 150 行.
NOTIC: [8] Undefined index: money /data/hunfu/html/meal/Runtime/Cache/Admin/65e605872ed5d34210f5b33beb13f5a3.php 第 157 行.
NOTIC: [8] Undefined index: money /data/hunfu/html/meal/Runtime/Cache/Admin/65e605872ed5d34210f5b33beb13f5a3.php 第 158 行.
NOTIC: [8] Use of undefined constant btn - assumed 'btn' /data/hunfu/html/meal/Runtime/Cache/Admin/65e605872ed5d34210f5b33beb13f5a3.php 第 217 行.
INFO: Run Behavior\ParseTemplateBehavior [ RunTime:0.006665s ]
INFO: [ view_parse ] --END-- [ RunTime:0.006691s ]
INFO: [ view_filter ] --START--
INFO: Run Behavior\WriteHtmlCacheBehavior [ RunTime:0.000085s ]
INFO: [ view_filter ] --END-- [ RunTime:0.000108s ]
INFO: [ app_end ] --START--
INFO: Run Behavior\ShowPageTraceBehavior [ RunTime:0.000247s ]
INFO: [ app_end ] --END-- [ RunTime:0.000273s ]

[ 2016-12-30T22:06:41+08:00 ] 192.168.0.31 /meal/index.php/Admin/User/assets/i/favicon.png
INFO: [ app_init ] --START--
INFO: Run Behavior\BuildLiteBehavior [ RunTime:0.000007s ]
INFO: [ app_init ] --END-- [ RunTime:0.000179s ]

[ 2016-12-30T22:07:14+08:00 ] 192.168.0.31 /meal/index.php/Admin/User/index.html
INFO: [ app_init ] --START--
INFO: Run Behavior\BuildLiteBehavior [ RunTime:0.000030s ]
INFO: [ app_init ] --END-- [ RunTime:0.000718s ]
INFO: [ app_begin ] --START--
INFO: Run Behavior\ReadHtmlCacheBehavior [ RunTime:0.000956s ]
INFO: [ app_begin ] --END-- [ RunTime:0.001069s ]
SQL: SHOW COLUMNS FROM `meal_user` [ RunTime:0.0005s ]
SQL: SELECT COUNT(id) AS num 
    					 FROM meal_user WHERE id > 0  [ RunTime:0.0000s ]
SQL: SELECT id, username, role, status, addtime, money
    				FROM meal_user WHERE id > 0  ORDER BY id DESC LIMIT 0, 10 [ RunTime:0.0001s ]
INFO: [ view_parse ] --START--
INFO: [ template_filter ] --START--
INFO: Run Behavior\ContentReplaceBehavior [ RunTime:0.000058s ]
INFO: [ template_filter ] --END-- [ RunTime:0.000085s ]
NOTIC: [8] Undefined index: role /data/hunfu/html/meal/Runtime/Cache/Admin/65e605872ed5d34210f5b33beb13f5a3.php 第 149 行.
NOTIC: [8] Undefined index: role /data/hunfu/html/meal/Runtime/Cache/Admin/65e605872ed5d34210f5b33beb13f5a3.php 第 150 行.
NOTIC: [8] Undefined index: money /data/hunfu/html/meal/Runtime/Cache/Admin/65e605872ed5d34210f5b33beb13f5a3.php 第 157 行.
NOTIC: [8] Undefined index: money /data/hunfu/html/meal/Runtime/Cache/Admin/65e605872ed5d34210f5b33beb13f5a3.php 第 158 行.
NOTIC: [8] Use of undefined constant btn - assumed 'btn' /data/hunfu/html/meal/Runtime/Cache/Admin/65e605872ed5d34210f5b33beb13f5a3.php 第 217 行.
INFO: Run Behavior\ParseTemplateBehavior [ RunTime:0.006720s ]
INFO: [ view_parse ] --END-- [ RunTime:0.006745s ]
INFO: [ view_filter ] --START--
INFO: Run Behavior\WriteHtmlCacheBehavior [ RunTime:0.000107s ]
INFO: [ view_filter ] --END-- [ RunTime:0.000130s ]
INFO: [ app_end ] --START--
INFO: Run Behavior\ShowPageTraceBehavior [ RunTime:0.000259s ]
INFO: [ app_end ] --END-- [ RunTime:0.000289s ]

[ 2016-12-30T22:07:15+08:00 ] 192.168.0.31 /meal/index.php/Admin/Orders/index.html
INFO: [ app_init ] --START--
INFO: Run Behavior\BuildLiteBehavior [ RunTime:0.000009s ]
INFO: [ app_init ] --END-- [ RunTime:0.000322s ]
INFO: [ app_begin ] --START--
INFO: Run Behavior\ReadHtmlCacheBehavior [ RunTime:0.000246s ]
INFO: [ app_begin ] --END-- [ RunTime:0.000276s ]
SQL: SHOW COLUMNS FROM `meal_orders` [ RunTime:0.0005s ]
SQL: SELECT COUNT(o.id) AS num 
    					 FROM meal_orders o 
    					 LEFT JOIN meal_user u ON o.user_id = u.id WHERE o.id > 0  [ RunTime:0.0000s ]
NOTIC: [8] Use of undefined constant 上一页 - assumed '上一页' /data/hunfu/html/meal/ThinkPHP/Library/Think/Page.class.php 第 167 行.
NOTIC: [8] Use of undefined constant 下一页 - assumed '下一页' /data/hunfu/html/meal/ThinkPHP/Library/Think/Page.class.php 第 171 行.
NOTIC: [8] Use of undefined constant 首页 - assumed '首页' /data/hunfu/html/meal/ThinkPHP/Library/Think/Page.class.php 第 174 行.
NOTIC: [8] Use of undefined constant 末页 - assumed '末页' /data/hunfu/html/meal/ThinkPHP/Library/Think/Page.class.php 第 177 行.
SQL: SELECT o.id, u.username, o.foodname, o.price, o.num, o.total, o.addtime 
    				FROM meal_orders o 
    				LEFT JOIN meal_user u ON o.user_id = u.id WHERE o.id > 0  ORDER BY o.id DESC LIMIT 0, 10 [ RunTime:0.0001s ]
INFO: [ view_parse ] --START--
INFO: [ template_filter ] --START--
INFO: Run Behavior\ContentReplaceBehavior [ RunTime:0.000063s ]
INFO: [ template_filter ] --END-- [ RunTime:0.000090s ]
NOTIC: [8] Undefined index: role /data/hunfu/html/meal/Runtime/Cache/Admin/d70e8667642e23ac9b51b6ef7656a2da.php 第 149 行.
NOTIC: [8] Undefined index: role /data/hunfu/html/meal/Runtime/Cache/Admin/d70e8667642e23ac9b51b6ef7656a2da.php 第 150 行.
NOTIC: [8] Use of undefined constant btn - assumed 'btn' /data/hunfu/html/meal/Runtime/Cache/Admin/d70e8667642e23ac9b51b6ef7656a2da.php 第 211 行.
INFO: Run Behavior\ParseTemplateBehavior [ RunTime:0.006348s ]
INFO: [ view_parse ] --END-- [ RunTime:0.006373s ]
INFO: [ view_filter ] --START--
INFO: Run Behavior\WriteHtmlCacheBehavior [ RunTime:0.000081s ]
INFO: [ view_filter ] --END-- [ RunTime:0.000103s ]
INFO: [ app_end ] --START--
INFO: Run Behavior\ShowPageTraceBehavior [ RunTime:0.000249s ]
INFO: [ app_end ] --END-- [ RunTime:0.000275s ]

[ 2016-12-30T22:08:38+08:00 ] 192.168.0.31 /meal/index.php/Admin/Orders/index.html
INFO: [ app_init ] --START--
INFO: Run Behavior\BuildLiteBehavior [ RunTime:0.000030s ]
INFO: [ app_init ] --END-- [ RunTime:0.000733s ]
INFO: [ app_begin ] --START--
INFO: Run Behavior\ReadHtmlCacheBehavior [ RunTime:0.000244s ]
INFO: [ app_begin ] --END-- [ RunTime:0.000273s ]
SQL: SHOW COLUMNS FROM `meal_orders` [ RunTime:0.0006s ]
SQL: SELECT COUNT(o.id) AS num 
    					 FROM meal_orders o 
    					 LEFT JOIN meal_user u ON o.user_id = u.id WHERE o.id > 0  [ RunTime:0.0001s ]
NOTIC: [8] Use of undefined constant 上一页 - assumed '上一页' /data/hunfu/html/meal/ThinkPHP/Library/Think/Page.class.php 第 167 行.
NOTIC: [8] Use of undefined constant 下一页 - assumed '下一页' /data/hunfu/html/meal/ThinkPHP/Library/Think/Page.class.php 第 171 行.
NOTIC: [8] Use of undefined constant 首页 - assumed '首页' /data/hunfu/html/meal/ThinkPHP/Library/Think/Page.class.php 第 174 行.
NOTIC: [8] Use of undefined constant 末页 - assumed '末页' /data/hunfu/html/meal/ThinkPHP/Library/Think/Page.class.php 第 177 行.
SQL: SELECT o.id, u.username, o.foodname, o.price, o.num, o.total, o.addtime 
    				FROM meal_orders o 
    				LEFT JOIN meal_user u ON o.user_id = u.id WHERE o.id > 0  ORDER BY o.id DESC LIMIT 0, 10 [ RunTime:0.0001s ]
INFO: [ view_parse ] --START--
INFO: [ template_filter ] --START--
INFO: Run Behavior\ContentReplaceBehavior [ RunTime:0.000064s ]
INFO: [ template_filter ] --END-- [ RunTime:0.000091s ]
NOTIC: [8] Undefined index: role /data/hunfu/html/meal/Runtime/Cache/Admin/d70e8667642e23ac9b51b6ef7656a2da.php 第 149 行.
NOTIC: [8] Undefined index: role /data/hunfu/html/meal/Runtime/Cache/Admin/d70e8667642e23ac9b51b6ef7656a2da.php 第 150 行.
NOTIC: [8] Use of undefined constant btn - assumed 'btn' /data/hunfu/html/meal/Runtime/Cache/Admin/d70e8667642e23ac9b51b6ef7656a2da.php 第 211 行.
INFO: Run Behavior\ParseTemplateBehavior [ RunTime:0.006393s ]
INFO: [ view_parse ] --END-- [ RunTime:0.006418s ]
INFO: [ view_filter ] --START--
INFO: Run Behavior\WriteHtmlCacheBehavior [ RunTime:0.000090s ]
INFO: [ view_filter ] --END-- [ RunTime:0.000113s ]
INFO: [ app_end ] --START--
INFO: Run Behavior\ShowPageTraceBehavior [ RunTime:0.000253s ]
INFO: [ app_end ] --END-- [ RunTime:0.000279s ]

[ 2016-12-30T22:08:41+08:00 ] 192.168.0.31 /meal/index.php/Admin/Orders/index.html
INFO: [ app_init ] --START--
INFO: Run Behavior\BuildLiteBehavior [ RunTime:0.000008s ]
INFO: [ app_init ] --END-- [ RunTime:0.000192s ]
INFO: [ app_begin ] --START--
INFO: Run Behavior\ReadHtmlCacheBehavior [ RunTime:0.000247s ]
INFO: [ app_begin ] --END-- [ RunTime:0.000276s ]
SQL: SHOW COLUMNS FROM `meal_orders` [ RunTime:0.0006s ]
SQL: SELECT COUNT(o.id) AS num 
    					 FROM meal_orders o 
    					 LEFT JOIN meal_user u ON o.user_id = u.id WHERE o.id > 0  [ RunTime:0.0000s ]
NOTIC: [8] Use of undefined constant 上一页 - assumed '上一页' /data/hunfu/html/meal/ThinkPHP/Library/Think/Page.class.php 第 167 行.
NOTIC: [8] Use of undefined constant 下一页 - assumed '下一页' /data/hunfu/html/meal/ThinkPHP/Library/Think/Page.class.php 第 171 行.
NOTIC: [8] Use of undefined constant 首页 - assumed '首页' /data/hunfu/html/meal/ThinkPHP/Library/Think/Page.class.php 第 174 行.
NOTIC: [8] Use of undefined constant 末页 - assumed '末页' /data/hunfu/html/meal/ThinkPHP/Library/Think/Page.class.php 第 177 行.
SQL: SELECT o.id, u.username, o.foodname, o.price, o.num, o.total, o.addtime 
    				FROM meal_orders o 
    				LEFT JOIN meal_user u ON o.user_id = u.id WHERE o.id > 0  ORDER BY o.id DESC LIMIT 0, 10 [ RunTime:0.0001s ]
INFO: [ view_parse ] --START--
INFO: [ template_filter ] --START--
INFO: Run Behavior\ContentReplaceBehavior [ RunTime:0.000062s ]
INFO: [ template_filter ] --END-- [ RunTime:0.000089s ]
NOTIC: [8] Undefined index: role /data/hunfu/html/meal/Runtime/Cache/Admin/d70e8667642e23ac9b51b6ef7656a2da.php 第 149 行.
NOTIC: [8] Undefined index: role /data/hunfu/html/meal/Runtime/Cache/Admin/d70e8667642e23ac9b51b6ef7656a2da.php 第 150 行.
NOTIC: [8] Use of undefined constant btn - assumed 'btn' /data/hunfu/html/meal/Runtime/Cache/Admin/d70e8667642e23ac9b51b6ef7656a2da.php 第 211 行.
INFO: Run Behavior\ParseTemplateBehavior [ RunTime:0.006378s ]
INFO: [ view_parse ] --END-- [ RunTime:0.006403s ]
INFO: [ view_filter ] --START--
INFO: Run Behavior\WriteHtmlCacheBehavior [ RunTime:0.000086s ]
INFO: [ view_filter ] --END-- [ RunTime:0.000106s ]
INFO: [ app_end ] --START--
INFO: Run Behavior\ShowPageTraceBehavior [ RunTime:0.000254s ]
INFO: [ app_end ] --END-- [ RunTime:0.000279s ]

