[ 2017-01-06T10:36:25+08:00 ] 192.168.0.31 /meal/index.php/Admin/Index/index.html
INFO: [ app_init ] --START--
INFO: Run Behavior\BuildLiteBehavior [ RunTime:0.000008s ]
INFO: [ app_init ] --END-- [ RunTime:0.000184s ]
INFO: [ app_begin ] --START--
INFO: Run Behavior\ReadHtmlCacheBehavior [ RunTime:0.000235s ]
INFO: [ app_begin ] --END-- [ RunTime:0.000263s ]
INFO: [ view_parse ] --START--
INFO: [ template_filter ] --START--
INFO: Run Behavior\ContentReplaceBehavior [ RunTime:0.000046s ]
INFO: [ template_filter ] --END-- [ RunTime:0.000073s ]
INFO: Run Behavior\ParseTemplateBehavior [ RunTime:0.004261s ]
INFO: [ view_parse ] --END-- [ RunTime:0.004288s ]
INFO: [ view_filter ] --START--
INFO: Run Behavior\WriteHtmlCacheBehavior [ RunTime:0.000081s ]
INFO: [ view_filter ] --END-- [ RunTime:0.000107s ]
INFO: [ app_end ] --START--
INFO: Run Behavior\ShowPageTraceBehavior [ RunTime:0.000244s ]
INFO: [ app_end ] --END-- [ RunTime:0.000267s ]

[ 2017-01-06T10:36:26+08:00 ] 192.168.0.31 /meal/index.php/Admin/Index/assets/i/favicon.png
INFO: [ app_init ] --START--
INFO: Run Behavior\BuildLiteBehavior [ RunTime:0.000008s ]
INFO: [ app_init ] --END-- [ RunTime:0.000180s ]

[ 2017-01-06T10:36:27+08:00 ] 192.168.0.31 /meal/index.php/Admin/User/index.html
INFO: [ app_init ] --START--
INFO: Run Behavior\BuildLiteBehavior [ RunTime:0.000030s ]
INFO: [ app_init ] --END-- [ RunTime:0.000697s ]
INFO: [ app_begin ] --START--
INFO: Run Behavior\ReadHtmlCacheBehavior [ RunTime:0.000924s ]
INFO: [ app_begin ] --END-- [ RunTime:0.001037s ]
SQL: SHOW COLUMNS FROM `meal_user` [ RunTime:0.0016s ]
SQL: SELECT COUNT(id) AS num 
    					 FROM meal_user WHERE id > 0  [ RunTime:0.0004s ]
SQL: SELECT id, username, role, status, addtime, money
    				FROM meal_user WHERE id > 0  ORDER BY id DESC LIMIT 0, 10 [ RunTime:0.0005s ]
INFO: [ view_parse ] --START--
INFO: [ template_filter ] --START--
INFO: Run Behavior\ContentReplaceBehavior [ RunTime:0.000059s ]
INFO: [ template_filter ] --END-- [ RunTime:0.000086s ]
NOTIC: [8] Undefined index: role /data/hunfu/html/meal/Runtime/Cache/Admin/65e605872ed5d34210f5b33beb13f5a3.php 第 149 行.
NOTIC: [8] Undefined index: role /data/hunfu/html/meal/Runtime/Cache/Admin/65e605872ed5d34210f5b33beb13f5a3.php 第 150 行.
NOTIC: [8] Undefined index: money /data/hunfu/html/meal/Runtime/Cache/Admin/65e605872ed5d34210f5b33beb13f5a3.php 第 157 行.
NOTIC: [8] Undefined index: money /data/hunfu/html/meal/Runtime/Cache/Admin/65e605872ed5d34210f5b33beb13f5a3.php 第 158 行.
NOTIC: [8] Use of undefined constant btn - assumed 'btn' /data/hunfu/html/meal/Runtime/Cache/Admin/65e605872ed5d34210f5b33beb13f5a3.php 第 217 行.
INFO: Run Behavior\ParseTemplateBehavior [ RunTime:0.013993s ]
INFO: [ view_parse ] --END-- [ RunTime:0.014054s ]
INFO: [ view_filter ] --START--
INFO: Run Behavior\WriteHtmlCacheBehavior [ RunTime:0.000104s ]
INFO: [ view_filter ] --END-- [ RunTime:0.000127s ]
INFO: [ app_end ] --START--
INFO: Run Behavior\ShowPageTraceBehavior [ RunTime:0.000254s ]
INFO: [ app_end ] --END-- [ RunTime:0.000284s ]

[ 2017-01-06T10:36:27+08:00 ] 192.168.0.31 /meal/index.php/Admin/User/assets/i/favicon.png
INFO: [ app_init ] --START--
INFO: Run Behavior\BuildLiteBehavior [ RunTime:0.000029s ]
INFO: [ app_init ] --END-- [ RunTime:0.000693s ]

[ 2017-01-06T10:36:37+08:00 ] 192.168.0.31 /meal/index.php/Admin/User/delete/id/56.html
INFO: [ app_init ] --START--
INFO: Run Behavior\BuildLiteBehavior [ RunTime:0.000031s ]
INFO: [ app_init ] --END-- [ RunTime:0.000716s ]
INFO: [ app_begin ] --START--
INFO: Run Behavior\ReadHtmlCacheBehavior [ RunTime:0.000803s ]
INFO: [ app_begin ] --END-- [ RunTime:0.000864s ]
SQL: SHOW COLUMNS FROM `meal_orders` [ RunTime:0.0005s ]
SQL: SELECT id FROM meal_orders WHERE user_id = '56' [ RunTime:0.0001s ]
SQL: SHOW COLUMNS FROM `meal_user` [ RunTime:0.0005s ]
SQL: DELETE FROM meal_user WHERE id = '56' [ RunTime:0.0001s ]
SQL: DELETE FROM meal_orders WHERE user_id = '56' [ RunTime:0.0001s ]
INFO: [ view_parse ] --START--
INFO: [ template_filter ] --START--
INFO: Run Behavior\ContentReplaceBehavior [ RunTime:0.000024s ]
INFO: [ template_filter ] --END-- [ RunTime:0.000051s ]
INFO: Run Behavior\ParseTemplateBehavior [ RunTime:0.002801s ]
INFO: [ view_parse ] --END-- [ RunTime:0.002827s ]
INFO: [ view_filter ] --START--
INFO: Run Behavior\WriteHtmlCacheBehavior [ RunTime:0.000080s ]
INFO: [ view_filter ] --END-- [ RunTime:0.000101s ]

[ 2017-01-06T10:36:39+08:00 ] 192.168.0.31 /meal/index.php/Admin/User/index.html
INFO: [ app_init ] --START--
INFO: Run Behavior\BuildLiteBehavior [ RunTime:0.000033s ]
INFO: [ app_init ] --END-- [ RunTime:0.000714s ]
INFO: [ app_begin ] --START--
INFO: Run Behavior\ReadHtmlCacheBehavior [ RunTime:0.000923s ]
INFO: [ app_begin ] --END-- [ RunTime:0.001037s ]
SQL: SHOW COLUMNS FROM `meal_user` [ RunTime:0.0005s ]
SQL: SELECT COUNT(id) AS num 
    					 FROM meal_user WHERE id > 0  [ RunTime:0.0002s ]
SQL: SELECT id, username, role, status, addtime, money
    				FROM meal_user WHERE id > 0  ORDER BY id DESC LIMIT 0, 10 [ RunTime:0.0002s ]
INFO: [ view_parse ] --START--
INFO: [ template_filter ] --START--
INFO: Run Behavior\ContentReplaceBehavior [ RunTime:0.000060s ]
INFO: [ template_filter ] --END-- [ RunTime:0.000087s ]
NOTIC: [8] Undefined index: role /data/hunfu/html/meal/Runtime/Cache/Admin/65e605872ed5d34210f5b33beb13f5a3.php 第 149 行.
NOTIC: [8] Undefined index: role /data/hunfu/html/meal/Runtime/Cache/Admin/65e605872ed5d34210f5b33beb13f5a3.php 第 150 行.
NOTIC: [8] Undefined index: money /data/hunfu/html/meal/Runtime/Cache/Admin/65e605872ed5d34210f5b33beb13f5a3.php 第 157 行.
NOTIC: [8] Undefined index: money /data/hunfu/html/meal/Runtime/Cache/Admin/65e605872ed5d34210f5b33beb13f5a3.php 第 158 行.
NOTIC: [8] Use of undefined constant btn - assumed 'btn' /data/hunfu/html/meal/Runtime/Cache/Admin/65e605872ed5d34210f5b33beb13f5a3.php 第 217 行.
INFO: Run Behavior\ParseTemplateBehavior [ RunTime:0.006661s ]
INFO: [ view_parse ] --END-- [ RunTime:0.006687s ]
INFO: [ view_filter ] --START--
INFO: Run Behavior\WriteHtmlCacheBehavior [ RunTime:0.000083s ]
INFO: [ view_filter ] --END-- [ RunTime:0.000105s ]
INFO: [ app_end ] --START--
INFO: Run Behavior\ShowPageTraceBehavior [ RunTime:0.000243s ]
INFO: [ app_end ] --END-- [ RunTime:0.000270s ]

[ 2017-01-06T10:36:58+08:00 ] 192.168.0.31 /meal/index.php/Admin/User/addUser.html
INFO: [ app_init ] --START--
INFO: Run Behavior\BuildLiteBehavior [ RunTime:0.000030s ]
INFO: [ app_init ] --END-- [ RunTime:0.000714s ]
INFO: [ app_begin ] --START--
INFO: Run Behavior\ReadHtmlCacheBehavior [ RunTime:0.000922s ]
INFO: [ app_begin ] --END-- [ RunTime:0.001034s ]
INFO: [ view_parse ] --START--
INFO: [ template_filter ] --START--
INFO: Run Behavior\ContentReplaceBehavior [ RunTime:0.000050s ]
INFO: [ template_filter ] --END-- [ RunTime:0.000081s ]
INFO: Run Behavior\ParseTemplateBehavior [ RunTime:0.009791s ]
INFO: [ view_parse ] --END-- [ RunTime:0.009857s ]
INFO: [ view_filter ] --START--
INFO: Run Behavior\WriteHtmlCacheBehavior [ RunTime:0.000083s ]
INFO: [ view_filter ] --END-- [ RunTime:0.000105s ]

[ 2017-01-06T10:37:12+08:00 ] 192.168.0.31 /meal/index.php/Admin/User/addUser.html
INFO: [ app_init ] --START--
INFO: Run Behavior\BuildLiteBehavior [ RunTime:0.000033s ]
INFO: [ app_init ] --END-- [ RunTime:0.000714s ]
INFO: [ app_begin ] --START--
INFO: Run Behavior\ReadHtmlCacheBehavior [ RunTime:0.000910s ]
INFO: [ app_begin ] --END-- [ RunTime:0.001026s ]
SQL: SHOW COLUMNS FROM `meal_user` [ RunTime:0.0006s ]
SQL: SELECT * FROM `meal_user` WHERE ( username='戴淞' ) LIMIT 1   [ RunTime:0.0001s ]
SQL: INSERT INTO `meal_user` (`username`,`money`,`role`,`addtime`,`password`,`status`) VALUES ('戴淞','0','2','1483670231','$2y$10$UD514Flj.8ugPJlN1OcijuCZLObwE2wqMn0kq0vl7Jw4vYUjQ1gbS','1') [ RunTime:0.0025s ]
INFO: [ view_parse ] --START--
INFO: [ template_filter ] --START--
INFO: Run Behavior\ContentReplaceBehavior [ RunTime:0.000026s ]
INFO: [ template_filter ] --END-- [ RunTime:0.000051s ]
INFO: Run Behavior\ParseTemplateBehavior [ RunTime:0.002803s ]
INFO: [ view_parse ] --END-- [ RunTime:0.002830s ]
INFO: [ view_filter ] --START--
INFO: Run Behavior\WriteHtmlCacheBehavior [ RunTime:0.000081s ]
INFO: [ view_filter ] --END-- [ RunTime:0.000103s ]

[ 2017-01-06T10:37:14+08:00 ] 192.168.0.31 /meal/index.php/Admin/User/index.html
INFO: [ app_init ] --START--
INFO: Run Behavior\BuildLiteBehavior [ RunTime:0.000008s ]
INFO: [ app_init ] --END-- [ RunTime:0.000183s ]
INFO: [ app_begin ] --START--
INFO: Run Behavior\ReadHtmlCacheBehavior [ RunTime:0.000236s ]
INFO: [ app_begin ] --END-- [ RunTime:0.000264s ]
SQL: SHOW COLUMNS FROM `meal_user` [ RunTime:0.0005s ]
SQL: SELECT COUNT(id) AS num 
    					 FROM meal_user WHERE id > 0  [ RunTime:0.0002s ]
SQL: SELECT id, username, role, status, addtime, money
    				FROM meal_user WHERE id > 0  ORDER BY id DESC LIMIT 0, 10 [ RunTime:0.0002s ]
INFO: [ view_parse ] --START--
INFO: [ template_filter ] --START--
INFO: Run Behavior\ContentReplaceBehavior [ RunTime:0.000060s ]
INFO: [ template_filter ] --END-- [ RunTime:0.000087s ]
NOTIC: [8] Undefined index: role /data/hunfu/html/meal/Runtime/Cache/Admin/65e605872ed5d34210f5b33beb13f5a3.php 第 149 行.
NOTIC: [8] Undefined index: role /data/hunfu/html/meal/Runtime/Cache/Admin/65e605872ed5d34210f5b33beb13f5a3.php 第 150 行.
NOTIC: [8] Undefined index: money /data/hunfu/html/meal/Runtime/Cache/Admin/65e605872ed5d34210f5b33beb13f5a3.php 第 157 行.
NOTIC: [8] Undefined index: money /data/hunfu/html/meal/Runtime/Cache/Admin/65e605872ed5d34210f5b33beb13f5a3.php 第 158 行.
NOTIC: [8] Use of undefined constant btn - assumed 'btn' /data/hunfu/html/meal/Runtime/Cache/Admin/65e605872ed5d34210f5b33beb13f5a3.php 第 217 行.
INFO: Run Behavior\ParseTemplateBehavior [ RunTime:0.006646s ]
INFO: [ view_parse ] --END-- [ RunTime:0.006673s ]
INFO: [ view_filter ] --START--
INFO: Run Behavior\WriteHtmlCacheBehavior [ RunTime:0.000083s ]
INFO: [ view_filter ] --END-- [ RunTime:0.000104s ]
INFO: [ app_end ] --START--
INFO: Run Behavior\ShowPageTraceBehavior [ RunTime:0.000245s ]
INFO: [ app_end ] --END-- [ RunTime:0.000270s ]

[ 2017-01-06T11:15:12+08:00 ] 192.168.0.31 /meal/index.php/Admin/Index/index.html
INFO: [ app_init ] --START--
INFO: Run Behavior\BuildLiteBehavior [ RunTime:0.000030s ]
INFO: [ app_init ] --END-- [ RunTime:0.000710s ]
INFO: [ app_begin ] --START--
INFO: Run Behavior\ReadHtmlCacheBehavior [ RunTime:0.000923s ]
INFO: [ app_begin ] --END-- [ RunTime:0.001035s ]
INFO: [ view_parse ] --START--
INFO: [ template_filter ] --START--
INFO: Run Behavior\ContentReplaceBehavior [ RunTime:0.000045s ]
INFO: [ template_filter ] --END-- [ RunTime:0.000073s ]
INFO: Run Behavior\ParseTemplateBehavior [ RunTime:0.011318s ]
INFO: [ view_parse ] --END-- [ RunTime:0.011377s ]
INFO: [ view_filter ] --START--
INFO: Run Behavior\WriteHtmlCacheBehavior [ RunTime:0.000080s ]
INFO: [ view_filter ] --END-- [ RunTime:0.000103s ]
INFO: [ app_end ] --START--
INFO: Run Behavior\ShowPageTraceBehavior [ RunTime:0.000250s ]
INFO: [ app_end ] --END-- [ RunTime:0.000274s ]

[ 2017-01-06T11:15:14+08:00 ] 192.168.0.31 /meal/index.php/Admin/User/index.html
INFO: [ app_init ] --START--
INFO: Run Behavior\BuildLiteBehavior [ RunTime:0.000008s ]
INFO: [ app_init ] --END-- [ RunTime:0.000180s ]
INFO: [ app_begin ] --START--
INFO: Run Behavior\ReadHtmlCacheBehavior [ RunTime:0.000239s ]
INFO: [ app_begin ] --END-- [ RunTime:0.000268s ]
SQL: SHOW COLUMNS FROM `meal_user` [ RunTime:0.0005s ]
SQL: SELECT COUNT(id) AS num 
    					 FROM meal_user WHERE id > 0  [ RunTime:0.0000s ]
SQL: SELECT id, username, role, status, addtime, money
    				FROM meal_user WHERE id > 0  ORDER BY id DESC LIMIT 0, 10 [ RunTime:0.0001s ]
INFO: [ view_parse ] --START--
INFO: [ template_filter ] --START--
INFO: Run Behavior\ContentReplaceBehavior [ RunTime:0.000059s ]
INFO: [ template_filter ] --END-- [ RunTime:0.000086s ]
NOTIC: [8] Undefined index: role /data/hunfu/html/meal/Runtime/Cache/Admin/65e605872ed5d34210f5b33beb13f5a3.php 第 149 行.
NOTIC: [8] Undefined index: role /data/hunfu/html/meal/Runtime/Cache/Admin/65e605872ed5d34210f5b33beb13f5a3.php 第 150 行.
NOTIC: [8] Undefined index: money /data/hunfu/html/meal/Runtime/Cache/Admin/65e605872ed5d34210f5b33beb13f5a3.php 第 157 行.
NOTIC: [8] Undefined index: money /data/hunfu/html/meal/Runtime/Cache/Admin/65e605872ed5d34210f5b33beb13f5a3.php 第 158 行.
NOTIC: [8] Use of undefined constant btn - assumed 'btn' /data/hunfu/html/meal/Runtime/Cache/Admin/65e605872ed5d34210f5b33beb13f5a3.php 第 217 行.
INFO: Run Behavior\ParseTemplateBehavior [ RunTime:0.006636s ]
INFO: [ view_parse ] --END-- [ RunTime:0.006661s ]
INFO: [ view_filter ] --START--
INFO: Run Behavior\WriteHtmlCacheBehavior [ RunTime:0.000082s ]
INFO: [ view_filter ] --END-- [ RunTime:0.000103s ]
INFO: [ app_end ] --START--
INFO: Run Behavior\ShowPageTraceBehavior [ RunTime:0.000243s ]
INFO: [ app_end ] --END-- [ RunTime:0.000269s ]

[ 2017-01-06T11:26:10+08:00 ] 192.168.0.31 /meal/index.php/Admin/Index/index.html
INFO: [ app_init ] --START--
INFO: Run Behavior\BuildLiteBehavior [ RunTime:0.000008s ]
INFO: [ app_init ] --END-- [ RunTime:0.000187s ]
INFO: [ app_begin ] --START--
INFO: Run Behavior\ReadHtmlCacheBehavior [ RunTime:0.000237s ]
INFO: [ app_begin ] --END-- [ RunTime:0.000266s ]
INFO: [ view_parse ] --START--
INFO: [ template_filter ] --START--
INFO: Run Behavior\ContentReplaceBehavior [ RunTime:0.000045s ]
INFO: [ template_filter ] --END-- [ RunTime:0.000074s ]
INFO: Run Behavior\ParseTemplateBehavior [ RunTime:0.004238s ]
INFO: [ view_parse ] --END-- [ RunTime:0.004266s ]
INFO: [ view_filter ] --START--
INFO: Run Behavior\WriteHtmlCacheBehavior [ RunTime:0.000083s ]
INFO: [ view_filter ] --END-- [ RunTime:0.000105s ]
INFO: [ app_end ] --START--
INFO: Run Behavior\ShowPageTraceBehavior [ RunTime:0.000250s ]
INFO: [ app_end ] --END-- [ RunTime:0.000274s ]

[ 2017-01-06T11:26:13+08:00 ] 192.168.0.31 /meal/index.php/Admin/User/index.html
INFO: [ app_init ] --START--
INFO: Run Behavior\BuildLiteBehavior [ RunTime:0.000008s ]
INFO: [ app_init ] --END-- [ RunTime:0.000182s ]
INFO: [ app_begin ] --START--
INFO: Run Behavior\ReadHtmlCacheBehavior [ RunTime:0.000233s ]
INFO: [ app_begin ] --END-- [ RunTime:0.000261s ]
SQL: SHOW COLUMNS FROM `meal_user` [ RunTime:0.0005s ]
SQL: SELECT COUNT(id) AS num 
    					 FROM meal_user WHERE id > 0  [ RunTime:0.0000s ]
SQL: SELECT id, username, role, status, addtime, money
    				FROM meal_user WHERE id > 0  ORDER BY id DESC LIMIT 0, 10 [ RunTime:0.0001s ]
INFO: [ view_parse ] --START--
INFO: [ template_filter ] --START--
INFO: Run Behavior\ContentReplaceBehavior [ RunTime:0.000058s ]
INFO: [ template_filter ] --END-- [ RunTime:0.000086s ]
NOTIC: [8] Undefined index: role /data/hunfu/html/meal/Runtime/Cache/Admin/65e605872ed5d34210f5b33beb13f5a3.php 第 149 行.
NOTIC: [8] Undefined index: role /data/hunfu/html/meal/Runtime/Cache/Admin/65e605872ed5d34210f5b33beb13f5a3.php 第 150 行.
NOTIC: [8] Undefined index: money /data/hunfu/html/meal/Runtime/Cache/Admin/65e605872ed5d34210f5b33beb13f5a3.php 第 157 行.
NOTIC: [8] Undefined index: money /data/hunfu/html/meal/Runtime/Cache/Admin/65e605872ed5d34210f5b33beb13f5a3.php 第 158 行.
NOTIC: [8] Use of undefined constant btn - assumed 'btn' /data/hunfu/html/meal/Runtime/Cache/Admin/65e605872ed5d34210f5b33beb13f5a3.php 第 217 行.
INFO: Run Behavior\ParseTemplateBehavior [ RunTime:0.006598s ]
INFO: [ view_parse ] --END-- [ RunTime:0.006625s ]
INFO: [ view_filter ] --START--
INFO: Run Behavior\WriteHtmlCacheBehavior [ RunTime:0.000081s ]
INFO: [ view_filter ] --END-- [ RunTime:0.000104s ]
INFO: [ app_end ] --START--
INFO: Run Behavior\ShowPageTraceBehavior [ RunTime:0.000251s ]
INFO: [ app_end ] --END-- [ RunTime:0.000279s ]

[ 2017-01-06T17:16:22+08:00 ] 192.168.0.31 /meal/index.php/Admin/Index/index.html
INFO: [ app_init ] --START--
INFO: Run Behavior\BuildLiteBehavior [ RunTime:0.000009s ]
INFO: [ app_init ] --END-- [ RunTime:0.000221s ]
INFO: [ app_begin ] --START--
INFO: Run Behavior\ReadHtmlCacheBehavior [ RunTime:0.000329s ]
INFO: [ app_begin ] --END-- [ RunTime:0.000366s ]
INFO: [ view_parse ] --START--
INFO: [ template_filter ] --START--
INFO: Run Behavior\ContentReplaceBehavior [ RunTime:0.000050s ]
INFO: [ template_filter ] --END-- [ RunTime:0.000081s ]
INFO: Run Behavior\ParseTemplateBehavior [ RunTime:0.005130s ]
INFO: [ view_parse ] --END-- [ RunTime:0.005168s ]
INFO: [ view_filter ] --START--
INFO: Run Behavior\WriteHtmlCacheBehavior [ RunTime:0.000084s ]
INFO: [ view_filter ] --END-- [ RunTime:0.000106s ]
INFO: [ app_end ] --START--
INFO: Run Behavior\ShowPageTraceBehavior [ RunTime:0.000310s ]
INFO: [ app_end ] --END-- [ RunTime:0.000338s ]

[ 2017-01-06T17:16:24+08:00 ] 192.168.0.31 /meal/index.php/Admin/User/index.html
INFO: [ app_init ] --START--
INFO: Run Behavior\BuildLiteBehavior [ RunTime:0.000030s ]
INFO: [ app_init ] --END-- [ RunTime:0.000712s ]
INFO: [ app_begin ] --START--
INFO: Run Behavior\ReadHtmlCacheBehavior [ RunTime:0.000919s ]
INFO: [ app_begin ] --END-- [ RunTime:0.001032s ]
SQL: SHOW COLUMNS FROM `meal_user` [ RunTime:0.0005s ]
SQL: SELECT COUNT(id) AS num 
    					 FROM meal_user WHERE id > 0  [ RunTime:0.0001s ]
SQL: SELECT id, username, role, status, addtime, money
    				FROM meal_user WHERE id > 0  ORDER BY id DESC LIMIT 0, 10 [ RunTime:0.0001s ]
INFO: [ view_parse ] --START--
INFO: [ template_filter ] --START--
INFO: Run Behavior\ContentReplaceBehavior [ RunTime:0.000059s ]
INFO: [ template_filter ] --END-- [ RunTime:0.000086s ]
NOTIC: [8] Undefined index: role /data/hunfu/html/meal/Runtime/Cache/Admin/65e605872ed5d34210f5b33beb13f5a3.php 第 149 行.
NOTIC: [8] Undefined index: role /data/hunfu/html/meal/Runtime/Cache/Admin/65e605872ed5d34210f5b33beb13f5a3.php 第 150 行.
NOTIC: [8] Undefined index: money /data/hunfu/html/meal/Runtime/Cache/Admin/65e605872ed5d34210f5b33beb13f5a3.php 第 157 行.
NOTIC: [8] Undefined index: money /data/hunfu/html/meal/Runtime/Cache/Admin/65e605872ed5d34210f5b33beb13f5a3.php 第 158 行.
NOTIC: [8] Use of undefined constant btn - assumed 'btn' /data/hunfu/html/meal/Runtime/Cache/Admin/65e605872ed5d34210f5b33beb13f5a3.php 第 217 行.
INFO: Run Behavior\ParseTemplateBehavior [ RunTime:0.006679s ]
INFO: [ view_parse ] --END-- [ RunTime:0.006704s ]
INFO: [ view_filter ] --START--
INFO: Run Behavior\WriteHtmlCacheBehavior [ RunTime:0.000081s ]
INFO: [ view_filter ] --END-- [ RunTime:0.000103s ]
INFO: [ app_end ] --START--
INFO: Run Behavior\ShowPageTraceBehavior [ RunTime:0.000241s ]
INFO: [ app_end ] --END-- [ RunTime:0.000269s ]

