[ 2017-01-05T11:41:17+08:00 ] 192.168.0.100 /meal/index.php/Admin/Index/index.html
INFO: [ app_init ] --START--
INFO: Run Behavior\BuildLiteBehavior [ RunTime:0.000029s ]
INFO: [ app_init ] --END-- [ RunTime:0.000710s ]
INFO: [ app_begin ] --START--
INFO: Run Behavior\ReadHtmlCacheBehavior [ RunTime:0.000981s ]
INFO: [ app_begin ] --END-- [ RunTime:0.001110s ]
INFO: [ view_parse ] --START--
INFO: [ template_filter ] --START--
INFO: Run Behavior\ContentReplaceBehavior [ RunTime:0.000177s ]
INFO: [ template_filter ] --END-- [ RunTime:0.000290s ]
INFO: Run Behavior\ParseTemplateBehavior [ RunTime:0.018593s ]
INFO: [ view_parse ] --END-- [ RunTime:0.018707s ]
INFO: [ view_filter ] --START--
INFO: Run Behavior\WriteHtmlCacheBehavior [ RunTime:0.000315s ]
INFO: [ view_filter ] --END-- [ RunTime:0.000401s ]
INFO: [ app_end ] --START--
INFO: Run Behavior\ShowPageTraceBehavior [ RunTime:0.000959s ]
INFO: [ app_end ] --END-- [ RunTime:0.001073s ]

[ 2017-01-05T11:41:18+08:00 ] 192.168.0.100 /meal/index.php/Admin/Index/assets/i/favicon.png
INFO: [ app_init ] --START--
INFO: Run Behavior\BuildLiteBehavior [ RunTime:0.000008s ]
INFO: [ app_init ] --END-- [ RunTime:0.000180s ]

[ 2017-01-05T11:41:20+08:00 ] 192.168.0.100 /meal/index.php/Admin/Orders/index.html
INFO: [ app_init ] --START--
INFO: Run Behavior\BuildLiteBehavior [ RunTime:0.000029s ]
INFO: [ app_init ] --END-- [ RunTime:0.000801s ]
INFO: [ app_begin ] --START--
INFO: Run Behavior\ReadHtmlCacheBehavior [ RunTime:0.001129s ]
INFO: [ app_begin ] --END-- [ RunTime:0.001271s ]
SQL: SHOW COLUMNS FROM `meal_orders` [ RunTime:0.0016s ]
SQL: SELECT COUNT(o.id) AS num 
    					 FROM meal_orders o 
    					 LEFT JOIN meal_user u ON o.user_id = u.id WHERE o.id > 0  [ RunTime:0.0010s ]
NOTIC: [8] Use of undefined constant 上一页 - assumed '上一页' /data/hunfu/html/meal/ThinkPHP/Library/Think/Page.class.php 第 167 行.
NOTIC: [8] Use of undefined constant 下一页 - assumed '下一页' /data/hunfu/html/meal/ThinkPHP/Library/Think/Page.class.php 第 171 行.
NOTIC: [8] Use of undefined constant 首页 - assumed '首页' /data/hunfu/html/meal/ThinkPHP/Library/Think/Page.class.php 第 174 行.
NOTIC: [8] Use of undefined constant 末页 - assumed '末页' /data/hunfu/html/meal/ThinkPHP/Library/Think/Page.class.php 第 177 行.
SQL: SELECT o.id, u.username, o.foodname, o.price, o.num, o.total, o.addtime 
    				FROM meal_orders o 
    				LEFT JOIN meal_user u ON o.user_id = u.id WHERE o.id > 0  ORDER BY o.id DESC LIMIT 0, 10 [ RunTime:0.0006s ]
INFO: [ view_parse ] --START--
INFO: [ template_filter ] --START--
INFO: Run Behavior\ContentReplaceBehavior [ RunTime:0.000070s ]
INFO: [ template_filter ] --END-- [ RunTime:0.000098s ]
NOTIC: [8] Undefined index: role /data/hunfu/html/meal/Runtime/Cache/Admin/d70e8667642e23ac9b51b6ef7656a2da.php 第 149 行.
NOTIC: [8] Undefined index: role /data/hunfu/html/meal/Runtime/Cache/Admin/d70e8667642e23ac9b51b6ef7656a2da.php 第 150 行.
NOTIC: [8] Use of undefined constant btn - assumed 'btn' /data/hunfu/html/meal/Runtime/Cache/Admin/d70e8667642e23ac9b51b6ef7656a2da.php 第 211 行.
INFO: Run Behavior\ParseTemplateBehavior [ RunTime:0.019839s ]
INFO: [ view_parse ] --END-- [ RunTime:0.019899s ]
INFO: [ view_filter ] --START--
INFO: Run Behavior\WriteHtmlCacheBehavior [ RunTime:0.000098s ]
INFO: [ view_filter ] --END-- [ RunTime:0.000120s ]
INFO: [ app_end ] --START--
INFO: Run Behavior\ShowPageTraceBehavior [ RunTime:0.000274s ]
INFO: [ app_end ] --END-- [ RunTime:0.000300s ]

[ 2017-01-05T11:41:20+08:00 ] 192.168.0.100 /meal/index.php/Admin/Orders/assets/i/favicon.png
INFO: [ app_init ] --START--
INFO: Run Behavior\BuildLiteBehavior [ RunTime:0.000008s ]
INFO: [ app_init ] --END-- [ RunTime:0.000177s ]

