[ 2017-01-12T18:54:48+08:00 ] 192.168.0.100 /meal/index.php/Admin/Index/index.html
INFO: [ app_init ] --START--
INFO: Run Behavior\BuildLiteBehavior [ RunTime:0.000008s ]
INFO: [ app_init ] --END-- [ RunTime:0.000185s ]
INFO: [ app_begin ] --START--
INFO: Run Behavior\ReadHtmlCacheBehavior [ RunTime:0.000241s ]
INFO: [ app_begin ] --END-- [ RunTime:0.000269s ]
INFO: [ view_parse ] --START--
INFO: [ template_filter ] --START--
INFO: Run Behavior\ContentReplaceBehavior [ RunTime:0.000046s ]
INFO: [ template_filter ] --END-- [ RunTime:0.000074s ]
INFO: Run Behavior\ParseTemplateBehavior [ RunTime:0.004260s ]
INFO: [ view_parse ] --END-- [ RunTime:0.004287s ]
INFO: [ view_filter ] --START--
INFO: Run Behavior\WriteHtmlCacheBehavior [ RunTime:0.000082s ]
INFO: [ view_filter ] --END-- [ RunTime:0.000104s ]
INFO: [ app_end ] --START--
INFO: Run Behavior\ShowPageTraceBehavior [ RunTime:0.000250s ]
INFO: [ app_end ] --END-- [ RunTime:0.000274s ]

[ 2017-01-12T18:54:48+08:00 ] 192.168.0.100 /meal/index.php/Admin/Index/assets/i/favicon.png
INFO: [ app_init ] --START--
INFO: Run Behavior\BuildLiteBehavior [ RunTime:0.000007s ]
INFO: [ app_init ] --END-- [ RunTime:0.000179s ]

[ 2017-01-12T18:54:50+08:00 ] 192.168.0.100 /meal/index.php/Admin/Orders/index.html
INFO: [ app_init ] --START--
INFO: Run Behavior\BuildLiteBehavior [ RunTime:0.000034s ]
INFO: [ app_init ] --END-- [ RunTime:0.000723s ]
INFO: [ app_begin ] --START--
INFO: Run Behavior\ReadHtmlCacheBehavior [ RunTime:0.000242s ]
INFO: [ app_begin ] --END-- [ RunTime:0.000272s ]
SQL: SHOW COLUMNS FROM `meal_orders` [ RunTime:0.0006s ]
SQL: SELECT COUNT(o.id) AS num 
    					 FROM meal_orders o 
    					 LEFT JOIN meal_user u ON o.user_id = u.id WHERE o.id > 0  [ RunTime:0.0002s ]
NOTIC: [8] Use of undefined constant 上一页 - assumed '上一页' /data/hunfu/html/meal/ThinkPHP/Library/Think/Page.class.php 第 167 行.
NOTIC: [8] Use of undefined constant 下一页 - assumed '下一页' /data/hunfu/html/meal/ThinkPHP/Library/Think/Page.class.php 第 171 行.
NOTIC: [8] Use of undefined constant 首页 - assumed '首页' /data/hunfu/html/meal/ThinkPHP/Library/Think/Page.class.php 第 174 行.
NOTIC: [8] Use of undefined constant 末页 - assumed '末页' /data/hunfu/html/meal/ThinkPHP/Library/Think/Page.class.php 第 177 行.
SQL: SELECT o.id, u.username, o.foodname, o.price, o.num, o.total, o.addtime 
    				FROM meal_orders o 
    				LEFT JOIN meal_user u ON o.user_id = u.id WHERE o.id > 0  ORDER BY o.id DESC LIMIT 0, 10 [ RunTime:0.0002s ]
INFO: [ view_parse ] --START--
INFO: [ template_filter ] --START--
INFO: Run Behavior\ContentReplaceBehavior [ RunTime:0.000070s ]
INFO: [ template_filter ] --END-- [ RunTime:0.000098s ]
NOTIC: [8] Undefined index: role /data/hunfu/html/meal/Runtime/Cache/Admin/d70e8667642e23ac9b51b6ef7656a2da.php 第 149 行.
NOTIC: [8] Undefined index: role /data/hunfu/html/meal/Runtime/Cache/Admin/d70e8667642e23ac9b51b6ef7656a2da.php 第 150 行.
NOTIC: [8] Use of undefined constant btn - assumed 'btn' /data/hunfu/html/meal/Runtime/Cache/Admin/d70e8667642e23ac9b51b6ef7656a2da.php 第 211 行.
INFO: Run Behavior\ParseTemplateBehavior [ RunTime:0.007510s ]
INFO: [ view_parse ] --END-- [ RunTime:0.007535s ]
INFO: [ view_filter ] --START--
INFO: Run Behavior\WriteHtmlCacheBehavior [ RunTime:0.000106s ]
INFO: [ view_filter ] --END-- [ RunTime:0.000128s ]
INFO: [ app_end ] --START--
INFO: Run Behavior\ShowPageTraceBehavior [ RunTime:0.000273s ]
INFO: [ app_end ] --END-- [ RunTime:0.000300s ]

[ 2017-01-12T18:54:50+08:00 ] 192.168.0.100 /meal/index.php/Admin/Orders/assets/i/favicon.png
INFO: [ app_init ] --START--
INFO: Run Behavior\BuildLiteBehavior [ RunTime:0.000007s ]
INFO: [ app_init ] --END-- [ RunTime:0.000179s ]

