[ 2016-12-09T10:00:49+08:00 ] ::1 /meal/assets/i/favicon.png
ERR: 无法加载模块:Assets

[ 2016-12-09T10:48:13+08:00 ] ::1 /meal/Public/admin/js/jquery.min.map
ERR: 无法加载模块:Public

[ 2016-12-09T10:51:10+08:00 ] ::1 /meal/Public/admin/js/jquery.min.map
ERR: 无法加载模块:Public

[ 2016-12-09T11:04:22+08:00 ] ::1 /meal/f298ed410773d507426e2ed8a36631b1jpeg
ERR: 无法加载模块:F298ed410773d507426e2ed8a36631b1jpeg

[ 2016-12-09T11:04:22+08:00 ] ::1 /meal/e96440a9ec147e0e1c38b22d3743c643jpeg
ERR: 无法加载模块:E96440a9ec147e0e1c38b22d3743c643jpeg

[ 2016-12-09T11:04:22+08:00 ] ::1 /meal/06dd5347fc05105d55a60207811d52d1jpeg
ERR: 无法加载模块:06dd5347fc05105d55a60207811d52d1jpeg

[ 2016-12-09T11:04:22+08:00 ] ::1 /meal/dfd6e642e980a23cc829523f71b7e153jpeg
ERR: 无法加载模块:Dfd6e642e980a23cc829523f71b7e153jpeg

[ 2016-12-09T11:04:22+08:00 ] ::1 /meal/1601c61de6c35f112a6828ddb5544d69jpeg
ERR: 无法加载模块:1601c61de6c35f112a6828ddb5544d69jpeg

[ 2016-12-09T11:04:22+08:00 ] ::1 /meal/361c636f8c229a085dae51d6f9685b7bjpeg
ERR: 无法加载模块:361c636f8c229a085dae51d6f9685b7bjpeg

[ 2016-12-09T11:04:22+08:00 ] ::1 /meal/25fa1a182ec743383f18cadad635f0abjpeg
ERR: 无法加载模块:25fa1a182ec743383f18cadad635f0abjpeg

[ 2016-12-09T11:04:22+08:00 ] ::1 /meal/5ae7dd4552c84d5036f42174933cdfecjpeg
ERR: 无法加载模块:5ae7dd4552c84d5036f42174933cdfecjpeg

[ 2016-12-09T11:04:22+08:00 ] ::1 /meal/bd26726ca9be32bde85dad8d8bee1181jpeg
ERR: 无法加载模块:Bd26726ca9be32bde85dad8d8bee1181jpeg

[ 2016-12-09T11:04:22+08:00 ] ::1 /meal/ad7c3c51e511fd84d59228a8770fa249jpeg
ERR: 无法加载模块:Ad7c3c51e511fd84d59228a8770fa249jpeg

[ 2016-12-09T11:04:22+08:00 ] ::1 /meal/944ac465fc9f2f4f6f47460f0deecfdejpeg
ERR: 无法加载模块:944ac465fc9f2f4f6f47460f0deecfdejpeg

[ 2016-12-09T11:04:22+08:00 ] ::1 /meal/5222152b76fffc5fbd46b6fea204e221jpeg
ERR: 无法加载模块:5222152b76fffc5fbd46b6fea204e221jpeg

[ 2016-12-09T11:04:22+08:00 ] ::1 /meal/977d688ede8b671a2427197fbb630bc5jpeg
ERR: 无法加载模块:977d688ede8b671a2427197fbb630bc5jpeg

[ 2016-12-09T11:04:22+08:00 ] ::1 /meal/7377a15bb2ce2cdef793aa9a12252c0bjpeg
ERR: 无法加载模块:7377a15bb2ce2cdef793aa9a12252c0bjpeg

[ 2016-12-09T11:04:22+08:00 ] ::1 /meal/6ed0c0601310253a7c533908c755482ajpeg
ERR: 无法加载模块:6ed0c0601310253a7c533908c755482ajpeg

[ 2016-12-09T11:04:22+08:00 ] ::1 /meal/429da9147fa1abe42c0c2fd5a6bf22c2jpeg
ERR: 无法加载模块:429da9147fa1abe42c0c2fd5a6bf22c2jpeg

[ 2016-12-09T11:04:22+08:00 ] ::1 /meal/c59357827910a69d6ec1616e9adf1a3bjpeg
ERR: 无法加载模块:C59357827910a69d6ec1616e9adf1a3bjpeg

[ 2016-12-09T11:04:22+08:00 ] ::1 /meal/e718fc56651d9f1dcdcafb2f5e3a1d4bjpeg
ERR: 无法加载模块:E718fc56651d9f1dcdcafb2f5e3a1d4bjpeg

[ 2016-12-09T11:04:22+08:00 ] ::1 /meal/84f702ec72083f1e66c744e9820b4195jpeg
ERR: 无法加载模块:84f702ec72083f1e66c744e9820b4195jpeg

[ 2016-12-09T11:04:22+08:00 ] ::1 /meal/0e98a4e65a21ecb5fe0828188c25bd4cjpeg
ERR: 无法加载模块:0e98a4e65a21ecb5fe0828188c25bd4cjpeg

[ 2016-12-09T11:04:22+08:00 ] ::1 /meal/d8d30f9c317c160e53c06bb412af80aejpeg
ERR: 无法加载模块:D8d30f9c317c160e53c06bb412af80aejpeg

[ 2016-12-09T11:04:22+08:00 ] ::1 /meal/6bd70d2f6cb1e634fb6abf8a16fb0be0jpeg
ERR: 无法加载模块:6bd70d2f6cb1e634fb6abf8a16fb0be0jpeg

[ 2016-12-09T11:04:22+08:00 ] ::1 /meal/26da4deebaded3461a6ed14ece8caa13jpeg
ERR: 无法加载模块:26da4deebaded3461a6ed14ece8caa13jpeg

[ 2016-12-09T11:04:22+08:00 ] ::1 /meal/79832066cbfde0a69ff091eee9fdf353jpeg
ERR: 无法加载模块:79832066cbfde0a69ff091eee9fdf353jpeg

[ 2016-12-09T11:04:22+08:00 ] ::1 /meal/6187ab7890538444076aa8458334dbecjpeg
ERR: 无法加载模块:6187ab7890538444076aa8458334dbecjpeg

[ 2016-12-09T11:04:22+08:00 ] ::1 /meal/60935c4d47da09cf8620562d38b58661jpeg
ERR: 无法加载模块:60935c4d47da09cf8620562d38b58661jpeg

[ 2016-12-09T11:04:22+08:00 ] ::1 /meal/e946ea922d13f4157ae20e97a08c744cjpeg
ERR: 无法加载模块:E946ea922d13f4157ae20e97a08c744cjpeg

[ 2016-12-09T11:04:22+08:00 ] ::1 /meal/5b5bbf9dca5c9614edbc7043ab7407f6jpeg
ERR: 无法加载模块:5b5bbf9dca5c9614edbc7043ab7407f6jpeg

[ 2016-12-09T11:04:22+08:00 ] ::1 /meal/e1f6fa8932a52bab1f12f373c64c4c7ajpeg
ERR: 无法加载模块:E1f6fa8932a52bab1f12f373c64c4c7ajpeg

[ 2016-12-09T11:04:22+08:00 ] ::1 /meal/22d1f3664afd73247d9e0d88c2b84024jpeg
ERR: 无法加载模块:22d1f3664afd73247d9e0d88c2b84024jpeg

[ 2016-12-09T11:04:22+08:00 ] ::1 /meal/554e589f6a2f4ab52285827249e4ed77jpeg
ERR: 无法加载模块:554e589f6a2f4ab52285827249e4ed77jpeg

[ 2016-12-09T11:04:22+08:00 ] ::1 /meal/3647417145437be60691cc25c6157132jpeg
ERR: 无法加载模块:3647417145437be60691cc25c6157132jpeg

[ 2016-12-09T11:04:22+08:00 ] ::1 /meal/7234eb9ed3e67355b2808bebdf351f01jpeg
ERR: 无法加载模块:7234eb9ed3e67355b2808bebdf351f01jpeg

[ 2016-12-09T11:04:22+08:00 ] ::1 /meal/f298ed410773d507426e2ed8a36631b1jpeg
ERR: 无法加载模块:F298ed410773d507426e2ed8a36631b1jpeg

[ 2016-12-09T11:04:22+08:00 ] ::1 /meal/e96440a9ec147e0e1c38b22d3743c643jpeg
ERR: 无法加载模块:E96440a9ec147e0e1c38b22d3743c643jpeg

[ 2016-12-09T11:04:22+08:00 ] ::1 /meal/1601c61de6c35f112a6828ddb5544d69jpeg
ERR: 无法加载模块:1601c61de6c35f112a6828ddb5544d69jpeg

[ 2016-12-09T11:04:22+08:00 ] ::1 /meal/361c636f8c229a085dae51d6f9685b7bjpeg
ERR: 无法加载模块:361c636f8c229a085dae51d6f9685b7bjpeg

[ 2016-12-09T11:04:22+08:00 ] ::1 /meal/dfd6e642e980a23cc829523f71b7e153jpeg
ERR: 无法加载模块:Dfd6e642e980a23cc829523f71b7e153jpeg

[ 2016-12-09T11:04:22+08:00 ] ::1 /meal/06dd5347fc05105d55a60207811d52d1jpeg
ERR: 无法加载模块:06dd5347fc05105d55a60207811d52d1jpeg

[ 2016-12-09T11:04:22+08:00 ] ::1 /meal/25fa1a182ec743383f18cadad635f0abjpeg
ERR: 无法加载模块:25fa1a182ec743383f18cadad635f0abjpeg

[ 2016-12-09T11:04:22+08:00 ] ::1 /meal/bd26726ca9be32bde85dad8d8bee1181jpeg
ERR: 无法加载模块:Bd26726ca9be32bde85dad8d8bee1181jpeg

[ 2016-12-09T11:04:22+08:00 ] ::1 /meal/944ac465fc9f2f4f6f47460f0deecfdejpeg
ERR: 无法加载模块:944ac465fc9f2f4f6f47460f0deecfdejpeg

[ 2016-12-09T11:04:22+08:00 ] ::1 /meal/ad7c3c51e511fd84d59228a8770fa249jpeg
ERR: 无法加载模块:Ad7c3c51e511fd84d59228a8770fa249jpeg

[ 2016-12-09T11:04:22+08:00 ] ::1 /meal/5ae7dd4552c84d5036f42174933cdfecjpeg
ERR: 无法加载模块:5ae7dd4552c84d5036f42174933cdfecjpeg

[ 2016-12-09T11:04:45+08:00 ] ::1 /meal/361c636f8c229a085dae51d6f9685b7bjpeg
ERR: 无法加载模块:361c636f8c229a085dae51d6f9685b7bjpeg

[ 2016-12-09T11:04:45+08:00 ] ::1 /meal/1601c61de6c35f112a6828ddb5544d69jpeg
ERR: 无法加载模块:1601c61de6c35f112a6828ddb5544d69jpeg

[ 2016-12-09T11:04:45+08:00 ] ::1 /meal/e96440a9ec147e0e1c38b22d3743c643jpeg
ERR: 无法加载模块:E96440a9ec147e0e1c38b22d3743c643jpeg

[ 2016-12-09T11:04:45+08:00 ] ::1 /meal/f298ed410773d507426e2ed8a36631b1jpeg
ERR: 无法加载模块:F298ed410773d507426e2ed8a36631b1jpeg

[ 2016-12-09T11:04:45+08:00 ] ::1 /meal/dfd6e642e980a23cc829523f71b7e153jpeg
ERR: 无法加载模块:Dfd6e642e980a23cc829523f71b7e153jpeg

[ 2016-12-09T11:04:45+08:00 ] ::1 /meal/06dd5347fc05105d55a60207811d52d1jpeg
ERR: 无法加载模块:06dd5347fc05105d55a60207811d52d1jpeg

[ 2016-12-09T11:04:45+08:00 ] ::1 /meal/25fa1a182ec743383f18cadad635f0abjpeg
ERR: 无法加载模块:25fa1a182ec743383f18cadad635f0abjpeg

[ 2016-12-09T11:04:45+08:00 ] ::1 /meal/bd26726ca9be32bde85dad8d8bee1181jpeg
ERR: 无法加载模块:Bd26726ca9be32bde85dad8d8bee1181jpeg

[ 2016-12-09T11:04:45+08:00 ] ::1 /meal/944ac465fc9f2f4f6f47460f0deecfdejpeg
ERR: 无法加载模块:944ac465fc9f2f4f6f47460f0deecfdejpeg

[ 2016-12-09T11:04:45+08:00 ] ::1 /meal/5222152b76fffc5fbd46b6fea204e221jpeg
ERR: 无法加载模块:5222152b76fffc5fbd46b6fea204e221jpeg

[ 2016-12-09T11:04:45+08:00 ] ::1 /meal/ad7c3c51e511fd84d59228a8770fa249jpeg
ERR: 无法加载模块:Ad7c3c51e511fd84d59228a8770fa249jpeg

[ 2016-12-09T11:04:45+08:00 ] ::1 /meal/5ae7dd4552c84d5036f42174933cdfecjpeg
ERR: 无法加载模块:5ae7dd4552c84d5036f42174933cdfecjpeg

[ 2016-12-09T11:04:45+08:00 ] ::1 /meal/977d688ede8b671a2427197fbb630bc5jpeg
ERR: 无法加载模块:977d688ede8b671a2427197fbb630bc5jpeg

[ 2016-12-09T11:04:45+08:00 ] ::1 /meal/7377a15bb2ce2cdef793aa9a12252c0bjpeg
ERR: 无法加载模块:7377a15bb2ce2cdef793aa9a12252c0bjpeg

[ 2016-12-09T11:04:45+08:00 ] ::1 /meal/6ed0c0601310253a7c533908c755482ajpeg
ERR: 无法加载模块:6ed0c0601310253a7c533908c755482ajpeg

[ 2016-12-09T11:04:45+08:00 ] ::1 /meal/c59357827910a69d6ec1616e9adf1a3bjpeg
ERR: 无法加载模块:C59357827910a69d6ec1616e9adf1a3bjpeg

[ 2016-12-09T11:04:45+08:00 ] ::1 /meal/429da9147fa1abe42c0c2fd5a6bf22c2jpeg
ERR: 无法加载模块:429da9147fa1abe42c0c2fd5a6bf22c2jpeg

[ 2016-12-09T11:04:45+08:00 ] ::1 /meal/84f702ec72083f1e66c744e9820b4195jpeg
ERR: 无法加载模块:84f702ec72083f1e66c744e9820b4195jpeg

[ 2016-12-09T11:04:45+08:00 ] ::1 /meal/e718fc56651d9f1dcdcafb2f5e3a1d4bjpeg
ERR: 无法加载模块:E718fc56651d9f1dcdcafb2f5e3a1d4bjpeg

[ 2016-12-09T11:04:45+08:00 ] ::1 /meal/d8d30f9c317c160e53c06bb412af80aejpeg
ERR: 无法加载模块:D8d30f9c317c160e53c06bb412af80aejpeg

[ 2016-12-09T11:04:45+08:00 ] ::1 /meal/0e98a4e65a21ecb5fe0828188c25bd4cjpeg
ERR: 无法加载模块:0e98a4e65a21ecb5fe0828188c25bd4cjpeg

[ 2016-12-09T11:04:45+08:00 ] ::1 /meal/6bd70d2f6cb1e634fb6abf8a16fb0be0jpeg
ERR: 无法加载模块:6bd70d2f6cb1e634fb6abf8a16fb0be0jpeg

[ 2016-12-09T11:04:45+08:00 ] ::1 /meal/6187ab7890538444076aa8458334dbecjpeg
ERR: 无法加载模块:6187ab7890538444076aa8458334dbecjpeg

[ 2016-12-09T11:04:45+08:00 ] ::1 /meal/79832066cbfde0a69ff091eee9fdf353jpeg
ERR: 无法加载模块:79832066cbfde0a69ff091eee9fdf353jpeg

[ 2016-12-09T11:04:45+08:00 ] ::1 /meal/e1f6fa8932a52bab1f12f373c64c4c7ajpeg
ERR: 无法加载模块:E1f6fa8932a52bab1f12f373c64c4c7ajpeg

[ 2016-12-09T11:04:45+08:00 ] ::1 /meal/26da4deebaded3461a6ed14ece8caa13jpeg
ERR: 无法加载模块:26da4deebaded3461a6ed14ece8caa13jpeg

[ 2016-12-09T11:04:45+08:00 ] ::1 /meal/60935c4d47da09cf8620562d38b58661jpeg
ERR: 无法加载模块:60935c4d47da09cf8620562d38b58661jpeg

[ 2016-12-09T11:04:45+08:00 ] ::1 /meal/22d1f3664afd73247d9e0d88c2b84024jpeg
ERR: 无法加载模块:22d1f3664afd73247d9e0d88c2b84024jpeg

[ 2016-12-09T11:04:45+08:00 ] ::1 /meal/e946ea922d13f4157ae20e97a08c744cjpeg
ERR: 无法加载模块:E946ea922d13f4157ae20e97a08c744cjpeg

[ 2016-12-09T11:04:45+08:00 ] ::1 /meal/554e589f6a2f4ab52285827249e4ed77jpeg
ERR: 无法加载模块:554e589f6a2f4ab52285827249e4ed77jpeg

[ 2016-12-09T11:04:45+08:00 ] ::1 /meal/5b5bbf9dca5c9614edbc7043ab7407f6jpeg
ERR: 无法加载模块:5b5bbf9dca5c9614edbc7043ab7407f6jpeg

[ 2016-12-09T11:04:45+08:00 ] ::1 /meal/7234eb9ed3e67355b2808bebdf351f01jpeg
ERR: 无法加载模块:7234eb9ed3e67355b2808bebdf351f01jpeg

[ 2016-12-09T11:04:45+08:00 ] ::1 /meal/3647417145437be60691cc25c6157132jpeg
ERR: 无法加载模块:3647417145437be60691cc25c6157132jpeg

[ 2016-12-09T11:04:45+08:00 ] ::1 /meal/f298ed410773d507426e2ed8a36631b1jpeg
ERR: 无法加载模块:F298ed410773d507426e2ed8a36631b1jpeg

[ 2016-12-09T11:04:45+08:00 ] ::1 /meal/dfd6e642e980a23cc829523f71b7e153jpeg
ERR: 无法加载模块:Dfd6e642e980a23cc829523f71b7e153jpeg

[ 2016-12-09T11:04:45+08:00 ] ::1 /meal/1601c61de6c35f112a6828ddb5544d69jpeg
ERR: 无法加载模块:1601c61de6c35f112a6828ddb5544d69jpeg

[ 2016-12-09T11:04:45+08:00 ] ::1 /meal/06dd5347fc05105d55a60207811d52d1jpeg
ERR: 无法加载模块:06dd5347fc05105d55a60207811d52d1jpeg

[ 2016-12-09T11:04:45+08:00 ] ::1 /meal/e96440a9ec147e0e1c38b22d3743c643jpeg
ERR: 无法加载模块:E96440a9ec147e0e1c38b22d3743c643jpeg

[ 2016-12-09T11:04:45+08:00 ] ::1 /meal/361c636f8c229a085dae51d6f9685b7bjpeg
ERR: 无法加载模块:361c636f8c229a085dae51d6f9685b7bjpeg

[ 2016-12-09T11:04:45+08:00 ] ::1 /meal/25fa1a182ec743383f18cadad635f0abjpeg
ERR: 无法加载模块:25fa1a182ec743383f18cadad635f0abjpeg

[ 2016-12-09T11:04:45+08:00 ] ::1 /meal/944ac465fc9f2f4f6f47460f0deecfdejpeg
ERR: 无法加载模块:944ac465fc9f2f4f6f47460f0deecfdejpeg

[ 2016-12-09T11:04:45+08:00 ] ::1 /meal/bd26726ca9be32bde85dad8d8bee1181jpeg
ERR: 无法加载模块:Bd26726ca9be32bde85dad8d8bee1181jpeg

[ 2016-12-09T11:04:45+08:00 ] ::1 /meal/977d688ede8b671a2427197fbb630bc5jpeg
ERR: 无法加载模块:977d688ede8b671a2427197fbb630bc5jpeg

[ 2016-12-09T11:04:45+08:00 ] ::1 /meal/5ae7dd4552c84d5036f42174933cdfecjpeg
ERR: 无法加载模块:5ae7dd4552c84d5036f42174933cdfecjpeg

[ 2016-12-09T11:04:45+08:00 ] ::1 /meal/ad7c3c51e511fd84d59228a8770fa249jpeg
ERR: 无法加载模块:Ad7c3c51e511fd84d59228a8770fa249jpeg

[ 2016-12-09T11:04:45+08:00 ] ::1 /meal/5222152b76fffc5fbd46b6fea204e221jpeg
ERR: 无法加载模块:5222152b76fffc5fbd46b6fea204e221jpeg

[ 2016-12-09T11:04:45+08:00 ] ::1 /meal/7377a15bb2ce2cdef793aa9a12252c0bjpeg
ERR: 无法加载模块:7377a15bb2ce2cdef793aa9a12252c0bjpeg

[ 2016-12-09T11:04:45+08:00 ] ::1 /meal/6ed0c0601310253a7c533908c755482ajpeg
ERR: 无法加载模块:6ed0c0601310253a7c533908c755482ajpeg

[ 2016-12-09T11:12:49+08:00 ] ::1 /meal/assets/i/favicon.png
ERR: 无法加载模块:Assets

[ 2016-12-09T11:13:29+08:00 ] ::1 /meal/Public/admin/js/jquery.min.map
ERR: 无法加载模块:Public

[ 2016-12-09T11:19:54+08:00 ] ::1 /meal/Public/admin/js/jquery.min.map
ERR: 无法加载模块:Public

[ 2016-12-09T11:20:10+08:00 ] ::1 /meal/Public/admin/js/jquery.min.map
ERR: 无法加载模块:Public

[ 2016-12-09T11:20:28+08:00 ] ::1 /meal/Public/admin/js/jquery.min.map
ERR: 无法加载模块:Public

[ 2016-12-09T11:21:37+08:00 ] ::1 /meal/Public/admin/js/jquery.min.map
ERR: 无法加载模块:Public

[ 2016-12-09T11:22:22+08:00 ] ::1 /meal/Public/admin/js/jquery.min.map
ERR: 无法加载模块:Public

[ 2016-12-09T11:22:27+08:00 ] ::1 /meal/Public/admin/js/jquery.min.map
ERR: 无法加载模块:Public

[ 2016-12-09T11:22:33+08:00 ] ::1 /meal/Public/admin/js/jquery.min.map
ERR: 无法加载模块:Public

[ 2016-12-09T11:23:12+08:00 ] ::1 /meal/Public/admin/js/jquery.min.map
ERR: 无法加载模块:Public

[ 2016-12-09T11:28:22+08:00 ] ::1 /meal/f298ed410773d507426e2ed8a36631b1jpeg
ERR: 无法加载模块:F298ed410773d507426e2ed8a36631b1jpeg

[ 2016-12-09T11:28:22+08:00 ] ::1 /meal/dfd6e642e980a23cc829523f71b7e153jpeg
ERR: 无法加载模块:Dfd6e642e980a23cc829523f71b7e153jpeg

[ 2016-12-09T11:28:22+08:00 ] ::1 /meal/1601c61de6c35f112a6828ddb5544d69jpeg
ERR: 无法加载模块:1601c61de6c35f112a6828ddb5544d69jpeg

[ 2016-12-09T11:28:22+08:00 ] ::1 /meal/06dd5347fc05105d55a60207811d52d1jpeg
ERR: 无法加载模块:06dd5347fc05105d55a60207811d52d1jpeg

[ 2016-12-09T11:28:22+08:00 ] ::1 /meal/Public/admin/js/jquery.min.map
ERR: 无法加载模块:Public

[ 2016-12-09T11:28:22+08:00 ] ::1 /meal/e96440a9ec147e0e1c38b22d3743c643jpeg
ERR: 无法加载模块:E96440a9ec147e0e1c38b22d3743c643jpeg

[ 2016-12-09T11:28:22+08:00 ] ::1 /meal/25fa1a182ec743383f18cadad635f0abjpeg
ERR: 无法加载模块:25fa1a182ec743383f18cadad635f0abjpeg

[ 2016-12-09T11:28:22+08:00 ] ::1 /meal/361c636f8c229a085dae51d6f9685b7bjpeg
ERR: 无法加载模块:361c636f8c229a085dae51d6f9685b7bjpeg

[ 2016-12-09T11:28:22+08:00 ] ::1 /meal/977d688ede8b671a2427197fbb630bc5jpeg
ERR: 无法加载模块:977d688ede8b671a2427197fbb630bc5jpeg

[ 2016-12-09T11:28:22+08:00 ] ::1 /meal/ad7c3c51e511fd84d59228a8770fa249jpeg
ERR: 无法加载模块:Ad7c3c51e511fd84d59228a8770fa249jpeg

[ 2016-12-09T11:28:22+08:00 ] ::1 /meal/5ae7dd4552c84d5036f42174933cdfecjpeg
ERR: 无法加载模块:5ae7dd4552c84d5036f42174933cdfecjpeg

[ 2016-12-09T11:28:22+08:00 ] ::1 /meal/bd26726ca9be32bde85dad8d8bee1181jpeg
ERR: 无法加载模块:Bd26726ca9be32bde85dad8d8bee1181jpeg

[ 2016-12-09T11:28:22+08:00 ] ::1 /meal/944ac465fc9f2f4f6f47460f0deecfdejpeg
ERR: 无法加载模块:944ac465fc9f2f4f6f47460f0deecfdejpeg

[ 2016-12-09T11:28:22+08:00 ] ::1 /meal/c59357827910a69d6ec1616e9adf1a3bjpeg
ERR: 无法加载模块:C59357827910a69d6ec1616e9adf1a3bjpeg

[ 2016-12-09T11:28:22+08:00 ] ::1 /meal/f298ed410773d507426e2ed8a36631b1jpeg
ERR: 无法加载模块:F298ed410773d507426e2ed8a36631b1jpeg

[ 2016-12-09T11:28:22+08:00 ] ::1 /meal/e96440a9ec147e0e1c38b22d3743c643jpeg
ERR: 无法加载模块:E96440a9ec147e0e1c38b22d3743c643jpeg

[ 2016-12-09T11:28:22+08:00 ] ::1 /meal/5222152b76fffc5fbd46b6fea204e221jpeg
ERR: 无法加载模块:5222152b76fffc5fbd46b6fea204e221jpeg

[ 2016-12-09T11:28:22+08:00 ] ::1 /meal/06dd5347fc05105d55a60207811d52d1jpeg
ERR: 无法加载模块:06dd5347fc05105d55a60207811d52d1jpeg

[ 2016-12-09T11:28:22+08:00 ] ::1 /meal/1601c61de6c35f112a6828ddb5544d69jpeg
ERR: 无法加载模块:1601c61de6c35f112a6828ddb5544d69jpeg

[ 2016-12-09T11:28:22+08:00 ] ::1 /meal/7377a15bb2ce2cdef793aa9a12252c0bjpeg
ERR: 无法加载模块:7377a15bb2ce2cdef793aa9a12252c0bjpeg

[ 2016-12-09T11:28:22+08:00 ] ::1 /meal/6ed0c0601310253a7c533908c755482ajpeg
ERR: 无法加载模块:6ed0c0601310253a7c533908c755482ajpeg

[ 2016-12-09T11:28:22+08:00 ] ::1 /meal/dfd6e642e980a23cc829523f71b7e153jpeg
ERR: 无法加载模块:Dfd6e642e980a23cc829523f71b7e153jpeg

[ 2016-12-09T11:28:22+08:00 ] ::1 /meal/429da9147fa1abe42c0c2fd5a6bf22c2jpeg
ERR: 无法加载模块:429da9147fa1abe42c0c2fd5a6bf22c2jpeg

[ 2016-12-09T11:28:22+08:00 ] ::1 /meal/84f702ec72083f1e66c744e9820b4195jpeg
ERR: 无法加载模块:84f702ec72083f1e66c744e9820b4195jpeg

[ 2016-12-09T11:28:22+08:00 ] ::1 /meal/d8d30f9c317c160e53c06bb412af80aejpeg
ERR: 无法加载模块:D8d30f9c317c160e53c06bb412af80aejpeg

[ 2016-12-09T11:28:22+08:00 ] ::1 /meal/e718fc56651d9f1dcdcafb2f5e3a1d4bjpeg
ERR: 无法加载模块:E718fc56651d9f1dcdcafb2f5e3a1d4bjpeg

[ 2016-12-09T11:28:22+08:00 ] ::1 /meal/0e98a4e65a21ecb5fe0828188c25bd4cjpeg
ERR: 无法加载模块:0e98a4e65a21ecb5fe0828188c25bd4cjpeg

[ 2016-12-09T11:28:22+08:00 ] ::1 /meal/26da4deebaded3461a6ed14ece8caa13jpeg
ERR: 无法加载模块:26da4deebaded3461a6ed14ece8caa13jpeg

[ 2016-12-09T11:28:22+08:00 ] ::1 /meal/6187ab7890538444076aa8458334dbecjpeg
ERR: 无法加载模块:6187ab7890538444076aa8458334dbecjpeg

[ 2016-12-09T11:28:22+08:00 ] ::1 /meal/6bd70d2f6cb1e634fb6abf8a16fb0be0jpeg
ERR: 无法加载模块:6bd70d2f6cb1e634fb6abf8a16fb0be0jpeg

[ 2016-12-09T11:28:22+08:00 ] ::1 /meal/22d1f3664afd73247d9e0d88c2b84024jpeg
ERR: 无法加载模块:22d1f3664afd73247d9e0d88c2b84024jpeg

[ 2016-12-09T11:28:22+08:00 ] ::1 /meal/79832066cbfde0a69ff091eee9fdf353jpeg
ERR: 无法加载模块:79832066cbfde0a69ff091eee9fdf353jpeg

[ 2016-12-09T11:28:22+08:00 ] ::1 /meal/e946ea922d13f4157ae20e97a08c744cjpeg
ERR: 无法加载模块:E946ea922d13f4157ae20e97a08c744cjpeg

[ 2016-12-09T11:28:22+08:00 ] ::1 /meal/60935c4d47da09cf8620562d38b58661jpeg
ERR: 无法加载模块:60935c4d47da09cf8620562d38b58661jpeg

[ 2016-12-09T11:28:22+08:00 ] ::1 /meal/e1f6fa8932a52bab1f12f373c64c4c7ajpeg
ERR: 无法加载模块:E1f6fa8932a52bab1f12f373c64c4c7ajpeg

[ 2016-12-09T11:28:22+08:00 ] ::1 /meal/554e589f6a2f4ab52285827249e4ed77jpeg
ERR: 无法加载模块:554e589f6a2f4ab52285827249e4ed77jpeg

[ 2016-12-09T11:28:22+08:00 ] ::1 /meal/5b5bbf9dca5c9614edbc7043ab7407f6jpeg
ERR: 无法加载模块:5b5bbf9dca5c9614edbc7043ab7407f6jpeg

[ 2016-12-09T11:28:22+08:00 ] ::1 /meal/7234eb9ed3e67355b2808bebdf351f01jpeg
ERR: 无法加载模块:7234eb9ed3e67355b2808bebdf351f01jpeg

[ 2016-12-09T11:28:22+08:00 ] ::1 /meal/3647417145437be60691cc25c6157132jpeg
ERR: 无法加载模块:3647417145437be60691cc25c6157132jpeg

[ 2016-12-09T11:28:42+08:00 ] ::1 /meal/Public/admin/js/jquery.min.map
ERR: 无法加载模块:Public

[ 2016-12-09T11:29:14+08:00 ] ::1 /meal/Public/admin/js/jquery.min.map
ERR: 无法加载模块:Public

[ 2016-12-09T11:29:21+08:00 ] ::1 /meal/Public/admin/js/jquery.min.map
ERR: 无法加载模块:Public

[ 2016-12-09T11:29:48+08:00 ] ::1 /meal/Public/admin/js/jquery.min.map
ERR: 无法加载模块:Public

[ 2016-12-09T11:30:18+08:00 ] ::1 /meal/Public/admin/js/jquery.min.map
ERR: 无法加载模块:Public

[ 2016-12-09T11:30:48+08:00 ] ::1 /meal/Public/admin/js/jquery.min.map
ERR: 无法加载模块:Public

[ 2016-12-09T11:31:05+08:00 ] ::1 /meal/Public/admin/js/jquery.min.map
ERR: 无法加载模块:Public

[ 2016-12-09T11:31:34+08:00 ] ::1 /meal/Public/admin/js/jquery.min.map
ERR: 无法加载模块:Public

[ 2016-12-09T11:31:44+08:00 ] ::1 /meal/Public/admin/js/jquery.min.map
ERR: 无法加载模块:Public

[ 2016-12-09T11:32:00+08:00 ] ::1 /meal/Public/admin/js/jquery.min.map
ERR: 无法加载模块:Public

[ 2016-12-09T11:32:12+08:00 ] ::1 /meal/Public/admin/js/jquery.min.map
ERR: 无法加载模块:Public

[ 2016-12-09T11:32:27+08:00 ] ::1 /meal/Public/admin/js/jquery.min.map
ERR: 无法加载模块:Public

[ 2016-12-09T11:32:52+08:00 ] ::1 /meal/Public/admin/js/jquery.min.map
ERR: 无法加载模块:Public

[ 2016-12-09T11:32:59+08:00 ] ::1 /meal/Public/admin/js/jquery.min.map
ERR: 无法加载模块:Public

[ 2016-12-09T11:33:10+08:00 ] ::1 /meal/Public/admin/js/jquery.min.map
ERR: 无法加载模块:Public

[ 2016-12-09T11:33:29+08:00 ] ::1 /meal/Public/admin/js/jquery.min.map
ERR: 无法加载模块:Public

[ 2016-12-09T11:33:35+08:00 ] ::1 /meal/Public/admin/js/jquery.min.map
ERR: 无法加载模块:Public

[ 2016-12-09T11:34:36+08:00 ] ::1 /meal/Public/admin/js/jquery.min.map
ERR: 无法加载模块:Public

[ 2016-12-09T11:34:47+08:00 ] ::1 /meal/Public/admin/js/jquery.min.map
ERR: 无法加载模块:Public

[ 2016-12-09T11:35:04+08:00 ] ::1 /meal/Public/admin/js/jquery.min.map
ERR: 无法加载模块:Public

[ 2016-12-09T11:35:37+08:00 ] ::1 /meal/Public/admin/js/jquery.min.map
ERR: 无法加载模块:Public

[ 2016-12-09T11:35:45+08:00 ] ::1 /meal/Public/admin/js/jquery.min.map
ERR: 无法加载模块:Public

[ 2016-12-09T11:44:57+08:00 ] ::1 /meal/Public/admin/js/jquery.min.map
ERR: 无法加载模块:Public

[ 2016-12-09T11:45:36+08:00 ] ::1 /meal/Public/admin/js/jquery.min.map
ERR: 无法加载模块:Public

[ 2016-12-09T11:47:39+08:00 ] ::1 /meal/Public/admin/js/jquery.min.map
ERR: 无法加载模块:Public

[ 2016-12-09T11:47:45+08:00 ] ::1 /meal/Public/admin/js/jquery.min.map
ERR: 无法加载模块:Public

[ 2016-12-09T11:48:05+08:00 ] ::1 /meal/Public/admin/js/jquery.min.map
ERR: 无法加载模块:Public

[ 2016-12-09T11:48:07+08:00 ] ::1 /meal/Public/admin/js/jquery.min.map
ERR: 无法加载模块:Public

[ 2016-12-09T12:10:16+08:00 ] ::1 /meal/Public/admin/js/jquery.min.map
ERR: 无法加载模块:Public

[ 2016-12-09T12:10:52+08:00 ] ::1 /meal/Public/admin/js/jquery.min.map
ERR: 无法加载模块:Public

[ 2016-12-09T14:11:16+08:00 ] ::1 /meal/Public/admin/js/jquery.min.map
ERR: 无法加载模块:Public

[ 2016-12-09T14:12:14+08:00 ] ::1 /meal/Public/admin/js/jquery.min.map
ERR: 无法加载模块:Public

[ 2016-12-09T14:45:46+08:00 ] ::1 /meal/Public/admin/js/jquery.min.map
ERR: 无法加载模块:Public

[ 2016-12-09T14:47:18+08:00 ] ::1 /meal/Public/admin/js/jquery.min.map
ERR: 无法加载模块:Public

[ 2016-12-09T14:48:10+08:00 ] ::1 /meal/Public/admin/js/jquery.min.map
ERR: 无法加载模块:Public

[ 2016-12-09T14:49:15+08:00 ] ::1 /meal/Public/admin/js/jquery.min.map
ERR: 无法加载模块:Public

[ 2016-12-09T14:50:04+08:00 ] ::1 /meal/Public/admin/js/jquery.min.map
ERR: 无法加载模块:Public

[ 2016-12-09T15:54:45+08:00 ] ::1 /meal/Public/admin/js/jquery.min.map
ERR: 无法加载模块:Public

[ 2016-12-09T16:04:43+08:00 ] ::1 /meal/Public/admin/js/jquery.min.map
ERR: 无法加载模块:Public

[ 2016-12-09T16:18:58+08:00 ] ::1 /meal/Public/admin/js/jquery.min.map
ERR: 无法加载模块:Public

[ 2016-12-09T16:20:17+08:00 ] ::1 /meal/Public/admin/js/jquery.min.map
ERR: 无法加载模块:Public

[ 2016-12-09T16:20:21+08:00 ] ::1 /meal/Public/admin/js/jquery.min.map
ERR: 无法加载模块:Public

[ 2016-12-09T16:20:38+08:00 ] ::1 /meal/Public/admin/js/jquery.min.map
ERR: 无法加载模块:Public

[ 2016-12-09T16:45:08+08:00 ] ::1 /meal/Public/admin/js/jquery.min.map
ERR: 无法加载模块:Public

[ 2016-12-09T18:07:00+08:00 ] ::1 /meal/assets/i/favicon.png
ERR: 无法加载模块:Assets

[ 2016-12-09T19:28:35+08:00 ] ::1 /meal/Public/admin/js/jquery.min.map
ERR: 无法加载模块:Public

[ 2016-12-09T19:29:55+08:00 ] ::1 /meal/Public/admin/js/jquery.min.map
ERR: 无法加载模块:Public

[ 2016-12-09T19:32:22+08:00 ] ::1 /meal/Public/admin/js/jquery.min.map
ERR: 无法加载模块:Public

[ 2016-12-09T19:32:46+08:00 ] ::1 /meal/Public/admin/js/jquery.min.map
ERR: 无法加载模块:Public

[ 2016-12-09T19:33:31+08:00 ] ::1 /meal/Public/admin/js/jquery.min.map
ERR: 无法加载模块:Public

[ 2016-12-09T19:33:49+08:00 ] ::1 /meal/Public/admin/js/jquery.min.map
ERR: 无法加载模块:Public

[ 2016-12-09T19:33:59+08:00 ] ::1 /meal/Public/admin/js/jquery.min.map
ERR: 无法加载模块:Public

[ 2016-12-09T19:40:04+08:00 ] ::1 /meal/Public/admin/js/jquery.min.map
ERR: 无法加载模块:Public

[ 2016-12-09T19:40:23+08:00 ] ::1 /meal/Public/admin/js/jquery.min.map
ERR: 无法加载模块:Public

[ 2016-12-09T20:02:26+08:00 ] ::1 /meal/Public/admin/js/jquery.min.map
ERR: 无法加载模块:Public

[ 2016-12-09T20:03:07+08:00 ] ::1 /meal/Public/admin/js/jquery.min.map
ERR: 无法加载模块:Public

[ 2016-12-09T20:03:26+08:00 ] ::1 /meal/Public/admin/js/jquery.min.map
ERR: 无法加载模块:Public

